running develop
running egg_info
creating camera_package.egg-info
writing camera_package.egg-info/PKG-INFO
writing dependency_links to camera_package.egg-info/dependency_links.txt
writing entry points to camera_package.egg-info/entry_points.txt
writing requirements to camera_package.egg-info/requires.txt
writing top-level names to camera_package.egg-info/top_level.txt
writing manifest file 'camera_package.egg-info/SOURCES.txt'
reading manifest file 'camera_package.egg-info/SOURCES.txt'
writing manifest file 'camera_package.egg-info/SOURCES.txt'
running build_ext
Creating /home/is3l/dev_ws/install/camera_package/lib/python3.10/site-packages/camera-package.egg-link (link to .)
Installing camera_package_node script to /home/is3l/dev_ws/install/camera_package/lib/camera_package

Installed /home/is3l/dev_ws/build/camera_package
running symlink_data
creating /home/is3l/dev_ws/install/camera_package/share/ament_index
creating /home/is3l/dev_ws/install/camera_package/share/ament_index/resource_index
creating /home/is3l/dev_ws/install/camera_package/share/ament_index/resource_index/packages
symbolically linking /home/is3l/dev_ws/build/camera_package/resource/camera_package -> /home/is3l/dev_ws/install/camera_package/share/ament_index/resource_index/packages
symbolically linking /home/is3l/dev_ws/build/camera_package/package.xml -> /home/is3l/dev_ws/install/camera_package/share/camera_package
