[1.522s] Invoking command in '/home/is3l/dev_ws/build/camera_package': PYTHONPATH=/home/is3l/dev_ws/build/camera_package/prefix_override:/usr/lib/python3/dist-packages/colcon_core/task/python/colcon_distutils_commands:/home/is3l/dev_ws/install/camera_package/lib/python3.10/site-packages:${PYTHONPATH} /usr/bin/python3 -W ignore:setup.py install is deprecated -W ignore:easy_install command is deprecated setup.py develop --editable --build-directory /home/is3l/dev_ws/build/camera_package/build --no-deps symlink_data
[1.965s] running develop
[2.157s] running egg_info
[2.157s] creating camera_package.egg-info
[2.157s] writing camera_package.egg-info/PKG-INFO
[2.158s] writing dependency_links to camera_package.egg-info/dependency_links.txt
[2.158s] writing entry points to camera_package.egg-info/entry_points.txt
[2.158s] writing requirements to camera_package.egg-info/requires.txt
[2.158s] writing top-level names to camera_package.egg-info/top_level.txt
[2.158s] writing manifest file 'camera_package.egg-info/SOURCES.txt'
[2.161s] reading manifest file 'camera_package.egg-info/SOURCES.txt'
[2.162s] writing manifest file 'camera_package.egg-info/SOURCES.txt'
[2.164s] running build_ext
[2.164s] Creating /home/is3l/dev_ws/install/camera_package/lib/python3.10/site-packages/camera-package.egg-link (link to .)
[2.165s] Installing camera_package_node script to /home/is3l/dev_ws/install/camera_package/lib/camera_package
[2.165s] 
[2.165s] Installed /home/is3l/dev_ws/build/camera_package
[2.165s] running symlink_data
[2.165s] creating /home/is3l/dev_ws/install/camera_package/share/ament_index
[2.165s] creating /home/is3l/dev_ws/install/camera_package/share/ament_index/resource_index
[2.165s] creating /home/is3l/dev_ws/install/camera_package/share/ament_index/resource_index/packages
[2.166s] symbolically linking /home/is3l/dev_ws/build/camera_package/resource/camera_package -> /home/is3l/dev_ws/install/camera_package/share/ament_index/resource_index/packages
[2.166s] symbolically linking /home/is3l/dev_ws/build/camera_package/package.xml -> /home/is3l/dev_ws/install/camera_package/share/camera_package
[2.230s] Invoked command in '/home/is3l/dev_ws/build/camera_package' returned '0': PYTHONPATH=/home/is3l/dev_ws/build/camera_package/prefix_override:/usr/lib/python3/dist-packages/colcon_core/task/python/colcon_distutils_commands:/home/is3l/dev_ws/install/camera_package/lib/python3.10/site-packages:${PYTHONPATH} /usr/bin/python3 -W ignore:setup.py install is deprecated -W ignore:easy_install command is deprecated setup.py develop --editable --build-directory /home/is3l/dev_ws/build/camera_package/build --no-deps symlink_data
