[0.018s] Invoking command in '/home/is3l/dev_ws/build/xarm_gazebo': AMENT_PREFIX_PATH=/home/is3l/dev_ws/install/uf_ros_lib:/home/is3l/dev_ws/install/xarm_planner:/home/is3l/dev_ws/install/xarm_moveit_servo:/home/is3l/dev_ws/install/xarm_moveit_config:/home/is3l/dev_ws/install/xarm_gazebo:/home/is3l/dev_ws/install/xarm_controller:/home/is3l/dev_ws/install/d435i_xarm_setup:/home/is3l/dev_ws/install/xarm_api:/home/is3l/dev_ws/install/xarm_sdk:/home/is3l/dev_ws/install/xarm_msgs:/home/is3l/dev_ws/install/xarm_description:/home/is3l/dev_ws/install/test2:/home/is3l/dev_ws/install/realsense_gazebo_plugin:/home/is3l/dev_ws/install/motion_package:/home/is3l/dev_ws/install/mbot_demo:/home/is3l/dev_ws/install/img_package:/home/is3l/dev_ws/install/game_package:/home/is3l/dev_ws/install/camera_package:/opt/ros/humble CMAKE_PREFIX_PATH=/home/is3l/dev_ws/install/xarm_controller:/home/is3l/dev_ws/install/xarm_api:/home/is3l/dev_ws/install/xarm_sdk:/home/is3l/dev_ws/install/xarm_msgs:/home/is3l/dev_ws/install/xarm_description:/home/is3l/dev_ws/install/xarm_planner:/home/is3l/dev_ws/install/xarm_moveit_servo:/home/is3l/dev_ws/install/xarm_moveit_config:/home/is3l/dev_ws/install/xarm_gazebo:/home/is3l/dev_ws/install/d435i_xarm_setup:/home/is3l/dev_ws/install/realsense_gazebo_plugin:/home/is3l/dev_ws/install/mbot_demo:/home/is3l/dev_ws/install/uf_ros_lib:/home/is3l/dev_ws/install/test2:/home/is3l/dev_ws/install/motion_package:/home/is3l/dev_ws/install/img_package:/home/is3l/dev_ws/install/game_package:/home/is3l/dev_ws/install/camera_package:/opt/ros/humble LD_LIBRARY_PATH=/home/is3l/dev_ws/install/xarm_controller/lib:/home/is3l/dev_ws/install/xarm_api/lib:/home/is3l/dev_ws/install/xarm_sdk/lib:/home/is3l/dev_ws/install/xarm_msgs/lib:/home/is3l/dev_ws/install/xarm_planner/lib:/home/is3l/dev_ws/install/xarm_moveit_servo/lib:/home/is3l/dev_ws/install/xarm_gazebo/lib:/home/is3l/dev_ws/install/realsense_gazebo_plugin/lib:/usr/lib/x86_64-linux-gnu/gazebo-11/plugins:/opt/ros/humble/opt/rviz_ogre_vendor/lib:/opt/ros/humble/lib/x86_64-linux-gnu:/opt/ros/humble/lib PYTHONPATH=/home/is3l/dev_ws/build/uf_ros_lib:/home/is3l/dev_ws/install/uf_ros_lib/lib/python3.10/site-packages:/home/is3l/dev_ws/install/xarm_msgs/local/lib/python3.10/dist-packages:/home/is3l/dev_ws/build/test2:/home/is3l/dev_ws/install/test2/lib/python3.10/site-packages:/home/is3l/dev_ws/build/motion_package:/home/is3l/dev_ws/install/motion_package/lib/python3.10/site-packages:/home/is3l/dev_ws/build/img_package:/home/is3l/dev_ws/install/img_package/lib/python3.10/site-packages:/home/is3l/dev_ws/build/game_package:/home/is3l/dev_ws/install/game_package/lib/python3.10/site-packages:/home/is3l/dev_ws/build/camera_package:/home/is3l/dev_ws/install/camera_package/lib/python3.10/site-packages:/opt/ros/humble/lib/python3.10/site-packages:/opt/ros/humble/local/lib/python3.10/dist-packages /usr/bin/cmake /home/is3l/dev_ws/src/xarm_ros2/xarm_gazebo -DAMENT_CMAKE_SYMLINK_INSTALL=1 -DCMAKE_INSTALL_PREFIX=/home/is3l/dev_ws/install/xarm_gazebo
[0.063s] -- The C compiler identification is GNU 11.4.0
[0.099s] -- The CXX compiler identification is GNU 11.4.0
[0.104s] -- Detecting C compiler ABI info
[0.155s] -- Detecting C compiler ABI info - done
[0.160s] -- Check for working C compiler: /usr/bin/cc - skipped
[0.160s] -- Detecting C compile features
[0.160s] -- Detecting C compile features - done
[0.162s] -- Detecting CXX compiler ABI info
[0.220s] -- Detecting CXX compiler ABI info - done
[0.227s] -- Check for working CXX compiler: /usr/bin/c++ - skipped
[0.227s] -- Detecting CXX compile features
[0.227s] -- Detecting CXX compile features - done
[0.230s] -- Found ament_cmake: 1.3.14 (/opt/ros/humble/share/ament_cmake/cmake)
[0.341s] -- Found Python3: /usr/bin/python3 (found version "3.10.12") found components: Interpreter 
[0.384s] -- Override CMake install command with custom implementation using symlinks instead of copying resources
[0.409s] -- Found rclcpp: 16.0.19 (/opt/ros/humble/share/rclcpp/cmake)
[0.437s] -- Found rosidl_generator_c: 3.1.8 (/opt/ros/humble/share/rosidl_generator_c/cmake)
[0.440s] -- Found rosidl_adapter: 3.1.8 (/opt/ros/humble/share/rosidl_adapter/cmake)
[0.446s] -- Found rosidl_generator_cpp: 3.1.8 (/opt/ros/humble/share/rosidl_generator_cpp/cmake)
[0.454s] -- Using all available rosidl_typesupport_c: rosidl_typesupport_fastrtps_c;rosidl_typesupport_introspection_c
[0.464s] -- Using all available rosidl_typesupport_cpp: rosidl_typesupport_fastrtps_cpp;rosidl_typesupport_introspection_cpp
[0.493s] -- Found rmw_implementation_cmake: 6.1.2 (/opt/ros/humble/share/rmw_implementation_cmake/cmake)
[0.495s] -- Found rmw_fastrtps_cpp: 6.2.10 (/opt/ros/humble/share/rmw_fastrtps_cpp/cmake)
[0.572s] -- Found OpenSSL: /usr/lib/x86_64-linux-gnu/libcrypto.so (found version "3.0.2")  
[0.600s] -- Found FastRTPS: /opt/ros/humble/include  
[0.635s] -- Using RMW implementation 'rmw_fastrtps_cpp' as default
[0.643s] -- Looking for pthread.h
[0.700s] -- Looking for pthread.h - found
[0.701s] -- Performing Test CMAKE_HAVE_LIBC_PTHREAD
[0.755s] -- Performing Test CMAKE_HAVE_LIBC_PTHREAD - Success
[0.756s] -- Found Threads: TRUE  
[0.790s] -- Found control_toolbox: 3.6.3 (/opt/ros/humble/share/control_toolbox/cmake)
[0.922s] -- Found controller_manager: 2.53.1 (/opt/ros/humble/share/controller_manager/cmake)
[0.942s] -- Found gazebo_ros: 3.9.0 (/opt/ros/humble/share/gazebo_ros/cmake)
[0.950s] -- Found PkgConfig: /usr/bin/pkg-config (found version "0.29.2") 
[0.952s] -- Checking for module 'bullet>=2.82'
[0.967s] --   Found bullet, version 3.05
[1.063s] -- Found fcl: /usr/include (found suitable version "0.7.0", minimum required is "0.5.0") 
[1.109s] -- Found assimp: /usr/include (found version "5.2.0") 
[1.119s] -- Found DART: /usr/include (Required is at least version "6.6") found components: dart 
[1.144s] -- Found Boost: /usr/lib/x86_64-linux-gnu/cmake/Boost-1.74.0/BoostConfig.cmake (found suitable version "1.74.0", minimum required is "1.40.0") found components: thread system filesystem program_options regex iostreams date_time 
[1.155s] -- Found Protobuf: /usr/lib/x86_64-linux-gnu/libprotobuf.so (found version "3.12.4") 
[1.160s] -- Looking for ignition-math6 -- found version 6.15.1
[1.163s] -- Searching for dependencies of ignition-math6
[1.164s] -- Looking for OGRE...
[1.164s] -- OGRE_PREFIX_WATCH changed.
[1.168s] -- Checking for module 'OGRE'
[1.183s] --   Found OGRE, version 1.9.0
[1.218s] -- Found Ogre Ghadamon (1.9.0)
[1.224s] -- Found OGRE: optimized;/usr/lib/x86_64-linux-gnu/libOgreMain.so;debug;/usr/lib/x86_64-linux-gnu/libOgreMain.so
[1.230s] -- Looking for OGRE_Paging...
[1.235s] -- Found OGRE_Paging: optimized;/usr/lib/x86_64-linux-gnu/libOgrePaging.so;debug;/usr/lib/x86_64-linux-gnu/libOgrePaging.so
[1.235s] -- Looking for OGRE_Terrain...
[1.239s] -- Found OGRE_Terrain: optimized;/usr/lib/x86_64-linux-gnu/libOgreTerrain.so;debug;/usr/lib/x86_64-linux-gnu/libOgreTerrain.so
[1.239s] -- Looking for OGRE_Property...
[1.242s] -- Found OGRE_Property: optimized;/usr/lib/x86_64-linux-gnu/libOgreProperty.so;debug;/usr/lib/x86_64-linux-gnu/libOgreProperty.so
[1.242s] -- Looking for OGRE_RTShaderSystem...
[1.245s] -- Found OGRE_RTShaderSystem: optimized;/usr/lib/x86_64-linux-gnu/libOgreRTShaderSystem.so;debug;/usr/lib/x86_64-linux-gnu/libOgreRTShaderSystem.so
[1.245s] -- Looking for OGRE_Volume...
[1.248s] -- Found OGRE_Volume: optimized;/usr/lib/x86_64-linux-gnu/libOgreVolume.so;debug;/usr/lib/x86_64-linux-gnu/libOgreVolume.so
[1.248s] -- Looking for OGRE_Overlay...
[1.251s] -- Found OGRE_Overlay: optimized;/usr/lib/x86_64-linux-gnu/libOgreOverlay.so;debug;/usr/lib/x86_64-linux-gnu/libOgreOverlay.so
[1.325s] -- Looking for ignition-math6 -- found version 6.15.1
[1.326s] -- Looking for ignition-transport8 -- found version 8.2.1
[1.327s] -- Searching for dependencies of ignition-transport8
[1.338s] -- Found Protobuf: /usr/lib/x86_64-linux-gnu/libprotobuf.so (found suitable version "3.12.4", minimum required is "3") 
[1.346s] -- Config-file not installed for ZeroMQ -- checking for pkg-config
[1.352s] -- Checking for module 'libzmq >= 4'
[1.368s] --   Found libzmq , version 4.3.4
[1.407s] -- Found ZeroMQ: TRUE (Required is at least version "4") 
[1.413s] -- Checking for module 'uuid'
[1.425s] --   Found uuid, version 2.37.2
[1.455s] -- Found UUID: TRUE  
[1.458s] -- Looking for ignition-msgs5 -- found version 5.8.1
[1.458s] -- Searching for dependencies of ignition-msgs5
[1.472s] -- Looking for ignition-math6 -- found version 6.15.1
[1.476s] -- Checking for module 'tinyxml2'
[1.488s] --   Found tinyxml2, version 9.0.0
[1.519s] -- Looking for ignition-msgs5 -- found version 5.8.1
[1.521s] -- Looking for ignition-common3 -- found version 3.14.0
[1.521s] -- Searching for dependencies of ignition-common3
[1.521s] -- Looking for dlfcn.h - found
[1.522s] -- Looking for libdl - found
[1.522s] -- Found DL: TRUE  
[1.534s] -- Found tinyobjloader: /usr/lib/x86_64-linux-gnu/cmake/tinyobjloader/tinyobjloader-config.cmake (found version "2.0.0") 
[1.534s] -- Searching for <ignition-common3> component [graphics]
[1.535s] -- Looking for ignition-common3-graphics -- found version 3.14.0
[1.535s] -- Searching for dependencies of ignition-common3-graphics
[1.536s] -- Looking for ignition-math6 -- found version 6.15.1
[1.537s] -- Looking for ignition-fuel_tools4 -- found version 4.4.0
[1.538s] -- Searching for dependencies of ignition-fuel_tools4
[1.612s] -- Found CURL: /usr/lib/x86_64-linux-gnu/libcurl.so (found version "7.81.0")  
[1.618s] -- Checking for module 'jsoncpp'
[1.630s] --   Found jsoncpp, version 1.9.5
[1.661s] -- Found JSONCPP: TRUE  
[1.666s] -- Checking for module 'libzip'
[1.678s] --   Found libzip, version 1.7.3
[1.713s] -- Found ZIP: TRUE  
[1.714s] -- Looking for ignition-common3 -- found version 3.14.0
[1.714s] -- Looking for ignition-math6 -- found version 6.15.1
[1.714s] -- Looking for ignition-msgs5 -- found version 5.8.1
[1.716s] -- Gazebo version: 11.10
[1.717s] -- Checking for module 'tbb'
[1.729s] --   Found tbb, version 2021.5.0
[1.762s] -- Found ament_lint_auto: 0.12.15 (/opt/ros/humble/share/ament_lint_auto/cmake)
[1.825s] -- Added test 'copyright' to check source files copyright and LICENSE
[1.826s] -- Added test 'cppcheck' to perform static code analysis on C / C++ code
[1.826s] -- Configured cppcheck include dirs: /home/is3l/dev_ws/src/xarm_ros2/xarm_gazebo/include
[1.826s] -- Configured cppcheck exclude dirs and/or files: 
[1.827s] -- Added test 'cpplint' to check C / C++ code against the Google style
[1.827s] -- Configured cpplint exclude dirs and/or files: 
[1.827s] -- Added test 'flake8' to check Python code syntax and style conventions
[1.828s] -- Added test 'lint_cmake' to check CMake code style
[1.828s] -- Added test 'pep257' to check Python code against some of the docstring style conventions in PEP 257
[1.829s] -- Added test 'uncrustify' to check C / C++ code style
[1.829s] -- Configured uncrustify additional arguments: 
[1.829s] -- Added test 'xmllint' to check XML markup files
[1.830s] -- Configuring done
[1.843s] -- Generating done
[1.846s] -- Build files have been written to: /home/is3l/dev_ws/build/xarm_gazebo
[1.855s] Invoked command in '/home/is3l/dev_ws/build/xarm_gazebo' returned '0': AMENT_PREFIX_PATH=/home/is3l/dev_ws/install/uf_ros_lib:/home/is3l/dev_ws/install/xarm_planner:/home/is3l/dev_ws/install/xarm_moveit_servo:/home/is3l/dev_ws/install/xarm_moveit_config:/home/is3l/dev_ws/install/xarm_gazebo:/home/is3l/dev_ws/install/xarm_controller:/home/is3l/dev_ws/install/d435i_xarm_setup:/home/is3l/dev_ws/install/xarm_api:/home/is3l/dev_ws/install/xarm_sdk:/home/is3l/dev_ws/install/xarm_msgs:/home/is3l/dev_ws/install/xarm_description:/home/is3l/dev_ws/install/test2:/home/is3l/dev_ws/install/realsense_gazebo_plugin:/home/is3l/dev_ws/install/motion_package:/home/is3l/dev_ws/install/mbot_demo:/home/is3l/dev_ws/install/img_package:/home/is3l/dev_ws/install/game_package:/home/is3l/dev_ws/install/camera_package:/opt/ros/humble CMAKE_PREFIX_PATH=/home/is3l/dev_ws/install/xarm_controller:/home/is3l/dev_ws/install/xarm_api:/home/is3l/dev_ws/install/xarm_sdk:/home/is3l/dev_ws/install/xarm_msgs:/home/is3l/dev_ws/install/xarm_description:/home/is3l/dev_ws/install/xarm_planner:/home/is3l/dev_ws/install/xarm_moveit_servo:/home/is3l/dev_ws/install/xarm_moveit_config:/home/is3l/dev_ws/install/xarm_gazebo:/home/is3l/dev_ws/install/d435i_xarm_setup:/home/is3l/dev_ws/install/realsense_gazebo_plugin:/home/is3l/dev_ws/install/mbot_demo:/home/is3l/dev_ws/install/uf_ros_lib:/home/is3l/dev_ws/install/test2:/home/is3l/dev_ws/install/motion_package:/home/is3l/dev_ws/install/img_package:/home/is3l/dev_ws/install/game_package:/home/is3l/dev_ws/install/camera_package:/opt/ros/humble LD_LIBRARY_PATH=/home/is3l/dev_ws/install/xarm_controller/lib:/home/is3l/dev_ws/install/xarm_api/lib:/home/is3l/dev_ws/install/xarm_sdk/lib:/home/is3l/dev_ws/install/xarm_msgs/lib:/home/is3l/dev_ws/install/xarm_planner/lib:/home/is3l/dev_ws/install/xarm_moveit_servo/lib:/home/is3l/dev_ws/install/xarm_gazebo/lib:/home/is3l/dev_ws/install/realsense_gazebo_plugin/lib:/usr/lib/x86_64-linux-gnu/gazebo-11/plugins:/opt/ros/humble/opt/rviz_ogre_vendor/lib:/opt/ros/humble/lib/x86_64-linux-gnu:/opt/ros/humble/lib PYTHONPATH=/home/is3l/dev_ws/build/uf_ros_lib:/home/is3l/dev_ws/install/uf_ros_lib/lib/python3.10/site-packages:/home/is3l/dev_ws/install/xarm_msgs/local/lib/python3.10/dist-packages:/home/is3l/dev_ws/build/test2:/home/is3l/dev_ws/install/test2/lib/python3.10/site-packages:/home/is3l/dev_ws/build/motion_package:/home/is3l/dev_ws/install/motion_package/lib/python3.10/site-packages:/home/is3l/dev_ws/build/img_package:/home/is3l/dev_ws/install/img_package/lib/python3.10/site-packages:/home/is3l/dev_ws/build/game_package:/home/is3l/dev_ws/install/game_package/lib/python3.10/site-packages:/home/is3l/dev_ws/build/camera_package:/home/is3l/dev_ws/install/camera_package/lib/python3.10/site-packages:/opt/ros/humble/lib/python3.10/site-packages:/opt/ros/humble/local/lib/python3.10/dist-packages /usr/bin/cmake /home/is3l/dev_ws/src/xarm_ros2/xarm_gazebo -DAMENT_CMAKE_SYMLINK_INSTALL=1 -DCMAKE_INSTALL_PREFIX=/home/is3l/dev_ws/install/xarm_gazebo
[1.857s] Invoking command in '/home/is3l/dev_ws/build/xarm_gazebo': AMENT_PREFIX_PATH=/home/is3l/dev_ws/install/uf_ros_lib:/home/is3l/dev_ws/install/xarm_planner:/home/is3l/dev_ws/install/xarm_moveit_servo:/home/is3l/dev_ws/install/xarm_moveit_config:/home/is3l/dev_ws/install/xarm_gazebo:/home/is3l/dev_ws/install/xarm_controller:/home/is3l/dev_ws/install/d435i_xarm_setup:/home/is3l/dev_ws/install/xarm_api:/home/is3l/dev_ws/install/xarm_sdk:/home/is3l/dev_ws/install/xarm_msgs:/home/is3l/dev_ws/install/xarm_description:/home/is3l/dev_ws/install/test2:/home/is3l/dev_ws/install/realsense_gazebo_plugin:/home/is3l/dev_ws/install/motion_package:/home/is3l/dev_ws/install/mbot_demo:/home/is3l/dev_ws/install/img_package:/home/is3l/dev_ws/install/game_package:/home/is3l/dev_ws/install/camera_package:/opt/ros/humble CMAKE_PREFIX_PATH=/home/is3l/dev_ws/install/xarm_controller:/home/is3l/dev_ws/install/xarm_api:/home/is3l/dev_ws/install/xarm_sdk:/home/is3l/dev_ws/install/xarm_msgs:/home/is3l/dev_ws/install/xarm_description:/home/is3l/dev_ws/install/xarm_planner:/home/is3l/dev_ws/install/xarm_moveit_servo:/home/is3l/dev_ws/install/xarm_moveit_config:/home/is3l/dev_ws/install/xarm_gazebo:/home/is3l/dev_ws/install/d435i_xarm_setup:/home/is3l/dev_ws/install/realsense_gazebo_plugin:/home/is3l/dev_ws/install/mbot_demo:/home/is3l/dev_ws/install/uf_ros_lib:/home/is3l/dev_ws/install/test2:/home/is3l/dev_ws/install/motion_package:/home/is3l/dev_ws/install/img_package:/home/is3l/dev_ws/install/game_package:/home/is3l/dev_ws/install/camera_package:/opt/ros/humble LD_LIBRARY_PATH=/home/is3l/dev_ws/install/xarm_controller/lib:/home/is3l/dev_ws/install/xarm_api/lib:/home/is3l/dev_ws/install/xarm_sdk/lib:/home/is3l/dev_ws/install/xarm_msgs/lib:/home/is3l/dev_ws/install/xarm_planner/lib:/home/is3l/dev_ws/install/xarm_moveit_servo/lib:/home/is3l/dev_ws/install/xarm_gazebo/lib:/home/is3l/dev_ws/install/realsense_gazebo_plugin/lib:/usr/lib/x86_64-linux-gnu/gazebo-11/plugins:/opt/ros/humble/opt/rviz_ogre_vendor/lib:/opt/ros/humble/lib/x86_64-linux-gnu:/opt/ros/humble/lib PYTHONPATH=/home/is3l/dev_ws/build/uf_ros_lib:/home/is3l/dev_ws/install/uf_ros_lib/lib/python3.10/site-packages:/home/is3l/dev_ws/install/xarm_msgs/local/lib/python3.10/dist-packages:/home/is3l/dev_ws/build/test2:/home/is3l/dev_ws/install/test2/lib/python3.10/site-packages:/home/is3l/dev_ws/build/motion_package:/home/is3l/dev_ws/install/motion_package/lib/python3.10/site-packages:/home/is3l/dev_ws/build/img_package:/home/is3l/dev_ws/install/img_package/lib/python3.10/site-packages:/home/is3l/dev_ws/build/game_package:/home/is3l/dev_ws/install/game_package/lib/python3.10/site-packages:/home/is3l/dev_ws/build/camera_package:/home/is3l/dev_ws/install/camera_package/lib/python3.10/site-packages:/opt/ros/humble/lib/python3.10/site-packages:/opt/ros/humble/local/lib/python3.10/dist-packages /usr/bin/cmake --build /home/is3l/dev_ws/build/xarm_gazebo -- -j22 -l22
[1.900s] [ 50%] [32mBuilding CXX object CMakeFiles/gazebo_mimic_joint_plugin.dir/src/mimic_joint_plugin.cpp.o[0m
[8.916s] [100%] [32m[1mLinking CXX shared library libgazebo_mimic_joint_plugin.so[0m
[9.208s] [100%] Built target gazebo_mimic_joint_plugin
[9.217s] Invoked command in '/home/is3l/dev_ws/build/xarm_gazebo' returned '0': AMENT_PREFIX_PATH=/home/is3l/dev_ws/install/uf_ros_lib:/home/is3l/dev_ws/install/xarm_planner:/home/is3l/dev_ws/install/xarm_moveit_servo:/home/is3l/dev_ws/install/xarm_moveit_config:/home/is3l/dev_ws/install/xarm_gazebo:/home/is3l/dev_ws/install/xarm_controller:/home/is3l/dev_ws/install/d435i_xarm_setup:/home/is3l/dev_ws/install/xarm_api:/home/is3l/dev_ws/install/xarm_sdk:/home/is3l/dev_ws/install/xarm_msgs:/home/is3l/dev_ws/install/xarm_description:/home/is3l/dev_ws/install/test2:/home/is3l/dev_ws/install/realsense_gazebo_plugin:/home/is3l/dev_ws/install/motion_package:/home/is3l/dev_ws/install/mbot_demo:/home/is3l/dev_ws/install/img_package:/home/is3l/dev_ws/install/game_package:/home/is3l/dev_ws/install/camera_package:/opt/ros/humble CMAKE_PREFIX_PATH=/home/is3l/dev_ws/install/xarm_controller:/home/is3l/dev_ws/install/xarm_api:/home/is3l/dev_ws/install/xarm_sdk:/home/is3l/dev_ws/install/xarm_msgs:/home/is3l/dev_ws/install/xarm_description:/home/is3l/dev_ws/install/xarm_planner:/home/is3l/dev_ws/install/xarm_moveit_servo:/home/is3l/dev_ws/install/xarm_moveit_config:/home/is3l/dev_ws/install/xarm_gazebo:/home/is3l/dev_ws/install/d435i_xarm_setup:/home/is3l/dev_ws/install/realsense_gazebo_plugin:/home/is3l/dev_ws/install/mbot_demo:/home/is3l/dev_ws/install/uf_ros_lib:/home/is3l/dev_ws/install/test2:/home/is3l/dev_ws/install/motion_package:/home/is3l/dev_ws/install/img_package:/home/is3l/dev_ws/install/game_package:/home/is3l/dev_ws/install/camera_package:/opt/ros/humble LD_LIBRARY_PATH=/home/is3l/dev_ws/install/xarm_controller/lib:/home/is3l/dev_ws/install/xarm_api/lib:/home/is3l/dev_ws/install/xarm_sdk/lib:/home/is3l/dev_ws/install/xarm_msgs/lib:/home/is3l/dev_ws/install/xarm_planner/lib:/home/is3l/dev_ws/install/xarm_moveit_servo/lib:/home/is3l/dev_ws/install/xarm_gazebo/lib:/home/is3l/dev_ws/install/realsense_gazebo_plugin/lib:/usr/lib/x86_64-linux-gnu/gazebo-11/plugins:/opt/ros/humble/opt/rviz_ogre_vendor/lib:/opt/ros/humble/lib/x86_64-linux-gnu:/opt/ros/humble/lib PYTHONPATH=/home/is3l/dev_ws/build/uf_ros_lib:/home/is3l/dev_ws/install/uf_ros_lib/lib/python3.10/site-packages:/home/is3l/dev_ws/install/xarm_msgs/local/lib/python3.10/dist-packages:/home/is3l/dev_ws/build/test2:/home/is3l/dev_ws/install/test2/lib/python3.10/site-packages:/home/is3l/dev_ws/build/motion_package:/home/is3l/dev_ws/install/motion_package/lib/python3.10/site-packages:/home/is3l/dev_ws/build/img_package:/home/is3l/dev_ws/install/img_package/lib/python3.10/site-packages:/home/is3l/dev_ws/build/game_package:/home/is3l/dev_ws/install/game_package/lib/python3.10/site-packages:/home/is3l/dev_ws/build/camera_package:/home/is3l/dev_ws/install/camera_package/lib/python3.10/site-packages:/opt/ros/humble/lib/python3.10/site-packages:/opt/ros/humble/local/lib/python3.10/dist-packages /usr/bin/cmake --build /home/is3l/dev_ws/build/xarm_gazebo -- -j22 -l22
[9.219s] Invoking command in '/home/is3l/dev_ws/build/xarm_gazebo': AMENT_PREFIX_PATH=/home/is3l/dev_ws/install/uf_ros_lib:/home/is3l/dev_ws/install/xarm_planner:/home/is3l/dev_ws/install/xarm_moveit_servo:/home/is3l/dev_ws/install/xarm_moveit_config:/home/is3l/dev_ws/install/xarm_gazebo:/home/is3l/dev_ws/install/xarm_controller:/home/is3l/dev_ws/install/d435i_xarm_setup:/home/is3l/dev_ws/install/xarm_api:/home/is3l/dev_ws/install/xarm_sdk:/home/is3l/dev_ws/install/xarm_msgs:/home/is3l/dev_ws/install/xarm_description:/home/is3l/dev_ws/install/test2:/home/is3l/dev_ws/install/realsense_gazebo_plugin:/home/is3l/dev_ws/install/motion_package:/home/is3l/dev_ws/install/mbot_demo:/home/is3l/dev_ws/install/img_package:/home/is3l/dev_ws/install/game_package:/home/is3l/dev_ws/install/camera_package:/opt/ros/humble CMAKE_PREFIX_PATH=/home/is3l/dev_ws/install/xarm_controller:/home/is3l/dev_ws/install/xarm_api:/home/is3l/dev_ws/install/xarm_sdk:/home/is3l/dev_ws/install/xarm_msgs:/home/is3l/dev_ws/install/xarm_description:/home/is3l/dev_ws/install/xarm_planner:/home/is3l/dev_ws/install/xarm_moveit_servo:/home/is3l/dev_ws/install/xarm_moveit_config:/home/is3l/dev_ws/install/xarm_gazebo:/home/is3l/dev_ws/install/d435i_xarm_setup:/home/is3l/dev_ws/install/realsense_gazebo_plugin:/home/is3l/dev_ws/install/mbot_demo:/home/is3l/dev_ws/install/uf_ros_lib:/home/is3l/dev_ws/install/test2:/home/is3l/dev_ws/install/motion_package:/home/is3l/dev_ws/install/img_package:/home/is3l/dev_ws/install/game_package:/home/is3l/dev_ws/install/camera_package:/opt/ros/humble LD_LIBRARY_PATH=/home/is3l/dev_ws/install/xarm_controller/lib:/home/is3l/dev_ws/install/xarm_api/lib:/home/is3l/dev_ws/install/xarm_sdk/lib:/home/is3l/dev_ws/install/xarm_msgs/lib:/home/is3l/dev_ws/install/xarm_planner/lib:/home/is3l/dev_ws/install/xarm_moveit_servo/lib:/home/is3l/dev_ws/install/xarm_gazebo/lib:/home/is3l/dev_ws/install/realsense_gazebo_plugin/lib:/usr/lib/x86_64-linux-gnu/gazebo-11/plugins:/opt/ros/humble/opt/rviz_ogre_vendor/lib:/opt/ros/humble/lib/x86_64-linux-gnu:/opt/ros/humble/lib PYTHONPATH=/home/is3l/dev_ws/build/uf_ros_lib:/home/is3l/dev_ws/install/uf_ros_lib/lib/python3.10/site-packages:/home/is3l/dev_ws/install/xarm_msgs/local/lib/python3.10/dist-packages:/home/is3l/dev_ws/build/test2:/home/is3l/dev_ws/install/test2/lib/python3.10/site-packages:/home/is3l/dev_ws/build/motion_package:/home/is3l/dev_ws/install/motion_package/lib/python3.10/site-packages:/home/is3l/dev_ws/build/img_package:/home/is3l/dev_ws/install/img_package/lib/python3.10/site-packages:/home/is3l/dev_ws/build/game_package:/home/is3l/dev_ws/install/game_package/lib/python3.10/site-packages:/home/is3l/dev_ws/build/camera_package:/home/is3l/dev_ws/install/camera_package/lib/python3.10/site-packages:/opt/ros/humble/lib/python3.10/site-packages:/opt/ros/humble/local/lib/python3.10/dist-packages /usr/bin/cmake --install /home/is3l/dev_ws/build/xarm_gazebo
[9.226s] -- Install configuration: ""
[9.227s] -- Execute custom install script
[9.227s] -- Symlinking: /home/is3l/dev_ws/install/xarm_gazebo/include/xarm_gazebo/mimic_joint_plugin.h
[9.235s] -- Symlinking: /home/is3l/dev_ws/install/xarm_gazebo/lib/libgazebo_mimic_joint_plugin.so
[9.241s] -- Symlinking: /home/is3l/dev_ws/install/xarm_gazebo/share/xarm_gazebo//worlds/table.world
[9.248s] -- Symlinking: /home/is3l/dev_ws/install/xarm_gazebo/share/xarm_gazebo//worlds/table_gz.world
[9.253s] -- Symlinking: /home/is3l/dev_ws/install/xarm_gazebo/share/xarm_gazebo//launch/_dual_robot_beside_table_gazebo.launch.py
[9.259s] -- Symlinking: /home/is3l/dev_ws/install/xarm_gazebo/share/xarm_gazebo//launch/_robot_beside_table_gazebo.launch.py
[9.263s] -- Symlinking: /home/is3l/dev_ws/install/xarm_gazebo/share/xarm_gazebo//launch/lite6_beside_table_gazebo.launch.py
[9.270s] -- Symlinking: /home/is3l/dev_ws/install/xarm_gazebo/share/xarm_gazebo//launch/uf850_beside_table_gazebo.launch.py
[9.275s] -- Symlinking: /home/is3l/dev_ws/install/xarm_gazebo/share/xarm_gazebo//launch/xarm5_beside_table_gazebo.launch.py
[9.282s] -- Symlinking: /home/is3l/dev_ws/install/xarm_gazebo/share/xarm_gazebo//launch/xarm6_beside_table_gazebo.launch.py
[9.288s] -- Symlinking: /home/is3l/dev_ws/install/xarm_gazebo/share/xarm_gazebo//launch/xarm7_beside_table_gazebo.launch.py
[9.294s] -- Symlinking: /home/is3l/dev_ws/install/xarm_gazebo/share/xarm_gazebo//launch/xarm7_mirror_beside_table_gazebo.launch.py
[9.301s] -- Symlinking: /home/is3l/dev_ws/install/xarm_gazebo/share/ament_index/resource_index/package_run_dependencies/xarm_gazebo
[9.308s] -- Symlinking: /home/is3l/dev_ws/install/xarm_gazebo/share/ament_index/resource_index/parent_prefix_path/xarm_gazebo
[9.315s] -- Symlinking: /home/is3l/dev_ws/install/xarm_gazebo/share/xarm_gazebo/environment/ament_prefix_path.sh
[9.321s] -- Symlinking: /home/is3l/dev_ws/install/xarm_gazebo/share/xarm_gazebo/environment/ament_prefix_path.dsv
[9.326s] -- Symlinking: /home/is3l/dev_ws/install/xarm_gazebo/share/xarm_gazebo/environment/path.sh
[9.332s] -- Symlinking: /home/is3l/dev_ws/install/xarm_gazebo/share/xarm_gazebo/environment/path.dsv
[9.338s] -- Symlinking: /home/is3l/dev_ws/install/xarm_gazebo/share/xarm_gazebo/local_setup.bash
[9.345s] -- Symlinking: /home/is3l/dev_ws/install/xarm_gazebo/share/xarm_gazebo/local_setup.sh
[9.351s] -- Symlinking: /home/is3l/dev_ws/install/xarm_gazebo/share/xarm_gazebo/local_setup.zsh
[9.357s] -- Symlinking: /home/is3l/dev_ws/install/xarm_gazebo/share/xarm_gazebo/local_setup.dsv
[9.362s] -- Symlinking: /home/is3l/dev_ws/install/xarm_gazebo/share/xarm_gazebo/package.dsv
[9.367s] -- Symlinking: /home/is3l/dev_ws/install/xarm_gazebo/share/ament_index/resource_index/packages/xarm_gazebo
[9.373s] -- Symlinking: /home/is3l/dev_ws/install/xarm_gazebo/share/xarm_gazebo/cmake/xarm_gazeboConfig.cmake
[9.377s] -- Symlinking: /home/is3l/dev_ws/install/xarm_gazebo/share/xarm_gazebo/cmake/xarm_gazeboConfig-version.cmake
[9.382s] -- Symlinking: /home/is3l/dev_ws/install/xarm_gazebo/share/xarm_gazebo/package.xml
[9.388s] Invoked command in '/home/is3l/dev_ws/build/xarm_gazebo' returned '0': AMENT_PREFIX_PATH=/home/is3l/dev_ws/install/uf_ros_lib:/home/is3l/dev_ws/install/xarm_planner:/home/is3l/dev_ws/install/xarm_moveit_servo:/home/is3l/dev_ws/install/xarm_moveit_config:/home/is3l/dev_ws/install/xarm_gazebo:/home/is3l/dev_ws/install/xarm_controller:/home/is3l/dev_ws/install/d435i_xarm_setup:/home/is3l/dev_ws/install/xarm_api:/home/is3l/dev_ws/install/xarm_sdk:/home/is3l/dev_ws/install/xarm_msgs:/home/is3l/dev_ws/install/xarm_description:/home/is3l/dev_ws/install/test2:/home/is3l/dev_ws/install/realsense_gazebo_plugin:/home/is3l/dev_ws/install/motion_package:/home/is3l/dev_ws/install/mbot_demo:/home/is3l/dev_ws/install/img_package:/home/is3l/dev_ws/install/game_package:/home/is3l/dev_ws/install/camera_package:/opt/ros/humble CMAKE_PREFIX_PATH=/home/is3l/dev_ws/install/xarm_controller:/home/is3l/dev_ws/install/xarm_api:/home/is3l/dev_ws/install/xarm_sdk:/home/is3l/dev_ws/install/xarm_msgs:/home/is3l/dev_ws/install/xarm_description:/home/is3l/dev_ws/install/xarm_planner:/home/is3l/dev_ws/install/xarm_moveit_servo:/home/is3l/dev_ws/install/xarm_moveit_config:/home/is3l/dev_ws/install/xarm_gazebo:/home/is3l/dev_ws/install/d435i_xarm_setup:/home/is3l/dev_ws/install/realsense_gazebo_plugin:/home/is3l/dev_ws/install/mbot_demo:/home/is3l/dev_ws/install/uf_ros_lib:/home/is3l/dev_ws/install/test2:/home/is3l/dev_ws/install/motion_package:/home/is3l/dev_ws/install/img_package:/home/is3l/dev_ws/install/game_package:/home/is3l/dev_ws/install/camera_package:/opt/ros/humble LD_LIBRARY_PATH=/home/is3l/dev_ws/install/xarm_controller/lib:/home/is3l/dev_ws/install/xarm_api/lib:/home/is3l/dev_ws/install/xarm_sdk/lib:/home/is3l/dev_ws/install/xarm_msgs/lib:/home/is3l/dev_ws/install/xarm_planner/lib:/home/is3l/dev_ws/install/xarm_moveit_servo/lib:/home/is3l/dev_ws/install/xarm_gazebo/lib:/home/is3l/dev_ws/install/realsense_gazebo_plugin/lib:/usr/lib/x86_64-linux-gnu/gazebo-11/plugins:/opt/ros/humble/opt/rviz_ogre_vendor/lib:/opt/ros/humble/lib/x86_64-linux-gnu:/opt/ros/humble/lib PYTHONPATH=/home/is3l/dev_ws/build/uf_ros_lib:/home/is3l/dev_ws/install/uf_ros_lib/lib/python3.10/site-packages:/home/is3l/dev_ws/install/xarm_msgs/local/lib/python3.10/dist-packages:/home/is3l/dev_ws/build/test2:/home/is3l/dev_ws/install/test2/lib/python3.10/site-packages:/home/is3l/dev_ws/build/motion_package:/home/is3l/dev_ws/install/motion_package/lib/python3.10/site-packages:/home/is3l/dev_ws/build/img_package:/home/is3l/dev_ws/install/img_package/lib/python3.10/site-packages:/home/is3l/dev_ws/build/game_package:/home/is3l/dev_ws/install/game_package/lib/python3.10/site-packages:/home/is3l/dev_ws/build/camera_package:/home/is3l/dev_ws/install/camera_package/lib/python3.10/site-packages:/opt/ros/humble/lib/python3.10/site-packages:/opt/ros/humble/local/lib/python3.10/dist-packages /usr/bin/cmake --install /home/is3l/dev_ws/build/xarm_gazebo
