[0.026s] Invoking command in '/home/is3l/dev_ws/build/xarm_sdk': CMAKE_PREFIX_PATH=${CMAKE_PREFIX_PATH}:/home/is3l/dev_ws/install/uf_ros_lib:/home/is3l/dev_ws/install/test2:/home/is3l/dev_ws/install/motion_package:/home/is3l/dev_ws/install/img_package:/home/is3l/dev_ws/install/game_package:/home/is3l/dev_ws/install/camera_package:/opt/ros/humble /usr/bin/cmake /home/is3l/dev_ws/src/xarm_ros2/xarm_sdk -DAMENT_CMAKE_SYMLINK_INSTALL=1 -DCMAKE_INSTALL_PREFIX=/home/is3l/dev_ws/install/xarm_sdk
[0.800s] -- The C compiler identification is GNU 11.4.0
[0.800s] -- The CXX compiler identification is GNU 11.4.0
[0.800s] -- Detecting C compiler ABI info
[0.800s] -- Detecting C compiler ABI info - done
[0.800s] -- Check for working C compiler: /usr/bin/cc - skipped
[0.800s] -- Detecting C compile features
[0.800s] -- Detecting C compile features - done
[0.800s] -- Detecting CXX compiler ABI info
[0.800s] -- Detecting CXX compiler ABI info - done
[0.800s] -- Check for working CXX compiler: /usr/bin/c++ - skipped
[0.800s] -- Detecting CXX compile features
[0.800s] -- Detecting CXX compile features - done
[0.800s] -- Found ament_cmake: 1.3.14 (/opt/ros/humble/share/ament_cmake/cmake)
[0.800s] -- Found Python3: /usr/bin/python3 (found version "3.10.12") found components: Interpreter 
[0.800s] -- Override CMake install command with custom implementation using symlinks instead of copying resources
[0.800s] -- Found ament_lint_auto: 0.12.15 (/opt/ros/humble/share/ament_lint_auto/cmake)
[0.800s] -- Added test 'copyright' to check source files copyright and LICENSE
[0.801s] -- Added test 'cppcheck' to perform static code analysis on C / C++ code
[0.801s] -- Configured cppcheck include dirs: /home/is3l/dev_ws/src/xarm_ros2/xarm_sdk/cxx/include
[0.801s] -- Configured cppcheck exclude dirs and/or files: 
[0.801s] -- Added test 'cpplint' to check C / C++ code against the Google style
[0.801s] -- Configured cpplint exclude dirs and/or files: 
[0.801s] -- Added test 'lint_cmake' to check CMake code style
[0.801s] -- Added test 'uncrustify' to check C / C++ code style
[0.801s] -- Configured uncrustify additional arguments: 
[0.801s] -- Added test 'xmllint' to check XML markup files
[0.801s] -- Configuring done
[0.801s] -- Generating done
[0.801s] -- Build files have been written to: /home/is3l/dev_ws/build/xarm_sdk
[0.957s] Invoked command in '/home/is3l/dev_ws/build/xarm_sdk' returned '0': CMAKE_PREFIX_PATH=${CMAKE_PREFIX_PATH}:/home/is3l/dev_ws/install/uf_ros_lib:/home/is3l/dev_ws/install/test2:/home/is3l/dev_ws/install/motion_package:/home/is3l/dev_ws/install/img_package:/home/is3l/dev_ws/install/game_package:/home/is3l/dev_ws/install/camera_package:/opt/ros/humble /usr/bin/cmake /home/is3l/dev_ws/src/xarm_ros2/xarm_sdk -DAMENT_CMAKE_SYMLINK_INSTALL=1 -DCMAKE_INSTALL_PREFIX=/home/is3l/dev_ws/install/xarm_sdk
[0.957s] Invoking command in '/home/is3l/dev_ws/build/xarm_sdk': CMAKE_PREFIX_PATH=${CMAKE_PREFIX_PATH}:/home/is3l/dev_ws/install/uf_ros_lib:/home/is3l/dev_ws/install/test2:/home/is3l/dev_ws/install/motion_package:/home/is3l/dev_ws/install/img_package:/home/is3l/dev_ws/install/game_package:/home/is3l/dev_ws/install/camera_package:/opt/ros/humble /usr/bin/cmake --build /home/is3l/dev_ws/build/xarm_sdk -- -j22 -l22
[0.990s] [  3%] [32mBuilding CXX object CMakeFiles/xarm_cxx_sdk.dir/cxx/src/serial/impl/list_ports/list_ports_linux.cc.o[0m
[0.990s] [  6%] [32mBuilding CXX object CMakeFiles/xarm_cxx_sdk.dir/cxx/src/serial/impl/list_ports/list_ports_osx.cc.o[0m
[0.991s] [  9%] [32mBuilding CXX object CMakeFiles/xarm_cxx_sdk.dir/cxx/src/serial/impl/unix.cc.o[0m
[0.991s] [ 12%] [32mBuilding CXX object CMakeFiles/xarm_cxx_sdk.dir/cxx/src/serial/serial.cc.o[0m
[0.991s] [ 15%] [32mBuilding CXX object CMakeFiles/xarm_cxx_sdk.dir/cxx/src/serial/impl/list_ports/list_ports_win.cc.o[0m
[0.991s] [ 18%] [32mBuilding CXX object CMakeFiles/xarm_cxx_sdk.dir/cxx/src/xarm/core/common/crc16.cc.o[0m
[0.991s] [ 21%] [32mBuilding CXX object CMakeFiles/xarm_cxx_sdk.dir/cxx/src/serial/impl/win.cc.o[0m
[0.992s] [ 25%] [32mBuilding CXX object CMakeFiles/xarm_cxx_sdk.dir/cxx/src/xarm/core/common/queue_memcpy.cc.o[0m
[0.994s] [ 28%] [32mBuilding CXX object CMakeFiles/xarm_cxx_sdk.dir/cxx/src/xarm/core/connect.cc.o[0m
[0.995s] [ 31%] [32mBuilding CXX object CMakeFiles/xarm_cxx_sdk.dir/cxx/src/xarm/core/debug/debug_print.cc.o[0m
[0.997s] [ 34%] [32mBuilding CXX object CMakeFiles/xarm_cxx_sdk.dir/cxx/src/xarm/core/instruction/uxbus_cmd.cc.o[0m
[1.001s] [ 37%] [32mBuilding CXX object CMakeFiles/xarm_cxx_sdk.dir/cxx/src/xarm/core/instruction/uxbus_cmd_tcp.cc.o[0m
[1.006s] [ 40%] [32mBuilding CXX object CMakeFiles/xarm_cxx_sdk.dir/cxx/src/xarm/core/instruction/uxbus_cmd_ser.cc.o[0m
[1.009s] [ 43%] [32mBuilding CXX object CMakeFiles/xarm_cxx_sdk.dir/cxx/src/xarm/core/os/network.cc.o[0m
[1.009s] [ 46%] [32mBuilding CXX object CMakeFiles/xarm_cxx_sdk.dir/cxx/src/xarm/core/port/ser.cc.o[0m
[1.014s] [ 50%] [32mBuilding CXX object CMakeFiles/xarm_cxx_sdk.dir/cxx/src/xarm/core/port/socket.cc.o[0m
[1.014s] [ 53%] [32mBuilding CXX object CMakeFiles/xarm_cxx_sdk.dir/cxx/src/xarm/wrapper/xarm_api.cc.o[0m
[1.018s] [ 56%] [32mBuilding CXX object CMakeFiles/xarm_cxx_sdk.dir/cxx/src/xarm/core/report_data.cc.o[0m
[1.023s] [ 59%] [32mBuilding CXX object CMakeFiles/xarm_cxx_sdk.dir/cxx/src/xarm/wrapper/xarm_bio.cc.o[0m
[1.023s] [ 62%] [32mBuilding CXX object CMakeFiles/xarm_cxx_sdk.dir/cxx/src/xarm/wrapper/xarm_gpio.cc.o[0m
[1.027s] [ 65%] [32mBuilding CXX object CMakeFiles/xarm_cxx_sdk.dir/cxx/src/xarm/wrapper/xarm_ft_sensor.cc.o[0m
[1.027s] [ 68%] [32mBuilding CXX object CMakeFiles/xarm_cxx_sdk.dir/cxx/src/xarm/wrapper/xarm_events.cc.o[0m
[1.066s] [ 71%] [32mBuilding CXX object CMakeFiles/xarm_cxx_sdk.dir/cxx/src/xarm/wrapper/xarm_gripper.cc.o[0m
[1.076s] [ 75%] [32mBuilding CXX object CMakeFiles/xarm_cxx_sdk.dir/cxx/src/xarm/wrapper/xarm_modbus_tcp.cc.o[0m
[1.081s] [ 78%] [32mBuilding CXX object CMakeFiles/xarm_cxx_sdk.dir/cxx/src/xarm/wrapper/xarm_params.cc.o[0m
[1.089s] [ 81%] [32mBuilding CXX object CMakeFiles/xarm_cxx_sdk.dir/cxx/src/xarm/wrapper/xarm_linear_motor.cc.o[0m
[1.093s] [ 84%] [32mBuilding CXX object CMakeFiles/xarm_cxx_sdk.dir/cxx/src/xarm/wrapper/xarm_motion.cc.o[0m
[1.326s] [ 87%] [32mBuilding CXX object CMakeFiles/xarm_cxx_sdk.dir/cxx/src/xarm/wrapper/xarm_report.cc.o[0m
[1.336s] [ 90%] [32mBuilding CXX object CMakeFiles/xarm_cxx_sdk.dir/cxx/src/xarm/wrapper/xarm_robotiq.cc.o[0m
[1.337s] [ 93%] [32mBuilding CXX object CMakeFiles/xarm_cxx_sdk.dir/cxx/src/xarm/wrapper/xarm_record.cc.o[0m
[1.469s] [ 96%] [32mBuilding CXX object CMakeFiles/xarm_cxx_sdk.dir/cxx/src/xarm/wrapper/xarm_servo.cc.o[0m
[3.666s] [100%] [32m[1mLinking CXX shared library libxarm_cxx_sdk.so[0m
[3.826s] [100%] Built target xarm_cxx_sdk
[3.837s] Invoked command in '/home/is3l/dev_ws/build/xarm_sdk' returned '0': CMAKE_PREFIX_PATH=${CMAKE_PREFIX_PATH}:/home/is3l/dev_ws/install/uf_ros_lib:/home/is3l/dev_ws/install/test2:/home/is3l/dev_ws/install/motion_package:/home/is3l/dev_ws/install/img_package:/home/is3l/dev_ws/install/game_package:/home/is3l/dev_ws/install/camera_package:/opt/ros/humble /usr/bin/cmake --build /home/is3l/dev_ws/build/xarm_sdk -- -j22 -l22
[3.840s] Invoking command in '/home/is3l/dev_ws/build/xarm_sdk': CMAKE_PREFIX_PATH=${CMAKE_PREFIX_PATH}:/home/is3l/dev_ws/install/uf_ros_lib:/home/is3l/dev_ws/install/test2:/home/is3l/dev_ws/install/motion_package:/home/is3l/dev_ws/install/img_package:/home/is3l/dev_ws/install/game_package:/home/is3l/dev_ws/install/camera_package:/opt/ros/humble /usr/bin/cmake --install /home/is3l/dev_ws/build/xarm_sdk
[3.849s] -- Install configuration: ""
[3.849s] -- Execute custom install script
[3.849s] -- Symlinking: /home/is3l/dev_ws/install/xarm_sdk/share/xarm_sdk/environment/library_path.sh
[3.857s] -- Symlinking: /home/is3l/dev_ws/install/xarm_sdk/share/xarm_sdk/environment/library_path.dsv
[3.864s] -- Symlinking: /home/is3l/dev_ws/install/xarm_sdk/cxx/include/serial/impl/unix.h
[3.871s] -- Symlinking: /home/is3l/dev_ws/install/xarm_sdk/cxx/include/serial/impl/win.h
[3.878s] -- Symlinking: /home/is3l/dev_ws/install/xarm_sdk/cxx/include/serial/serial.h
[3.886s] -- Symlinking: /home/is3l/dev_ws/install/xarm_sdk/cxx/include/serial/v8stdint.h
[3.894s] -- Symlinking: /home/is3l/dev_ws/install/xarm_sdk/cxx/include/xarm/core/common/crc16.h
[3.906s] -- Symlinking: /home/is3l/dev_ws/install/xarm_sdk/cxx/include/xarm/core/common/data_type.h
[3.913s] -- Symlinking: /home/is3l/dev_ws/install/xarm_sdk/cxx/include/xarm/core/common/queue_memcpy.h
[3.918s] -- Symlinking: /home/is3l/dev_ws/install/xarm_sdk/cxx/include/xarm/core/connect.h
[3.925s] -- Symlinking: /home/is3l/dev_ws/install/xarm_sdk/cxx/include/xarm/core/debug/debug_print.h
[3.932s] -- Symlinking: /home/is3l/dev_ws/install/xarm_sdk/cxx/include/xarm/core/instruction/servo3_config.h
[3.938s] -- Symlinking: /home/is3l/dev_ws/install/xarm_sdk/cxx/include/xarm/core/instruction/uxbus_cmd.h
[3.945s] -- Symlinking: /home/is3l/dev_ws/install/xarm_sdk/cxx/include/xarm/core/instruction/uxbus_cmd_config.h
[3.952s] -- Symlinking: /home/is3l/dev_ws/install/xarm_sdk/cxx/include/xarm/core/instruction/uxbus_cmd_ser.h
[3.958s] -- Symlinking: /home/is3l/dev_ws/install/xarm_sdk/cxx/include/xarm/core/instruction/uxbus_cmd_tcp.h
[3.965s] -- Symlinking: /home/is3l/dev_ws/install/xarm_sdk/cxx/include/xarm/core/os/bak/thread.h
[3.972s] -- Symlinking: /home/is3l/dev_ws/install/xarm_sdk/cxx/include/xarm/core/os/network.h
[3.980s] -- Symlinking: /home/is3l/dev_ws/install/xarm_sdk/cxx/include/xarm/core/port/ser.h
[3.989s] -- Symlinking: /home/is3l/dev_ws/install/xarm_sdk/cxx/include/xarm/core/port/socket.h
[3.998s] -- Symlinking: /home/is3l/dev_ws/install/xarm_sdk/cxx/include/xarm/core/report_data.h
[4.006s] -- Symlinking: /home/is3l/dev_ws/install/xarm_sdk/cxx/include/xarm/core/xarm_config.h
[4.015s] -- Symlinking: /home/is3l/dev_ws/install/xarm_sdk/cxx/include/xarm/wrapper/common/timer.h
[4.024s] -- Symlinking: /home/is3l/dev_ws/install/xarm_sdk/cxx/include/xarm/wrapper/common/utils.h
[4.034s] -- Symlinking: /home/is3l/dev_ws/install/xarm_sdk/cxx/include/xarm/wrapper/xarm_api.h
[4.043s] -- Symlinking: /home/is3l/dev_ws/install/xarm_sdk/lib/libxarm_cxx_sdk.so
[4.055s] -- Symlinking: /home/is3l/dev_ws/install/xarm_sdk/share/ament_index/resource_index/package_run_dependencies/xarm_sdk
[4.066s] -- Symlinking: /home/is3l/dev_ws/install/xarm_sdk/share/ament_index/resource_index/parent_prefix_path/xarm_sdk
[4.075s] -- Symlinking: /home/is3l/dev_ws/install/xarm_sdk/share/xarm_sdk/environment/ament_prefix_path.sh
[4.081s] -- Symlinking: /home/is3l/dev_ws/install/xarm_sdk/share/xarm_sdk/environment/ament_prefix_path.dsv
[4.093s] -- Symlinking: /home/is3l/dev_ws/install/xarm_sdk/share/xarm_sdk/environment/path.sh
[4.100s] -- Symlinking: /home/is3l/dev_ws/install/xarm_sdk/share/xarm_sdk/environment/path.dsv
[4.108s] -- Symlinking: /home/is3l/dev_ws/install/xarm_sdk/share/xarm_sdk/local_setup.bash
[4.116s] -- Symlinking: /home/is3l/dev_ws/install/xarm_sdk/share/xarm_sdk/local_setup.sh
[4.124s] -- Symlinking: /home/is3l/dev_ws/install/xarm_sdk/share/xarm_sdk/local_setup.zsh
[4.131s] -- Symlinking: /home/is3l/dev_ws/install/xarm_sdk/share/xarm_sdk/local_setup.dsv
[4.140s] -- Symlinking: /home/is3l/dev_ws/install/xarm_sdk/share/xarm_sdk/package.dsv
[4.155s] -- Symlinking: /home/is3l/dev_ws/install/xarm_sdk/share/ament_index/resource_index/packages/xarm_sdk
[4.164s] -- Symlinking: /home/is3l/dev_ws/install/xarm_sdk/share/xarm_sdk/cmake/ament_cmake_export_libraries-extras.cmake
[4.173s] -- Symlinking: /home/is3l/dev_ws/install/xarm_sdk/share/xarm_sdk/cmake/ament_cmake_export_include_directories-extras.cmake
[4.187s] -- Symlinking: /home/is3l/dev_ws/install/xarm_sdk/share/xarm_sdk/cmake/xarm_sdkConfig.cmake
[4.196s] -- Symlinking: /home/is3l/dev_ws/install/xarm_sdk/share/xarm_sdk/cmake/xarm_sdkConfig-version.cmake
[4.207s] -- Symlinking: /home/is3l/dev_ws/install/xarm_sdk/share/xarm_sdk/package.xml
[4.220s] Invoked command in '/home/is3l/dev_ws/build/xarm_sdk' returned '0': CMAKE_PREFIX_PATH=${CMAKE_PREFIX_PATH}:/home/is3l/dev_ws/install/uf_ros_lib:/home/is3l/dev_ws/install/test2:/home/is3l/dev_ws/install/motion_package:/home/is3l/dev_ws/install/img_package:/home/is3l/dev_ws/install/game_package:/home/is3l/dev_ws/install/camera_package:/opt/ros/humble /usr/bin/cmake --install /home/is3l/dev_ws/build/xarm_sdk
