[1.613s] Invoking command in '/home/is3l/dev_ws/build/img_package': PYTHONPATH=/home/is3l/dev_ws/build/img_package/prefix_override:/usr/lib/python3/dist-packages/colcon_core/task/python/colcon_distutils_commands:/home/is3l/dev_ws/install/img_package/lib/python3.10/site-packages:${PYTHONPATH} /usr/bin/python3 -W ignore:setup.py install is deprecated -W ignore:easy_install command is deprecated setup.py develop --editable --build-directory /home/is3l/dev_ws/build/img_package/build --no-deps symlink_data
[2.203s] running develop
[2.312s] running egg_info
[2.312s] creating img_package.egg-info
[2.312s] writing img_package.egg-info/PKG-INFO
[2.312s] writing dependency_links to img_package.egg-info/dependency_links.txt
[2.312s] writing entry points to img_package.egg-info/entry_points.txt
[2.312s] writing requirements to img_package.egg-info/requires.txt
[2.312s] writing top-level names to img_package.egg-info/top_level.txt
[2.312s] writing manifest file 'img_package.egg-info/SOURCES.txt'
[2.313s] reading manifest file 'img_package.egg-info/SOURCES.txt'
[2.314s] writing manifest file 'img_package.egg-info/SOURCES.txt'
[2.315s] running build_ext
[2.315s] Creating /home/is3l/dev_ws/install/img_package/lib/python3.10/site-packages/img-package.egg-link (link to .)
[2.315s] Installing image_publisher_node script to /home/is3l/dev_ws/install/img_package/lib/img_package
[2.315s] 
[2.315s] Installed /home/is3l/dev_ws/build/img_package
[2.316s] running symlink_data
[2.316s] creating /home/is3l/dev_ws/install/img_package/share/ament_index
[2.316s] creating /home/is3l/dev_ws/install/img_package/share/ament_index/resource_index
[2.316s] creating /home/is3l/dev_ws/install/img_package/share/ament_index/resource_index/packages
[2.316s] symbolically linking /home/is3l/dev_ws/build/img_package/resource/img_package -> /home/is3l/dev_ws/install/img_package/share/ament_index/resource_index/packages
[2.316s] symbolically linking /home/is3l/dev_ws/build/img_package/package.xml -> /home/is3l/dev_ws/install/img_package/share/img_package
[2.341s] Invoked command in '/home/is3l/dev_ws/build/img_package' returned '0': PYTHONPATH=/home/is3l/dev_ws/build/img_package/prefix_override:/usr/lib/python3/dist-packages/colcon_core/task/python/colcon_distutils_commands:/home/is3l/dev_ws/install/img_package/lib/python3.10/site-packages:${PYTHONPATH} /usr/bin/python3 -W ignore:setup.py install is deprecated -W ignore:easy_install command is deprecated setup.py develop --editable --build-directory /home/is3l/dev_ws/build/img_package/build --no-deps symlink_data
