[0.018s] Invoking command in '/home/is3l/dev_ws/build/xarm_planner': AMENT_PREFIX_PATH=/home/is3l/dev_ws/install/uf_ros_lib:/home/is3l/dev_ws/install/xarm_planner:/home/is3l/dev_ws/install/xarm_moveit_servo:/home/is3l/dev_ws/install/xarm_moveit_config:/home/is3l/dev_ws/install/xarm_gazebo:/home/is3l/dev_ws/install/xarm_controller:/home/is3l/dev_ws/install/d435i_xarm_setup:/home/is3l/dev_ws/install/xarm_api:/home/is3l/dev_ws/install/xarm_sdk:/home/is3l/dev_ws/install/xarm_msgs:/home/is3l/dev_ws/install/xarm_description:/home/is3l/dev_ws/install/test2:/home/is3l/dev_ws/install/realsense_gazebo_plugin:/home/is3l/dev_ws/install/motion_package:/home/is3l/dev_ws/install/mbot_demo:/home/is3l/dev_ws/install/img_package:/home/is3l/dev_ws/install/game_package:/home/is3l/dev_ws/install/camera_package:/opt/ros/humble CMAKE_PREFIX_PATH=/home/is3l/dev_ws/install/xarm_moveit_config:/home/is3l/dev_ws/install/xarm_gazebo:/home/is3l/dev_ws/install/xarm_controller:/home/is3l/dev_ws/install/xarm_api:/home/is3l/dev_ws/install/xarm_sdk:/home/is3l/dev_ws/install/xarm_msgs:/home/is3l/dev_ws/install/xarm_description:/home/is3l/dev_ws/install/xarm_planner:/home/is3l/dev_ws/install/xarm_moveit_servo:/home/is3l/dev_ws/install/d435i_xarm_setup:/home/is3l/dev_ws/install/realsense_gazebo_plugin:/home/is3l/dev_ws/install/mbot_demo:/home/is3l/dev_ws/install/uf_ros_lib:/home/is3l/dev_ws/install/test2:/home/is3l/dev_ws/install/motion_package:/home/is3l/dev_ws/install/img_package:/home/is3l/dev_ws/install/game_package:/home/is3l/dev_ws/install/camera_package:/opt/ros/humble LD_LIBRARY_PATH=/home/is3l/dev_ws/install/xarm_gazebo/lib:/home/is3l/dev_ws/install/xarm_controller/lib:/home/is3l/dev_ws/install/xarm_api/lib:/home/is3l/dev_ws/install/xarm_sdk/lib:/home/is3l/dev_ws/install/xarm_msgs/lib:/home/is3l/dev_ws/install/xarm_planner/lib:/home/is3l/dev_ws/install/xarm_moveit_servo/lib:/home/is3l/dev_ws/install/realsense_gazebo_plugin/lib:/usr/lib/x86_64-linux-gnu/gazebo-11/plugins:/opt/ros/humble/opt/rviz_ogre_vendor/lib:/opt/ros/humble/lib/x86_64-linux-gnu:/opt/ros/humble/lib PYTHONPATH=/home/is3l/dev_ws/build/uf_ros_lib:/home/is3l/dev_ws/install/uf_ros_lib/lib/python3.10/site-packages:/home/is3l/dev_ws/install/xarm_msgs/local/lib/python3.10/dist-packages:/home/is3l/dev_ws/build/test2:/home/is3l/dev_ws/install/test2/lib/python3.10/site-packages:/home/is3l/dev_ws/build/motion_package:/home/is3l/dev_ws/install/motion_package/lib/python3.10/site-packages:/home/is3l/dev_ws/build/img_package:/home/is3l/dev_ws/install/img_package/lib/python3.10/site-packages:/home/is3l/dev_ws/build/game_package:/home/is3l/dev_ws/install/game_package/lib/python3.10/site-packages:/home/is3l/dev_ws/build/camera_package:/home/is3l/dev_ws/install/camera_package/lib/python3.10/site-packages:/opt/ros/humble/lib/python3.10/site-packages:/opt/ros/humble/local/lib/python3.10/dist-packages /usr/bin/cmake /home/is3l/dev_ws/src/xarm_ros2/xarm_planner -DAMENT_CMAKE_SYMLINK_INSTALL=1 -DCMAKE_INSTALL_PREFIX=/home/is3l/dev_ws/install/xarm_planner
[0.059s] -- The C compiler identification is GNU 11.4.0
[0.098s] -- The CXX compiler identification is GNU 11.4.0
[0.103s] -- Detecting C compiler ABI info
[0.152s] -- Detecting C compiler ABI info - done
[0.157s] -- Check for working C compiler: /usr/bin/cc - skipped
[0.157s] -- Detecting C compile features
[0.157s] -- Detecting C compile features - done
[0.159s] -- Detecting CXX compiler ABI info
[0.222s] -- Detecting CXX compiler ABI info - done
[0.229s] -- Check for working CXX compiler: /usr/bin/c++ - skipped
[0.229s] -- Detecting CXX compile features
[0.230s] -- Detecting CXX compile features - done
[0.232s] -- Found ament_cmake: 1.3.14 (/opt/ros/humble/share/ament_cmake/cmake)
[0.352s] -- Found Python3: /usr/bin/python3 (found version "3.10.12") found components: Interpreter 
[0.394s] -- Override CMake install command with custom implementation using symlinks instead of copying resources
[0.416s] -- Found moveit: 2.5.9 (/opt/ros/humble/share/moveit/cmake)
[0.417s] -- Found moveit_ros_planning_interface: 2.5.9 (/opt/ros/humble/share/moveit_ros_planning_interface/cmake)
[0.549s] -- Found Boost: /usr/lib/x86_64-linux-gnu/cmake/Boost-1.74.0/BoostConfig.cmake (found version "1.74.0") found components: date_time filesystem program_options system thread 
[0.582s] -- Found rosidl_generator_c: 3.1.8 (/opt/ros/humble/share/rosidl_generator_c/cmake)
[0.587s] -- Found rosidl_adapter: 3.1.8 (/opt/ros/humble/share/rosidl_adapter/cmake)
[0.592s] -- Found rosidl_generator_cpp: 3.1.8 (/opt/ros/humble/share/rosidl_generator_cpp/cmake)
[0.599s] -- Using all available rosidl_typesupport_c: rosidl_typesupport_fastrtps_c;rosidl_typesupport_introspection_c
[0.609s] -- Using all available rosidl_typesupport_cpp: rosidl_typesupport_fastrtps_cpp;rosidl_typesupport_introspection_cpp
[0.734s] -- Found Boost: /usr/lib/x86_64-linux-gnu/cmake/Boost-1.74.0/BoostConfig.cmake (found version "1.74.0") found components: chrono date_time filesystem iostreams program_options regex serialization system thread 
[0.768s] -- Found parameter_traits: 0.7.1 (/opt/ros/humble/share/parameter_traits/cmake)
[0.796s] -- Found rmw_implementation_cmake: 6.1.2 (/opt/ros/humble/share/rmw_implementation_cmake/cmake)
[0.798s] -- Found rmw_fastrtps_cpp: 6.2.10 (/opt/ros/humble/share/rmw_fastrtps_cpp/cmake)
[0.876s] -- Found OpenSSL: /usr/lib/x86_64-linux-gnu/libcrypto.so (found version "3.0.2")  
[0.898s] -- Found FastRTPS: /opt/ros/humble/include  
[0.925s] -- Using RMW implementation 'rmw_fastrtps_cpp' as default
[0.931s] -- Found Threads: TRUE  
[0.961s] -- Found rclcpp_lifecycle: 16.0.19 (/opt/ros/humble/share/rclcpp_lifecycle/cmake)
[0.977s] -- Found Boost: /usr/lib/x86_64-linux-gnu/cmake/Boost-1.74.0/BoostConfig.cmake (found version "1.74.0") found components: filesystem 
[1.060s] -- library: /usr/lib/x86_64-linux-gnu/libcurl.so
[1.081s] -- Found Eigen3: TRUE (found version "3.4.0") 
[1.081s] -- Ensuring Eigen3 include directory is part of orocos-kdl CMake target
[1.173s] -- Found Boost: /usr/lib/x86_64-linux-gnu/cmake/Boost-1.74.0/BoostConfig.cmake (found version "1.74.0") found components: system filesystem date_time program_options thread chrono 
[1.194s] -- Found Boost: /usr/lib/x86_64-linux-gnu/cmake/Boost-1.74.0/BoostConfig.cmake (found version "1.74.0") found components: thread system filesystem regex date_time program_options 
[1.209s] -- Found Boost: /usr/lib/x86_64-linux-gnu/cmake/Boost-1.74.0/BoostConfig.cmake (found version "1.74.0") found components: system filesystem date_time program_options thread 
[1.227s] -- Found xarm_msgs: 0.0.0 (/home/is3l/dev_ws/install/xarm_msgs/share/xarm_msgs/cmake)
[1.237s] -- Found rclpy: 3.3.21 (/opt/ros/humble/share/rclpy/cmake)
[1.259s] -- Found ament_lint_auto: 0.12.15 (/opt/ros/humble/share/ament_lint_auto/cmake)
[1.316s] -- Added test 'copyright' to check source files copyright and LICENSE
[1.317s] -- Added test 'cppcheck' to perform static code analysis on C / C++ code
[1.317s] -- Configured cppcheck include dirs: /home/is3l/dev_ws/src/xarm_ros2/xarm_planner/include
[1.318s] -- Configured cppcheck exclude dirs and/or files: 
[1.318s] -- Added test 'cpplint' to check C / C++ code against the Google style
[1.318s] -- Configured cpplint exclude dirs and/or files: 
[1.319s] -- Added test 'flake8' to check Python code syntax and style conventions
[1.319s] -- Added test 'lint_cmake' to check CMake code style
[1.319s] -- Added test 'pep257' to check Python code against some of the docstring style conventions in PEP 257
[1.320s] -- Added test 'uncrustify' to check C / C++ code style
[1.320s] -- Configured uncrustify additional arguments: 
[1.321s] -- Added test 'xmllint' to check XML markup files
[1.321s] -- Configuring done
[1.381s] -- Generating done
[1.404s] -- Build files have been written to: /home/is3l/dev_ws/build/xarm_planner
[1.416s] Invoked command in '/home/is3l/dev_ws/build/xarm_planner' returned '0': AMENT_PREFIX_PATH=/home/is3l/dev_ws/install/uf_ros_lib:/home/is3l/dev_ws/install/xarm_planner:/home/is3l/dev_ws/install/xarm_moveit_servo:/home/is3l/dev_ws/install/xarm_moveit_config:/home/is3l/dev_ws/install/xarm_gazebo:/home/is3l/dev_ws/install/xarm_controller:/home/is3l/dev_ws/install/d435i_xarm_setup:/home/is3l/dev_ws/install/xarm_api:/home/is3l/dev_ws/install/xarm_sdk:/home/is3l/dev_ws/install/xarm_msgs:/home/is3l/dev_ws/install/xarm_description:/home/is3l/dev_ws/install/test2:/home/is3l/dev_ws/install/realsense_gazebo_plugin:/home/is3l/dev_ws/install/motion_package:/home/is3l/dev_ws/install/mbot_demo:/home/is3l/dev_ws/install/img_package:/home/is3l/dev_ws/install/game_package:/home/is3l/dev_ws/install/camera_package:/opt/ros/humble CMAKE_PREFIX_PATH=/home/is3l/dev_ws/install/xarm_moveit_config:/home/is3l/dev_ws/install/xarm_gazebo:/home/is3l/dev_ws/install/xarm_controller:/home/is3l/dev_ws/install/xarm_api:/home/is3l/dev_ws/install/xarm_sdk:/home/is3l/dev_ws/install/xarm_msgs:/home/is3l/dev_ws/install/xarm_description:/home/is3l/dev_ws/install/xarm_planner:/home/is3l/dev_ws/install/xarm_moveit_servo:/home/is3l/dev_ws/install/d435i_xarm_setup:/home/is3l/dev_ws/install/realsense_gazebo_plugin:/home/is3l/dev_ws/install/mbot_demo:/home/is3l/dev_ws/install/uf_ros_lib:/home/is3l/dev_ws/install/test2:/home/is3l/dev_ws/install/motion_package:/home/is3l/dev_ws/install/img_package:/home/is3l/dev_ws/install/game_package:/home/is3l/dev_ws/install/camera_package:/opt/ros/humble LD_LIBRARY_PATH=/home/is3l/dev_ws/install/xarm_gazebo/lib:/home/is3l/dev_ws/install/xarm_controller/lib:/home/is3l/dev_ws/install/xarm_api/lib:/home/is3l/dev_ws/install/xarm_sdk/lib:/home/is3l/dev_ws/install/xarm_msgs/lib:/home/is3l/dev_ws/install/xarm_planner/lib:/home/is3l/dev_ws/install/xarm_moveit_servo/lib:/home/is3l/dev_ws/install/realsense_gazebo_plugin/lib:/usr/lib/x86_64-linux-gnu/gazebo-11/plugins:/opt/ros/humble/opt/rviz_ogre_vendor/lib:/opt/ros/humble/lib/x86_64-linux-gnu:/opt/ros/humble/lib PYTHONPATH=/home/is3l/dev_ws/build/uf_ros_lib:/home/is3l/dev_ws/install/uf_ros_lib/lib/python3.10/site-packages:/home/is3l/dev_ws/install/xarm_msgs/local/lib/python3.10/dist-packages:/home/is3l/dev_ws/build/test2:/home/is3l/dev_ws/install/test2/lib/python3.10/site-packages:/home/is3l/dev_ws/build/motion_package:/home/is3l/dev_ws/install/motion_package/lib/python3.10/site-packages:/home/is3l/dev_ws/build/img_package:/home/is3l/dev_ws/install/img_package/lib/python3.10/site-packages:/home/is3l/dev_ws/build/game_package:/home/is3l/dev_ws/install/game_package/lib/python3.10/site-packages:/home/is3l/dev_ws/build/camera_package:/home/is3l/dev_ws/install/camera_package/lib/python3.10/site-packages:/opt/ros/humble/lib/python3.10/site-packages:/opt/ros/humble/local/lib/python3.10/dist-packages /usr/bin/cmake /home/is3l/dev_ws/src/xarm_ros2/xarm_planner -DAMENT_CMAKE_SYMLINK_INSTALL=1 -DCMAKE_INSTALL_PREFIX=/home/is3l/dev_ws/install/xarm_planner
[1.421s] Invoking command in '/home/is3l/dev_ws/build/xarm_planner': AMENT_PREFIX_PATH=/home/is3l/dev_ws/install/uf_ros_lib:/home/is3l/dev_ws/install/xarm_planner:/home/is3l/dev_ws/install/xarm_moveit_servo:/home/is3l/dev_ws/install/xarm_moveit_config:/home/is3l/dev_ws/install/xarm_gazebo:/home/is3l/dev_ws/install/xarm_controller:/home/is3l/dev_ws/install/d435i_xarm_setup:/home/is3l/dev_ws/install/xarm_api:/home/is3l/dev_ws/install/xarm_sdk:/home/is3l/dev_ws/install/xarm_msgs:/home/is3l/dev_ws/install/xarm_description:/home/is3l/dev_ws/install/test2:/home/is3l/dev_ws/install/realsense_gazebo_plugin:/home/is3l/dev_ws/install/motion_package:/home/is3l/dev_ws/install/mbot_demo:/home/is3l/dev_ws/install/img_package:/home/is3l/dev_ws/install/game_package:/home/is3l/dev_ws/install/camera_package:/opt/ros/humble CMAKE_PREFIX_PATH=/home/is3l/dev_ws/install/xarm_moveit_config:/home/is3l/dev_ws/install/xarm_gazebo:/home/is3l/dev_ws/install/xarm_controller:/home/is3l/dev_ws/install/xarm_api:/home/is3l/dev_ws/install/xarm_sdk:/home/is3l/dev_ws/install/xarm_msgs:/home/is3l/dev_ws/install/xarm_description:/home/is3l/dev_ws/install/xarm_planner:/home/is3l/dev_ws/install/xarm_moveit_servo:/home/is3l/dev_ws/install/d435i_xarm_setup:/home/is3l/dev_ws/install/realsense_gazebo_plugin:/home/is3l/dev_ws/install/mbot_demo:/home/is3l/dev_ws/install/uf_ros_lib:/home/is3l/dev_ws/install/test2:/home/is3l/dev_ws/install/motion_package:/home/is3l/dev_ws/install/img_package:/home/is3l/dev_ws/install/game_package:/home/is3l/dev_ws/install/camera_package:/opt/ros/humble LD_LIBRARY_PATH=/home/is3l/dev_ws/install/xarm_gazebo/lib:/home/is3l/dev_ws/install/xarm_controller/lib:/home/is3l/dev_ws/install/xarm_api/lib:/home/is3l/dev_ws/install/xarm_sdk/lib:/home/is3l/dev_ws/install/xarm_msgs/lib:/home/is3l/dev_ws/install/xarm_planner/lib:/home/is3l/dev_ws/install/xarm_moveit_servo/lib:/home/is3l/dev_ws/install/realsense_gazebo_plugin/lib:/usr/lib/x86_64-linux-gnu/gazebo-11/plugins:/opt/ros/humble/opt/rviz_ogre_vendor/lib:/opt/ros/humble/lib/x86_64-linux-gnu:/opt/ros/humble/lib PYTHONPATH=/home/is3l/dev_ws/build/uf_ros_lib:/home/is3l/dev_ws/install/uf_ros_lib/lib/python3.10/site-packages:/home/is3l/dev_ws/install/xarm_msgs/local/lib/python3.10/dist-packages:/home/is3l/dev_ws/build/test2:/home/is3l/dev_ws/install/test2/lib/python3.10/site-packages:/home/is3l/dev_ws/build/motion_package:/home/is3l/dev_ws/install/motion_package/lib/python3.10/site-packages:/home/is3l/dev_ws/build/img_package:/home/is3l/dev_ws/install/img_package/lib/python3.10/site-packages:/home/is3l/dev_ws/build/game_package:/home/is3l/dev_ws/install/game_package/lib/python3.10/site-packages:/home/is3l/dev_ws/build/camera_package:/home/is3l/dev_ws/install/camera_package/lib/python3.10/site-packages:/opt/ros/humble/lib/python3.10/site-packages:/opt/ros/humble/local/lib/python3.10/dist-packages /usr/bin/cmake --build /home/is3l/dev_ws/build/xarm_planner -- -j22 -l22
[1.467s] [  4%] [32mBuilding CXX object CMakeFiles/test_lite_gripper_realmove.dir/test/test_lite_gripper_realmove.cpp.o[0m
[1.467s] [  9%] [32mBuilding CXX object CMakeFiles/test_xarm_planner_client_joint.dir/test/test_xarm_planner_client_joint.cpp.o[0m
[1.469s] [ 13%] [32mBuilding CXX object CMakeFiles/test_xarm_gripper_planner_client_joint.dir/test/test_xarm_gripper_planner_client_joint.cpp.o[0m
[1.470s] [ 18%] [32mBuilding CXX object CMakeFiles/xarm_planner.dir/src/xarm_planner.cpp.o[0m
[1.472s] [ 22%] [32mBuilding CXX object CMakeFiles/test_xarm_planner_client_pose.dir/test/test_xarm_planner_client_pose.cpp.o[0m
[4.181s] [ 27%] [32m[1mLinking CXX executable test_lite_gripper_realmove[0m
[4.325s] [ 31%] [32m[1mLinking CXX executable test_xarm_gripper_planner_client_joint[0m
[4.326s] [ 36%] [32m[1mLinking CXX executable test_xarm_planner_client_joint[0m
[4.326s] [ 36%] Built target test_lite_gripper_realmove
[4.489s] [ 36%] Built target test_xarm_gripper_planner_client_joint
[4.499s] [ 36%] Built target test_xarm_planner_client_joint
[4.923s] [ 40%] [32m[1mLinking CXX executable test_xarm_planner_client_pose[0m
[5.064s] [ 40%] Built target test_xarm_planner_client_pose
[6.420s] [ 45%] [32m[1mLinking CXX shared library libxarm_planner.so[0m
[6.541s] [ 45%] Built target xarm_planner
[6.559s] [ 50%] [32mBuilding CXX object CMakeFiles/test_xarm_gripper_planner_api_joint.dir/test/test_xarm_gripper_planner_api_joint.cpp.o[0m
[6.559s] [ 54%] [32mBuilding CXX object CMakeFiles/test_xarm_planner_api_joint.dir/test/test_xarm_planner_api_joint.cpp.o[0m
[6.559s] [ 59%] [32mBuilding CXX object CMakeFiles/xarm_planner_node.dir/src/xarm_planner_node.cpp.o[0m
[6.560s] [ 63%] [32mBuilding CXX object CMakeFiles/test_xarm_planner_api_pose.dir/test/test_xarm_planner_api_pose.cpp.o[0m
[6.561s] [ 68%] [32mBuilding CXX object CMakeFiles/xarm_gripper_planner_node.dir/src/xarm_gripper_planner_node.cpp.o[0m
[6.563s] [ 72%] [32mBuilding CXX object CMakeFiles/test_dual_xarm_planner_api_joint.dir/test/test_dual_xarm_planner_api_joint.cpp.o[0m
[11.515s] [ 77%] [32m[1mLinking CXX executable test_xarm_planner_api_joint[0m
[11.712s] [ 77%] Built target test_xarm_planner_api_joint
[11.789s] [ 81%] [32m[1mLinking CXX executable test_dual_xarm_planner_api_joint[0m
[11.828s] [ 86%] [32m[1mLinking CXX executable test_xarm_planner_api_pose[0m
[11.996s] [ 86%] Built target test_dual_xarm_planner_api_joint
[12.041s] [ 86%] Built target test_xarm_planner_api_pose
[12.336s] [ 90%] [32m[1mLinking CXX executable test_xarm_gripper_planner_api_joint[0m
[12.526s] [ 90%] Built target test_xarm_gripper_planner_api_joint
[12.642s] [ 95%] [32m[1mLinking CXX executable xarm_gripper_planner_node[0m
[12.885s] [ 95%] Built target xarm_gripper_planner_node
[13.333s] [100%] [32m[1mLinking CXX executable xarm_planner_node[0m
[13.614s] [100%] Built target xarm_planner_node
[13.623s] Invoked command in '/home/is3l/dev_ws/build/xarm_planner' returned '0': AMENT_PREFIX_PATH=/home/is3l/dev_ws/install/uf_ros_lib:/home/is3l/dev_ws/install/xarm_planner:/home/is3l/dev_ws/install/xarm_moveit_servo:/home/is3l/dev_ws/install/xarm_moveit_config:/home/is3l/dev_ws/install/xarm_gazebo:/home/is3l/dev_ws/install/xarm_controller:/home/is3l/dev_ws/install/d435i_xarm_setup:/home/is3l/dev_ws/install/xarm_api:/home/is3l/dev_ws/install/xarm_sdk:/home/is3l/dev_ws/install/xarm_msgs:/home/is3l/dev_ws/install/xarm_description:/home/is3l/dev_ws/install/test2:/home/is3l/dev_ws/install/realsense_gazebo_plugin:/home/is3l/dev_ws/install/motion_package:/home/is3l/dev_ws/install/mbot_demo:/home/is3l/dev_ws/install/img_package:/home/is3l/dev_ws/install/game_package:/home/is3l/dev_ws/install/camera_package:/opt/ros/humble CMAKE_PREFIX_PATH=/home/is3l/dev_ws/install/xarm_moveit_config:/home/is3l/dev_ws/install/xarm_gazebo:/home/is3l/dev_ws/install/xarm_controller:/home/is3l/dev_ws/install/xarm_api:/home/is3l/dev_ws/install/xarm_sdk:/home/is3l/dev_ws/install/xarm_msgs:/home/is3l/dev_ws/install/xarm_description:/home/is3l/dev_ws/install/xarm_planner:/home/is3l/dev_ws/install/xarm_moveit_servo:/home/is3l/dev_ws/install/d435i_xarm_setup:/home/is3l/dev_ws/install/realsense_gazebo_plugin:/home/is3l/dev_ws/install/mbot_demo:/home/is3l/dev_ws/install/uf_ros_lib:/home/is3l/dev_ws/install/test2:/home/is3l/dev_ws/install/motion_package:/home/is3l/dev_ws/install/img_package:/home/is3l/dev_ws/install/game_package:/home/is3l/dev_ws/install/camera_package:/opt/ros/humble LD_LIBRARY_PATH=/home/is3l/dev_ws/install/xarm_gazebo/lib:/home/is3l/dev_ws/install/xarm_controller/lib:/home/is3l/dev_ws/install/xarm_api/lib:/home/is3l/dev_ws/install/xarm_sdk/lib:/home/is3l/dev_ws/install/xarm_msgs/lib:/home/is3l/dev_ws/install/xarm_planner/lib:/home/is3l/dev_ws/install/xarm_moveit_servo/lib:/home/is3l/dev_ws/install/realsense_gazebo_plugin/lib:/usr/lib/x86_64-linux-gnu/gazebo-11/plugins:/opt/ros/humble/opt/rviz_ogre_vendor/lib:/opt/ros/humble/lib/x86_64-linux-gnu:/opt/ros/humble/lib PYTHONPATH=/home/is3l/dev_ws/build/uf_ros_lib:/home/is3l/dev_ws/install/uf_ros_lib/lib/python3.10/site-packages:/home/is3l/dev_ws/install/xarm_msgs/local/lib/python3.10/dist-packages:/home/is3l/dev_ws/build/test2:/home/is3l/dev_ws/install/test2/lib/python3.10/site-packages:/home/is3l/dev_ws/build/motion_package:/home/is3l/dev_ws/install/motion_package/lib/python3.10/site-packages:/home/is3l/dev_ws/build/img_package:/home/is3l/dev_ws/install/img_package/lib/python3.10/site-packages:/home/is3l/dev_ws/build/game_package:/home/is3l/dev_ws/install/game_package/lib/python3.10/site-packages:/home/is3l/dev_ws/build/camera_package:/home/is3l/dev_ws/install/camera_package/lib/python3.10/site-packages:/opt/ros/humble/lib/python3.10/site-packages:/opt/ros/humble/local/lib/python3.10/dist-packages /usr/bin/cmake --build /home/is3l/dev_ws/build/xarm_planner -- -j22 -l22
[13.625s] Invoking command in '/home/is3l/dev_ws/build/xarm_planner': AMENT_PREFIX_PATH=/home/is3l/dev_ws/install/uf_ros_lib:/home/is3l/dev_ws/install/xarm_planner:/home/is3l/dev_ws/install/xarm_moveit_servo:/home/is3l/dev_ws/install/xarm_moveit_config:/home/is3l/dev_ws/install/xarm_gazebo:/home/is3l/dev_ws/install/xarm_controller:/home/is3l/dev_ws/install/d435i_xarm_setup:/home/is3l/dev_ws/install/xarm_api:/home/is3l/dev_ws/install/xarm_sdk:/home/is3l/dev_ws/install/xarm_msgs:/home/is3l/dev_ws/install/xarm_description:/home/is3l/dev_ws/install/test2:/home/is3l/dev_ws/install/realsense_gazebo_plugin:/home/is3l/dev_ws/install/motion_package:/home/is3l/dev_ws/install/mbot_demo:/home/is3l/dev_ws/install/img_package:/home/is3l/dev_ws/install/game_package:/home/is3l/dev_ws/install/camera_package:/opt/ros/humble CMAKE_PREFIX_PATH=/home/is3l/dev_ws/install/xarm_moveit_config:/home/is3l/dev_ws/install/xarm_gazebo:/home/is3l/dev_ws/install/xarm_controller:/home/is3l/dev_ws/install/xarm_api:/home/is3l/dev_ws/install/xarm_sdk:/home/is3l/dev_ws/install/xarm_msgs:/home/is3l/dev_ws/install/xarm_description:/home/is3l/dev_ws/install/xarm_planner:/home/is3l/dev_ws/install/xarm_moveit_servo:/home/is3l/dev_ws/install/d435i_xarm_setup:/home/is3l/dev_ws/install/realsense_gazebo_plugin:/home/is3l/dev_ws/install/mbot_demo:/home/is3l/dev_ws/install/uf_ros_lib:/home/is3l/dev_ws/install/test2:/home/is3l/dev_ws/install/motion_package:/home/is3l/dev_ws/install/img_package:/home/is3l/dev_ws/install/game_package:/home/is3l/dev_ws/install/camera_package:/opt/ros/humble LD_LIBRARY_PATH=/home/is3l/dev_ws/install/xarm_gazebo/lib:/home/is3l/dev_ws/install/xarm_controller/lib:/home/is3l/dev_ws/install/xarm_api/lib:/home/is3l/dev_ws/install/xarm_sdk/lib:/home/is3l/dev_ws/install/xarm_msgs/lib:/home/is3l/dev_ws/install/xarm_planner/lib:/home/is3l/dev_ws/install/xarm_moveit_servo/lib:/home/is3l/dev_ws/install/realsense_gazebo_plugin/lib:/usr/lib/x86_64-linux-gnu/gazebo-11/plugins:/opt/ros/humble/opt/rviz_ogre_vendor/lib:/opt/ros/humble/lib/x86_64-linux-gnu:/opt/ros/humble/lib PYTHONPATH=/home/is3l/dev_ws/build/uf_ros_lib:/home/is3l/dev_ws/install/uf_ros_lib/lib/python3.10/site-packages:/home/is3l/dev_ws/install/xarm_msgs/local/lib/python3.10/dist-packages:/home/is3l/dev_ws/build/test2:/home/is3l/dev_ws/install/test2/lib/python3.10/site-packages:/home/is3l/dev_ws/build/motion_package:/home/is3l/dev_ws/install/motion_package/lib/python3.10/site-packages:/home/is3l/dev_ws/build/img_package:/home/is3l/dev_ws/install/img_package/lib/python3.10/site-packages:/home/is3l/dev_ws/build/game_package:/home/is3l/dev_ws/install/game_package/lib/python3.10/site-packages:/home/is3l/dev_ws/build/camera_package:/home/is3l/dev_ws/install/camera_package/lib/python3.10/site-packages:/opt/ros/humble/lib/python3.10/site-packages:/opt/ros/humble/local/lib/python3.10/dist-packages /usr/bin/cmake --install /home/is3l/dev_ws/build/xarm_planner
[13.632s] -- Install configuration: ""
[13.633s] -- Execute custom install script
[13.633s] -- Symlinking: /home/is3l/dev_ws/install/xarm_planner/include/xarm_planner/xarm_planner.h
[13.640s] -- Symlinking: /home/is3l/dev_ws/install/xarm_planner/lib/libxarm_planner.so
[13.647s] -- Symlinking: /home/is3l/dev_ws/install/xarm_planner/lib/xarm_planner/xarm_planner_node
[13.656s] -- Symlinking: /home/is3l/dev_ws/install/xarm_planner/lib/xarm_planner/xarm_gripper_planner_node
[13.663s] -- Symlinking: /home/is3l/dev_ws/install/xarm_planner/lib/xarm_planner/test_xarm_planner_api_joint
[13.669s] -- Symlinking: /home/is3l/dev_ws/install/xarm_planner/lib/xarm_planner/test_dual_xarm_planner_api_joint
[13.676s] -- Symlinking: /home/is3l/dev_ws/install/xarm_planner/lib/xarm_planner/test_xarm_planner_api_pose
[13.681s] -- Symlinking: /home/is3l/dev_ws/install/xarm_planner/lib/xarm_planner/test_xarm_gripper_planner_api_joint
[13.687s] -- Symlinking: /home/is3l/dev_ws/install/xarm_planner/lib/xarm_planner/test_xarm_planner_client_joint
[13.692s] -- Symlinking: /home/is3l/dev_ws/install/xarm_planner/lib/xarm_planner/test_xarm_planner_client_pose
[13.697s] -- Symlinking: /home/is3l/dev_ws/install/xarm_planner/lib/xarm_planner/test_xarm_gripper_planner_client_joint
[13.702s] -- Symlinking: /home/is3l/dev_ws/install/xarm_planner/lib/xarm_planner/test_lite_gripper_realmove
[13.709s] -- Symlinking: /home/is3l/dev_ws/install/xarm_planner/share/xarm_planner//launch/_dual_robot_planner.launch.py
[13.714s] -- Symlinking: /home/is3l/dev_ws/install/xarm_planner/share/xarm_planner//launch/_robot_planner.launch.py
[13.719s] -- Symlinking: /home/is3l/dev_ws/install/xarm_planner/share/xarm_planner//launch/lite6_planner_fake.launch.py
[13.723s] -- Symlinking: /home/is3l/dev_ws/install/xarm_planner/share/xarm_planner//launch/lite6_planner_gazebo.launch.py
[13.731s] -- Symlinking: /home/is3l/dev_ws/install/xarm_planner/share/xarm_planner//launch/lite6_planner_realmove.launch.py
[13.737s] -- Symlinking: /home/is3l/dev_ws/install/xarm_planner/share/xarm_planner//launch/test_dual_xarm_planner_api_joint.launch.py
[13.742s] -- Symlinking: /home/is3l/dev_ws/install/xarm_planner/share/xarm_planner//launch/test_lite_gripper_realmove.launch.py
[13.748s] -- Symlinking: /home/is3l/dev_ws/install/xarm_planner/share/xarm_planner//launch/test_move_group.launch.py
[13.755s] -- Symlinking: /home/is3l/dev_ws/install/xarm_planner/share/xarm_planner//launch/test_xarm_gripper_planner_api_joint.launch.py
[13.762s] -- Symlinking: /home/is3l/dev_ws/install/xarm_planner/share/xarm_planner//launch/test_xarm_gripper_planner_client_joint.launch.py
[13.768s] -- Symlinking: /home/is3l/dev_ws/install/xarm_planner/share/xarm_planner//launch/test_xarm_planner_api_joint.launch.py
[13.776s] -- Symlinking: /home/is3l/dev_ws/install/xarm_planner/share/xarm_planner//launch/test_xarm_planner_api_pose.launch.py
[13.782s] -- Symlinking: /home/is3l/dev_ws/install/xarm_planner/share/xarm_planner//launch/test_xarm_planner_client_joint.launch.py
[13.787s] -- Symlinking: /home/is3l/dev_ws/install/xarm_planner/share/xarm_planner//launch/test_xarm_planner_client_pose.launch.py
[13.794s] -- Symlinking: /home/is3l/dev_ws/install/xarm_planner/share/xarm_planner//launch/uf850_planner_fake.launch.py
[13.801s] -- Symlinking: /home/is3l/dev_ws/install/xarm_planner/share/xarm_planner//launch/uf850_planner_gazebo.launch.py
[13.807s] -- Symlinking: /home/is3l/dev_ws/install/xarm_planner/share/xarm_planner//launch/uf850_planner_realmove.launch.py
[13.812s] -- Symlinking: /home/is3l/dev_ws/install/xarm_planner/share/xarm_planner//launch/xarm5_planner_fake.launch.py
[13.819s] -- Symlinking: /home/is3l/dev_ws/install/xarm_planner/share/xarm_planner//launch/xarm5_planner_gazebo.launch.py
[13.823s] -- Symlinking: /home/is3l/dev_ws/install/xarm_planner/share/xarm_planner//launch/xarm5_planner_realmove.launch.py
[13.829s] -- Symlinking: /home/is3l/dev_ws/install/xarm_planner/share/xarm_planner//launch/xarm6_planner_fake.launch.py
[13.835s] -- Symlinking: /home/is3l/dev_ws/install/xarm_planner/share/xarm_planner//launch/xarm6_planner_gazebo.launch.py
[13.840s] -- Symlinking: /home/is3l/dev_ws/install/xarm_planner/share/xarm_planner//launch/xarm6_planner_realmove.launch.py
[13.844s] -- Symlinking: /home/is3l/dev_ws/install/xarm_planner/share/xarm_planner//launch/xarm7_mirror_planner_fake.launch.py
[13.850s] -- Symlinking: /home/is3l/dev_ws/install/xarm_planner/share/xarm_planner//launch/xarm7_mirror_planner_gazebo.launch.py
[13.854s] -- Symlinking: /home/is3l/dev_ws/install/xarm_planner/share/xarm_planner//launch/xarm7_mirror_planner_realmove.launch.py
[13.859s] -- Symlinking: /home/is3l/dev_ws/install/xarm_planner/share/xarm_planner//launch/xarm7_planner_fake.launch.py
[13.864s] -- Symlinking: /home/is3l/dev_ws/install/xarm_planner/share/xarm_planner//launch/xarm7_planner_gazebo.launch.py
[13.871s] -- Symlinking: /home/is3l/dev_ws/install/xarm_planner/share/xarm_planner//launch/xarm7_planner_realmove.launch.py
[13.879s] -- Symlinking: /home/is3l/dev_ws/install/xarm_planner/share/ament_index/resource_index/package_run_dependencies/xarm_planner
[13.886s] -- Symlinking: /home/is3l/dev_ws/install/xarm_planner/share/ament_index/resource_index/parent_prefix_path/xarm_planner
[13.892s] -- Symlinking: /home/is3l/dev_ws/install/xarm_planner/share/xarm_planner/environment/ament_prefix_path.sh
[13.899s] -- Symlinking: /home/is3l/dev_ws/install/xarm_planner/share/xarm_planner/environment/ament_prefix_path.dsv
[13.906s] -- Symlinking: /home/is3l/dev_ws/install/xarm_planner/share/xarm_planner/environment/path.sh
[13.912s] -- Symlinking: /home/is3l/dev_ws/install/xarm_planner/share/xarm_planner/environment/path.dsv
[13.922s] -- Symlinking: /home/is3l/dev_ws/install/xarm_planner/share/xarm_planner/local_setup.bash
[13.929s] -- Symlinking: /home/is3l/dev_ws/install/xarm_planner/share/xarm_planner/local_setup.sh
[13.935s] -- Symlinking: /home/is3l/dev_ws/install/xarm_planner/share/xarm_planner/local_setup.zsh
[13.942s] -- Symlinking: /home/is3l/dev_ws/install/xarm_planner/share/xarm_planner/local_setup.dsv
[13.948s] -- Symlinking: /home/is3l/dev_ws/install/xarm_planner/share/xarm_planner/package.dsv
[13.953s] -- Symlinking: /home/is3l/dev_ws/install/xarm_planner/share/ament_index/resource_index/packages/xarm_planner
[13.959s] -- Symlinking: /home/is3l/dev_ws/install/xarm_planner/share/xarm_planner/cmake/xarm_plannerConfig.cmake
[13.967s] -- Symlinking: /home/is3l/dev_ws/install/xarm_planner/share/xarm_planner/cmake/xarm_plannerConfig-version.cmake
[13.973s] -- Symlinking: /home/is3l/dev_ws/install/xarm_planner/share/xarm_planner/package.xml
[13.983s] Invoked command in '/home/is3l/dev_ws/build/xarm_planner' returned '0': AMENT_PREFIX_PATH=/home/is3l/dev_ws/install/uf_ros_lib:/home/is3l/dev_ws/install/xarm_planner:/home/is3l/dev_ws/install/xarm_moveit_servo:/home/is3l/dev_ws/install/xarm_moveit_config:/home/is3l/dev_ws/install/xarm_gazebo:/home/is3l/dev_ws/install/xarm_controller:/home/is3l/dev_ws/install/d435i_xarm_setup:/home/is3l/dev_ws/install/xarm_api:/home/is3l/dev_ws/install/xarm_sdk:/home/is3l/dev_ws/install/xarm_msgs:/home/is3l/dev_ws/install/xarm_description:/home/is3l/dev_ws/install/test2:/home/is3l/dev_ws/install/realsense_gazebo_plugin:/home/is3l/dev_ws/install/motion_package:/home/is3l/dev_ws/install/mbot_demo:/home/is3l/dev_ws/install/img_package:/home/is3l/dev_ws/install/game_package:/home/is3l/dev_ws/install/camera_package:/opt/ros/humble CMAKE_PREFIX_PATH=/home/is3l/dev_ws/install/xarm_moveit_config:/home/is3l/dev_ws/install/xarm_gazebo:/home/is3l/dev_ws/install/xarm_controller:/home/is3l/dev_ws/install/xarm_api:/home/is3l/dev_ws/install/xarm_sdk:/home/is3l/dev_ws/install/xarm_msgs:/home/is3l/dev_ws/install/xarm_description:/home/is3l/dev_ws/install/xarm_planner:/home/is3l/dev_ws/install/xarm_moveit_servo:/home/is3l/dev_ws/install/d435i_xarm_setup:/home/is3l/dev_ws/install/realsense_gazebo_plugin:/home/is3l/dev_ws/install/mbot_demo:/home/is3l/dev_ws/install/uf_ros_lib:/home/is3l/dev_ws/install/test2:/home/is3l/dev_ws/install/motion_package:/home/is3l/dev_ws/install/img_package:/home/is3l/dev_ws/install/game_package:/home/is3l/dev_ws/install/camera_package:/opt/ros/humble LD_LIBRARY_PATH=/home/is3l/dev_ws/install/xarm_gazebo/lib:/home/is3l/dev_ws/install/xarm_controller/lib:/home/is3l/dev_ws/install/xarm_api/lib:/home/is3l/dev_ws/install/xarm_sdk/lib:/home/is3l/dev_ws/install/xarm_msgs/lib:/home/is3l/dev_ws/install/xarm_planner/lib:/home/is3l/dev_ws/install/xarm_moveit_servo/lib:/home/is3l/dev_ws/install/realsense_gazebo_plugin/lib:/usr/lib/x86_64-linux-gnu/gazebo-11/plugins:/opt/ros/humble/opt/rviz_ogre_vendor/lib:/opt/ros/humble/lib/x86_64-linux-gnu:/opt/ros/humble/lib PYTHONPATH=/home/is3l/dev_ws/build/uf_ros_lib:/home/is3l/dev_ws/install/uf_ros_lib/lib/python3.10/site-packages:/home/is3l/dev_ws/install/xarm_msgs/local/lib/python3.10/dist-packages:/home/is3l/dev_ws/build/test2:/home/is3l/dev_ws/install/test2/lib/python3.10/site-packages:/home/is3l/dev_ws/build/motion_package:/home/is3l/dev_ws/install/motion_package/lib/python3.10/site-packages:/home/is3l/dev_ws/build/img_package:/home/is3l/dev_ws/install/img_package/lib/python3.10/site-packages:/home/is3l/dev_ws/build/game_package:/home/is3l/dev_ws/install/game_package/lib/python3.10/site-packages:/home/is3l/dev_ws/build/camera_package:/home/is3l/dev_ws/install/camera_package/lib/python3.10/site-packages:/opt/ros/humble/lib/python3.10/site-packages:/opt/ros/humble/local/lib/python3.10/dist-packages /usr/bin/cmake --install /home/is3l/dev_ws/build/xarm_planner
