[0.016s] Invoking command in '/home/is3l/dev_ws/build/xarm_controller': CMAKE_PREFIX_PATH=/home/is3l/dev_ws/install/xarm_api:/home/is3l/dev_ws/install/xarm_sdk:/home/is3l/dev_ws/install/xarm_msgs:/home/is3l/dev_ws/install/xarm_description:/home/is3l/dev_ws/install/xarm_planner:/home/is3l/dev_ws/install/xarm_moveit_servo:/home/is3l/dev_ws/install/xarm_moveit_config:/home/is3l/dev_ws/install/xarm_gazebo:/home/is3l/dev_ws/install/xarm_controller:/home/is3l/dev_ws/install/d435i_xarm_setup:/home/is3l/dev_ws/install/realsense_gazebo_plugin:/home/is3l/dev_ws/install/mbot_demo:/home/is3l/dev_ws/install/uf_ros_lib:/home/is3l/dev_ws/install/test2:/home/is3l/dev_ws/install/motion_package:/home/is3l/dev_ws/install/img_package:/home/is3l/dev_ws/install/game_package:/home/is3l/dev_ws/install/camera_package:/opt/ros/humble LD_LIBRARY_PATH=/home/is3l/dev_ws/install/xarm_api/lib:/home/is3l/dev_ws/install/xarm_sdk/lib:/home/is3l/dev_ws/install/xarm_msgs/lib:/home/is3l/dev_ws/install/xarm_planner/lib:/home/is3l/dev_ws/install/xarm_moveit_servo/lib:/home/is3l/dev_ws/install/xarm_gazebo/lib:/home/is3l/dev_ws/install/xarm_controller/lib:/home/is3l/dev_ws/install/realsense_gazebo_plugin/lib:/usr/lib/x86_64-linux-gnu/gazebo-11/plugins:/opt/ros/humble/opt/rviz_ogre_vendor/lib:/opt/ros/humble/lib/x86_64-linux-gnu:/opt/ros/humble/lib /usr/bin/cmake /home/is3l/dev_ws/src/xarm_ros2/xarm_controller -DAMENT_CMAKE_SYMLINK_INSTALL=1 -DCMAKE_INSTALL_PREFIX=/home/is3l/dev_ws/install/xarm_controller
[0.055s] -- The C compiler identification is GNU 11.4.0
[0.093s] -- The CXX compiler identification is GNU 11.4.0
[0.098s] -- Detecting C compiler ABI info
[0.147s] -- Detecting C compiler ABI info - done
[0.154s] -- Check for working C compiler: /usr/bin/cc - skipped
[0.154s] -- Detecting C compile features
[0.155s] -- Detecting C compile features - done
[0.156s] -- Detecting CXX compiler ABI info
[0.215s] -- Detecting CXX compiler ABI info - done
[0.222s] -- Check for working CXX compiler: /usr/bin/c++ - skipped
[0.222s] -- Detecting CXX compile features
[0.223s] -- Detecting CXX compile features - done
[0.224s] -- Found ament_cmake: 1.3.14 (/opt/ros/humble/share/ament_cmake/cmake)
[0.333s] -- Found Python3: /usr/bin/python3 (found version "3.10.12") found components: Interpreter 
[0.376s] -- Override CMake install command with custom implementation using symlinks instead of copying resources
[0.397s] -- Found ament_lint_auto: 0.12.15 (/opt/ros/humble/share/ament_lint_auto/cmake)
[0.461s] -- Found hardware_interface: 2.53.1 (/opt/ros/humble/share/hardware_interface/cmake)
[0.487s] -- Found rosidl_generator_c: 3.1.8 (/opt/ros/humble/share/rosidl_generator_c/cmake)
[0.491s] -- Found rosidl_adapter: 3.1.8 (/opt/ros/humble/share/rosidl_adapter/cmake)
[0.496s] -- Found rosidl_generator_cpp: 3.1.8 (/opt/ros/humble/share/rosidl_generator_cpp/cmake)
[0.504s] -- Using all available rosidl_typesupport_c: rosidl_typesupport_fastrtps_c;rosidl_typesupport_introspection_c
[0.514s] -- Using all available rosidl_typesupport_cpp: rosidl_typesupport_fastrtps_cpp;rosidl_typesupport_introspection_cpp
[0.648s] -- Found rmw_implementation_cmake: 6.1.2 (/opt/ros/humble/share/rmw_implementation_cmake/cmake)
[0.650s] -- Found rmw_fastrtps_cpp: 6.2.10 (/opt/ros/humble/share/rmw_fastrtps_cpp/cmake)
[0.668s] -- Found TinyXML2 via Config file: TinyXML2_DIR-NOTFOUND
[0.714s] -- Found OpenSSL: /usr/lib/x86_64-linux-gnu/libcrypto.so (found version "3.0.2")  
[0.716s] -- Found TinyXML2 via Config file: TinyXML2_DIR-NOTFOUND
[0.730s] -- Found FastRTPS: /opt/ros/humble/include  
[0.732s] -- Found TinyXML2 via Config file: TinyXML2_DIR-NOTFOUND
[0.738s] -- Found TinyXML2 via Config file: TinyXML2_DIR-NOTFOUND
[0.747s] -- Using RMW implementation 'rmw_fastrtps_cpp' as default
[0.754s] -- Looking for pthread.h
[0.807s] -- Looking for pthread.h - found
[0.807s] -- Performing Test CMAKE_HAVE_LIBC_PTHREAD
[0.860s] -- Performing Test CMAKE_HAVE_LIBC_PTHREAD - Success
[0.860s] -- Found Threads: TRUE  
[0.888s] -- Found rclcpp_action: 16.0.19 (/opt/ros/humble/share/rclcpp_action/cmake)
[0.894s] -- Found controller_manager_msgs: 2.53.1 (/opt/ros/humble/share/controller_manager_msgs/cmake)
[0.902s] -- Found xarm_msgs: 0.0.0 (/home/is3l/dev_ws/install/xarm_msgs/share/xarm_msgs/cmake)
[0.910s] -- Found xarm_api: 0.0.0 (/home/is3l/dev_ws/install/xarm_api/share/xarm_api/cmake)
[0.911s] -- Found xarm_sdk: 0.0.0 (/home/is3l/dev_ws/install/xarm_sdk/share/xarm_sdk/cmake)
[0.918s] -- Added test 'copyright' to check source files copyright and LICENSE
[0.919s] -- Added test 'cppcheck' to perform static code analysis on C / C++ code
[0.919s] -- Configured cppcheck include dirs: /home/is3l/dev_ws/src/xarm_ros2/xarm_controller/include
[0.919s] -- Configured cppcheck exclude dirs and/or files: 
[0.920s] -- Added test 'cpplint' to check C / C++ code against the Google style
[0.920s] -- Configured cpplint exclude dirs and/or files: 
[0.920s] -- Added test 'flake8' to check Python code syntax and style conventions
[0.921s] -- Added test 'lint_cmake' to check CMake code style
[0.921s] -- Added test 'pep257' to check Python code against some of the docstring style conventions in PEP 257
[0.922s] -- Added test 'uncrustify' to check C / C++ code style
[0.922s] -- Configured uncrustify additional arguments: 
[0.922s] -- Added test 'xmllint' to check XML markup files
[0.924s] -- Configuring done
[0.934s] -- Generating done
[0.937s] -- Build files have been written to: /home/is3l/dev_ws/build/xarm_controller
[0.946s] Invoked command in '/home/is3l/dev_ws/build/xarm_controller' returned '0': CMAKE_PREFIX_PATH=/home/is3l/dev_ws/install/xarm_api:/home/is3l/dev_ws/install/xarm_sdk:/home/is3l/dev_ws/install/xarm_msgs:/home/is3l/dev_ws/install/xarm_description:/home/is3l/dev_ws/install/xarm_planner:/home/is3l/dev_ws/install/xarm_moveit_servo:/home/is3l/dev_ws/install/xarm_moveit_config:/home/is3l/dev_ws/install/xarm_gazebo:/home/is3l/dev_ws/install/xarm_controller:/home/is3l/dev_ws/install/d435i_xarm_setup:/home/is3l/dev_ws/install/realsense_gazebo_plugin:/home/is3l/dev_ws/install/mbot_demo:/home/is3l/dev_ws/install/uf_ros_lib:/home/is3l/dev_ws/install/test2:/home/is3l/dev_ws/install/motion_package:/home/is3l/dev_ws/install/img_package:/home/is3l/dev_ws/install/game_package:/home/is3l/dev_ws/install/camera_package:/opt/ros/humble LD_LIBRARY_PATH=/home/is3l/dev_ws/install/xarm_api/lib:/home/is3l/dev_ws/install/xarm_sdk/lib:/home/is3l/dev_ws/install/xarm_msgs/lib:/home/is3l/dev_ws/install/xarm_planner/lib:/home/is3l/dev_ws/install/xarm_moveit_servo/lib:/home/is3l/dev_ws/install/xarm_gazebo/lib:/home/is3l/dev_ws/install/xarm_controller/lib:/home/is3l/dev_ws/install/realsense_gazebo_plugin/lib:/usr/lib/x86_64-linux-gnu/gazebo-11/plugins:/opt/ros/humble/opt/rviz_ogre_vendor/lib:/opt/ros/humble/lib/x86_64-linux-gnu:/opt/ros/humble/lib /usr/bin/cmake /home/is3l/dev_ws/src/xarm_ros2/xarm_controller -DAMENT_CMAKE_SYMLINK_INSTALL=1 -DCMAKE_INSTALL_PREFIX=/home/is3l/dev_ws/install/xarm_controller
[0.947s] Invoking command in '/home/is3l/dev_ws/build/xarm_controller': CMAKE_PREFIX_PATH=/home/is3l/dev_ws/install/xarm_api:/home/is3l/dev_ws/install/xarm_sdk:/home/is3l/dev_ws/install/xarm_msgs:/home/is3l/dev_ws/install/xarm_description:/home/is3l/dev_ws/install/xarm_planner:/home/is3l/dev_ws/install/xarm_moveit_servo:/home/is3l/dev_ws/install/xarm_moveit_config:/home/is3l/dev_ws/install/xarm_gazebo:/home/is3l/dev_ws/install/xarm_controller:/home/is3l/dev_ws/install/d435i_xarm_setup:/home/is3l/dev_ws/install/realsense_gazebo_plugin:/home/is3l/dev_ws/install/mbot_demo:/home/is3l/dev_ws/install/uf_ros_lib:/home/is3l/dev_ws/install/test2:/home/is3l/dev_ws/install/motion_package:/home/is3l/dev_ws/install/img_package:/home/is3l/dev_ws/install/game_package:/home/is3l/dev_ws/install/camera_package:/opt/ros/humble LD_LIBRARY_PATH=/home/is3l/dev_ws/install/xarm_api/lib:/home/is3l/dev_ws/install/xarm_sdk/lib:/home/is3l/dev_ws/install/xarm_msgs/lib:/home/is3l/dev_ws/install/xarm_planner/lib:/home/is3l/dev_ws/install/xarm_moveit_servo/lib:/home/is3l/dev_ws/install/xarm_gazebo/lib:/home/is3l/dev_ws/install/xarm_controller/lib:/home/is3l/dev_ws/install/realsense_gazebo_plugin/lib:/usr/lib/x86_64-linux-gnu/gazebo-11/plugins:/opt/ros/humble/opt/rviz_ogre_vendor/lib:/opt/ros/humble/lib/x86_64-linux-gnu:/opt/ros/humble/lib /usr/bin/cmake --build /home/is3l/dev_ws/build/xarm_controller -- -j22 -l22
[0.991s] [ 33%] [32mBuilding CXX object CMakeFiles/uf_robot_hardware.dir/src/hardware/uf_robot_system_hardware.cpp.o[0m
[0.992s] [ 66%] [32mBuilding CXX object CMakeFiles/uf_robot_hardware.dir/src/hardware/uf_robot_fake_system_hardware.cpp.o[0m
[6.377s] [100%] [32m[1mLinking CXX shared library libuf_robot_hardware.so[0m
[7.128s] [100%] Built target uf_robot_hardware
[7.137s] Invoked command in '/home/is3l/dev_ws/build/xarm_controller' returned '0': CMAKE_PREFIX_PATH=/home/is3l/dev_ws/install/xarm_api:/home/is3l/dev_ws/install/xarm_sdk:/home/is3l/dev_ws/install/xarm_msgs:/home/is3l/dev_ws/install/xarm_description:/home/is3l/dev_ws/install/xarm_planner:/home/is3l/dev_ws/install/xarm_moveit_servo:/home/is3l/dev_ws/install/xarm_moveit_config:/home/is3l/dev_ws/install/xarm_gazebo:/home/is3l/dev_ws/install/xarm_controller:/home/is3l/dev_ws/install/d435i_xarm_setup:/home/is3l/dev_ws/install/realsense_gazebo_plugin:/home/is3l/dev_ws/install/mbot_demo:/home/is3l/dev_ws/install/uf_ros_lib:/home/is3l/dev_ws/install/test2:/home/is3l/dev_ws/install/motion_package:/home/is3l/dev_ws/install/img_package:/home/is3l/dev_ws/install/game_package:/home/is3l/dev_ws/install/camera_package:/opt/ros/humble LD_LIBRARY_PATH=/home/is3l/dev_ws/install/xarm_api/lib:/home/is3l/dev_ws/install/xarm_sdk/lib:/home/is3l/dev_ws/install/xarm_msgs/lib:/home/is3l/dev_ws/install/xarm_planner/lib:/home/is3l/dev_ws/install/xarm_moveit_servo/lib:/home/is3l/dev_ws/install/xarm_gazebo/lib:/home/is3l/dev_ws/install/xarm_controller/lib:/home/is3l/dev_ws/install/realsense_gazebo_plugin/lib:/usr/lib/x86_64-linux-gnu/gazebo-11/plugins:/opt/ros/humble/opt/rviz_ogre_vendor/lib:/opt/ros/humble/lib/x86_64-linux-gnu:/opt/ros/humble/lib /usr/bin/cmake --build /home/is3l/dev_ws/build/xarm_controller -- -j22 -l22
[7.139s] Invoking command in '/home/is3l/dev_ws/build/xarm_controller': CMAKE_PREFIX_PATH=/home/is3l/dev_ws/install/xarm_api:/home/is3l/dev_ws/install/xarm_sdk:/home/is3l/dev_ws/install/xarm_msgs:/home/is3l/dev_ws/install/xarm_description:/home/is3l/dev_ws/install/xarm_planner:/home/is3l/dev_ws/install/xarm_moveit_servo:/home/is3l/dev_ws/install/xarm_moveit_config:/home/is3l/dev_ws/install/xarm_gazebo:/home/is3l/dev_ws/install/xarm_controller:/home/is3l/dev_ws/install/d435i_xarm_setup:/home/is3l/dev_ws/install/realsense_gazebo_plugin:/home/is3l/dev_ws/install/mbot_demo:/home/is3l/dev_ws/install/uf_ros_lib:/home/is3l/dev_ws/install/test2:/home/is3l/dev_ws/install/motion_package:/home/is3l/dev_ws/install/img_package:/home/is3l/dev_ws/install/game_package:/home/is3l/dev_ws/install/camera_package:/opt/ros/humble LD_LIBRARY_PATH=/home/is3l/dev_ws/install/xarm_api/lib:/home/is3l/dev_ws/install/xarm_sdk/lib:/home/is3l/dev_ws/install/xarm_msgs/lib:/home/is3l/dev_ws/install/xarm_planner/lib:/home/is3l/dev_ws/install/xarm_moveit_servo/lib:/home/is3l/dev_ws/install/xarm_gazebo/lib:/home/is3l/dev_ws/install/xarm_controller/lib:/home/is3l/dev_ws/install/realsense_gazebo_plugin/lib:/usr/lib/x86_64-linux-gnu/gazebo-11/plugins:/opt/ros/humble/opt/rviz_ogre_vendor/lib:/opt/ros/humble/lib/x86_64-linux-gnu:/opt/ros/humble/lib /usr/bin/cmake --install /home/is3l/dev_ws/build/xarm_controller
[7.145s] -- Install configuration: ""
[7.145s] -- Execute custom install script
[7.145s] -- Symlinking: /home/is3l/dev_ws/install/xarm_controller/share/xarm_controller//uf_hardware_interface_plugins.xml
[7.152s] -- Symlinking: /home/is3l/dev_ws/install/xarm_controller/include/xarm_controller/hardware/bak_uf_robot_fake_system_hardware.h
[7.159s] -- Symlinking: /home/is3l/dev_ws/install/xarm_controller/include/xarm_controller/hardware/uf_robot_fake_system_hardware.h
[7.166s] -- Symlinking: /home/is3l/dev_ws/install/xarm_controller/include/xarm_controller/hardware/uf_robot_system_hardware.h
[7.170s] -- Symlinking: /home/is3l/dev_ws/install/xarm_controller/lib/libuf_robot_hardware.so
[7.178s] -- Symlinking: /home/is3l/dev_ws/install/xarm_controller/share/xarm_controller//launch/_dual_ros2_control.launch.py
[7.183s] -- Symlinking: /home/is3l/dev_ws/install/xarm_controller/share/xarm_controller//launch/_robot_ros2_control.launch.py
[7.190s] -- Symlinking: /home/is3l/dev_ws/install/xarm_controller/share/xarm_controller//launch/_ros2_control.launch.py
[7.196s] -- Symlinking: /home/is3l/dev_ws/install/xarm_controller/share/xarm_controller//launch/lib/robot_controller_lib.py
[7.201s] -- Symlinking: /home/is3l/dev_ws/install/xarm_controller/share/xarm_controller//launch/lite6_control_rviz_display.launch.py
[7.207s] -- Symlinking: /home/is3l/dev_ws/install/xarm_controller/share/xarm_controller//launch/uf850_control_rviz_display.launch.py
[7.213s] -- Symlinking: /home/is3l/dev_ws/install/xarm_controller/share/xarm_controller//launch/xarm5_control_rviz_display.launch.py
[7.217s] -- Symlinking: /home/is3l/dev_ws/install/xarm_controller/share/xarm_controller//launch/xarm6_control_rviz_display.launch.py
[7.224s] -- Symlinking: /home/is3l/dev_ws/install/xarm_controller/share/xarm_controller//launch/xarm7_control_rviz_display.launch.py
[7.231s] -- Symlinking: /home/is3l/dev_ws/install/xarm_controller/share/xarm_controller//launch/xarm7_mirror_control_rviz_display.launch.py
[7.237s] -- Symlinking: /home/is3l/dev_ws/install/xarm_controller/share/xarm_controller//config/bio_gripper_controllers.yaml
[7.245s] -- Symlinking: /home/is3l/dev_ws/install/xarm_controller/share/xarm_controller//config/lite6_controllers.yaml
[7.251s] -- Symlinking: /home/is3l/dev_ws/install/xarm_controller/share/xarm_controller//config/uf850_controllers.yaml
[7.258s] -- Symlinking: /home/is3l/dev_ws/install/xarm_controller/share/xarm_controller//config/uf850_gripper_controllers.yaml
[7.265s] -- Symlinking: /home/is3l/dev_ws/install/xarm_controller/share/xarm_controller//config/xarm5_controllers.yaml
[7.270s] -- Symlinking: /home/is3l/dev_ws/install/xarm_controller/share/xarm_controller//config/xarm6_controllers.yaml
[7.276s] -- Symlinking: /home/is3l/dev_ws/install/xarm_controller/share/xarm_controller//config/xarm7_controllers.yaml
[7.281s] -- Symlinking: /home/is3l/dev_ws/install/xarm_controller/share/xarm_controller//config/xarm7_mirror_controllers.yaml
[7.287s] -- Symlinking: /home/is3l/dev_ws/install/xarm_controller/share/xarm_controller//config/xarm7_mirror_gripper_controllers.yaml
[7.293s] -- Symlinking: /home/is3l/dev_ws/install/xarm_controller/share/xarm_controller//config/xarm_gripper_controllers.yaml
[7.298s] -- Symlinking: /home/is3l/dev_ws/install/xarm_controller/share/xarm_controller/environment/library_path.sh
[7.304s] -- Symlinking: /home/is3l/dev_ws/install/xarm_controller/share/xarm_controller/environment/library_path.dsv
[7.308s] -- Symlinking: /home/is3l/dev_ws/install/xarm_controller/share/ament_index/resource_index/package_run_dependencies/xarm_controller
[7.317s] -- Symlinking: /home/is3l/dev_ws/install/xarm_controller/share/ament_index/resource_index/parent_prefix_path/xarm_controller
[7.324s] -- Symlinking: /home/is3l/dev_ws/install/xarm_controller/share/xarm_controller/environment/ament_prefix_path.sh
[7.331s] -- Symlinking: /home/is3l/dev_ws/install/xarm_controller/share/xarm_controller/environment/ament_prefix_path.dsv
[7.339s] -- Symlinking: /home/is3l/dev_ws/install/xarm_controller/share/xarm_controller/environment/path.sh
[7.345s] -- Symlinking: /home/is3l/dev_ws/install/xarm_controller/share/xarm_controller/environment/path.dsv
[7.352s] -- Symlinking: /home/is3l/dev_ws/install/xarm_controller/share/xarm_controller/local_setup.bash
[7.358s] -- Symlinking: /home/is3l/dev_ws/install/xarm_controller/share/xarm_controller/local_setup.sh
[7.366s] -- Symlinking: /home/is3l/dev_ws/install/xarm_controller/share/xarm_controller/local_setup.zsh
[7.373s] -- Symlinking: /home/is3l/dev_ws/install/xarm_controller/share/xarm_controller/local_setup.dsv
[7.379s] -- Symlinking: /home/is3l/dev_ws/install/xarm_controller/share/xarm_controller/package.dsv
[7.384s] -- Symlinking: /home/is3l/dev_ws/install/xarm_controller/share/ament_index/resource_index/packages/xarm_controller
[7.388s] -- Symlinking: /home/is3l/dev_ws/install/xarm_controller/share/ament_index/resource_index/hardware_interface__pluginlib__plugin/xarm_controller
[7.394s] -- Symlinking: /home/is3l/dev_ws/install/xarm_controller/share/xarm_controller/cmake/ament_cmake_export_include_directories-extras.cmake
[7.400s] -- Symlinking: /home/is3l/dev_ws/install/xarm_controller/share/xarm_controller/cmake/ament_cmake_export_libraries-extras.cmake
[7.406s] -- Symlinking: /home/is3l/dev_ws/install/xarm_controller/share/xarm_controller/cmake/ament_cmake_export_dependencies-extras.cmake
[7.410s] -- Symlinking: /home/is3l/dev_ws/install/xarm_controller/share/xarm_controller/cmake/xarm_controllerConfig.cmake
[7.416s] -- Symlinking: /home/is3l/dev_ws/install/xarm_controller/share/xarm_controller/cmake/xarm_controllerConfig-version.cmake
[7.422s] -- Symlinking: /home/is3l/dev_ws/install/xarm_controller/share/xarm_controller/package.xml
[7.429s] Invoked command in '/home/is3l/dev_ws/build/xarm_controller' returned '0': CMAKE_PREFIX_PATH=/home/is3l/dev_ws/install/xarm_api:/home/is3l/dev_ws/install/xarm_sdk:/home/is3l/dev_ws/install/xarm_msgs:/home/is3l/dev_ws/install/xarm_description:/home/is3l/dev_ws/install/xarm_planner:/home/is3l/dev_ws/install/xarm_moveit_servo:/home/is3l/dev_ws/install/xarm_moveit_config:/home/is3l/dev_ws/install/xarm_gazebo:/home/is3l/dev_ws/install/xarm_controller:/home/is3l/dev_ws/install/d435i_xarm_setup:/home/is3l/dev_ws/install/realsense_gazebo_plugin:/home/is3l/dev_ws/install/mbot_demo:/home/is3l/dev_ws/install/uf_ros_lib:/home/is3l/dev_ws/install/test2:/home/is3l/dev_ws/install/motion_package:/home/is3l/dev_ws/install/img_package:/home/is3l/dev_ws/install/game_package:/home/is3l/dev_ws/install/camera_package:/opt/ros/humble LD_LIBRARY_PATH=/home/is3l/dev_ws/install/xarm_api/lib:/home/is3l/dev_ws/install/xarm_sdk/lib:/home/is3l/dev_ws/install/xarm_msgs/lib:/home/is3l/dev_ws/install/xarm_planner/lib:/home/is3l/dev_ws/install/xarm_moveit_servo/lib:/home/is3l/dev_ws/install/xarm_gazebo/lib:/home/is3l/dev_ws/install/xarm_controller/lib:/home/is3l/dev_ws/install/realsense_gazebo_plugin/lib:/usr/lib/x86_64-linux-gnu/gazebo-11/plugins:/opt/ros/humble/opt/rviz_ogre_vendor/lib:/opt/ros/humble/lib/x86_64-linux-gnu:/opt/ros/humble/lib /usr/bin/cmake --install /home/is3l/dev_ws/build/xarm_controller
