[0.015s] Invoking command in '/home/is3l/dev_ws/build/xarm_api': CMAKE_PREFIX_PATH=/home/is3l/dev_ws/install/xarm_sdk:/home/is3l/dev_ws/install/xarm_msgs:/home/is3l/dev_ws/install/xarm_description:/home/is3l/dev_ws/install/xarm_planner:/home/is3l/dev_ws/install/xarm_moveit_servo:/home/is3l/dev_ws/install/xarm_moveit_config:/home/is3l/dev_ws/install/xarm_gazebo:/home/is3l/dev_ws/install/xarm_controller:/home/is3l/dev_ws/install/d435i_xarm_setup:/home/is3l/dev_ws/install/xarm_api:/home/is3l/dev_ws/install/realsense_gazebo_plugin:/home/is3l/dev_ws/install/mbot_demo:/home/is3l/dev_ws/install/uf_ros_lib:/home/is3l/dev_ws/install/test2:/home/is3l/dev_ws/install/motion_package:/home/is3l/dev_ws/install/img_package:/home/is3l/dev_ws/install/game_package:/home/is3l/dev_ws/install/camera_package:/opt/ros/humble LD_LIBRARY_PATH=/home/is3l/dev_ws/install/xarm_sdk/lib:/home/is3l/dev_ws/install/xarm_msgs/lib:/home/is3l/dev_ws/install/xarm_planner/lib:/home/is3l/dev_ws/install/xarm_moveit_servo/lib:/home/is3l/dev_ws/install/xarm_gazebo/lib:/home/is3l/dev_ws/install/xarm_controller/lib:/home/is3l/dev_ws/install/xarm_api/lib:/home/is3l/dev_ws/install/realsense_gazebo_plugin/lib:/usr/lib/x86_64-linux-gnu/gazebo-11/plugins:/opt/ros/humble/opt/rviz_ogre_vendor/lib:/opt/ros/humble/lib/x86_64-linux-gnu:/opt/ros/humble/lib /usr/bin/cmake /home/is3l/dev_ws/src/xarm_ros2/xarm_api -DAMENT_CMAKE_SYMLINK_INSTALL=1 -DCMAKE_INSTALL_PREFIX=/home/is3l/dev_ws/install/xarm_api
[0.059s] -- The C compiler identification is GNU 11.4.0
[0.100s] -- The CXX compiler identification is GNU 11.4.0
[0.105s] -- Detecting C compiler ABI info
[0.161s] -- Detecting C compiler ABI info - done
[0.166s] -- Check for working C compiler: /usr/bin/cc - skipped
[0.166s] -- Detecting C compile features
[0.166s] -- Detecting C compile features - done
[0.168s] -- Detecting CXX compiler ABI info
[0.221s] -- Detecting CXX compiler ABI info - done
[0.225s] -- Check for working CXX compiler: /usr/bin/c++ - skipped
[0.225s] -- Detecting CXX compile features
[0.225s] -- Detecting CXX compile features - done
[0.227s] -- Found ament_cmake: 1.3.14 (/opt/ros/humble/share/ament_cmake/cmake)
[0.340s] -- Found Python3: /usr/bin/python3 (found version "3.10.12") found components: Interpreter 
[0.381s] -- Override CMake install command with custom implementation using symlinks instead of copying resources
[0.402s] -- Found ament_lint_auto: 0.12.15 (/opt/ros/humble/share/ament_lint_auto/cmake)
[0.456s] -- Found rclcpp: 16.0.19 (/opt/ros/humble/share/rclcpp/cmake)
[0.484s] -- Found rosidl_generator_c: 3.1.8 (/opt/ros/humble/share/rosidl_generator_c/cmake)
[0.488s] -- Found rosidl_adapter: 3.1.8 (/opt/ros/humble/share/rosidl_adapter/cmake)
[0.494s] -- Found rosidl_generator_cpp: 3.1.8 (/opt/ros/humble/share/rosidl_generator_cpp/cmake)
[0.501s] -- Using all available rosidl_typesupport_c: rosidl_typesupport_fastrtps_c;rosidl_typesupport_introspection_c
[0.512s] -- Using all available rosidl_typesupport_cpp: rosidl_typesupport_fastrtps_cpp;rosidl_typesupport_introspection_cpp
[0.541s] -- Found rmw_implementation_cmake: 6.1.2 (/opt/ros/humble/share/rmw_implementation_cmake/cmake)
[0.543s] -- Found rmw_fastrtps_cpp: 6.2.10 (/opt/ros/humble/share/rmw_fastrtps_cpp/cmake)
[0.622s] -- Found OpenSSL: /usr/lib/x86_64-linux-gnu/libcrypto.so (found version "3.0.2")  
[0.649s] -- Found FastRTPS: /opt/ros/humble/include  
[0.678s] -- Using RMW implementation 'rmw_fastrtps_cpp' as default
[0.683s] -- Looking for pthread.h
[0.743s] -- Looking for pthread.h - found
[0.743s] -- Performing Test CMAKE_HAVE_LIBC_PTHREAD
[0.798s] -- Performing Test CMAKE_HAVE_LIBC_PTHREAD - Success
[0.799s] -- Found Threads: TRUE  
[0.833s] -- Found rclcpp_action: 16.0.19 (/opt/ros/humble/share/rclcpp_action/cmake)
[0.853s] -- Found sensor_msgs: 4.9.1 (/opt/ros/humble/share/sensor_msgs/cmake)
[0.872s] -- Found control_msgs: 4.8.0 (/opt/ros/humble/share/control_msgs/cmake)
[0.901s] -- Found xarm_msgs: 0.0.0 (/home/is3l/dev_ws/install/xarm_msgs/share/xarm_msgs/cmake)
[0.908s] -- Found xarm_sdk: 0.0.0 (/home/is3l/dev_ws/install/xarm_sdk/share/xarm_sdk/cmake)
[0.926s] -- Added test 'copyright' to check source files copyright and LICENSE
[0.926s] -- Added test 'cppcheck' to perform static code analysis on C / C++ code
[0.927s] -- Configured cppcheck include dirs: /home/is3l/dev_ws/src/xarm_ros2/xarm_api/include
[0.927s] -- Configured cppcheck exclude dirs and/or files: 
[0.928s] -- Added test 'cpplint' to check C / C++ code against the Google style
[0.928s] -- Configured cpplint exclude dirs and/or files: 
[0.928s] -- Added test 'flake8' to check Python code syntax and style conventions
[0.928s] -- Added test 'lint_cmake' to check CMake code style
[0.929s] -- Added test 'pep257' to check Python code against some of the docstring style conventions in PEP 257
[0.929s] -- Added test 'uncrustify' to check C / C++ code style
[0.929s] -- Configured uncrustify additional arguments: 
[0.930s] -- Added test 'xmllint' to check XML markup files
[0.931s] -- Configuring done
[0.948s] -- Generating done
[0.956s] -- Build files have been written to: /home/is3l/dev_ws/build/xarm_api
[0.966s] Invoked command in '/home/is3l/dev_ws/build/xarm_api' returned '0': CMAKE_PREFIX_PATH=/home/is3l/dev_ws/install/xarm_sdk:/home/is3l/dev_ws/install/xarm_msgs:/home/is3l/dev_ws/install/xarm_description:/home/is3l/dev_ws/install/xarm_planner:/home/is3l/dev_ws/install/xarm_moveit_servo:/home/is3l/dev_ws/install/xarm_moveit_config:/home/is3l/dev_ws/install/xarm_gazebo:/home/is3l/dev_ws/install/xarm_controller:/home/is3l/dev_ws/install/d435i_xarm_setup:/home/is3l/dev_ws/install/xarm_api:/home/is3l/dev_ws/install/realsense_gazebo_plugin:/home/is3l/dev_ws/install/mbot_demo:/home/is3l/dev_ws/install/uf_ros_lib:/home/is3l/dev_ws/install/test2:/home/is3l/dev_ws/install/motion_package:/home/is3l/dev_ws/install/img_package:/home/is3l/dev_ws/install/game_package:/home/is3l/dev_ws/install/camera_package:/opt/ros/humble LD_LIBRARY_PATH=/home/is3l/dev_ws/install/xarm_sdk/lib:/home/is3l/dev_ws/install/xarm_msgs/lib:/home/is3l/dev_ws/install/xarm_planner/lib:/home/is3l/dev_ws/install/xarm_moveit_servo/lib:/home/is3l/dev_ws/install/xarm_gazebo/lib:/home/is3l/dev_ws/install/xarm_controller/lib:/home/is3l/dev_ws/install/xarm_api/lib:/home/is3l/dev_ws/install/realsense_gazebo_plugin/lib:/usr/lib/x86_64-linux-gnu/gazebo-11/plugins:/opt/ros/humble/opt/rviz_ogre_vendor/lib:/opt/ros/humble/lib/x86_64-linux-gnu:/opt/ros/humble/lib /usr/bin/cmake /home/is3l/dev_ws/src/xarm_ros2/xarm_api -DAMENT_CMAKE_SYMLINK_INSTALL=1 -DCMAKE_INSTALL_PREFIX=/home/is3l/dev_ws/install/xarm_api
[0.967s] Invoking command in '/home/is3l/dev_ws/build/xarm_api': CMAKE_PREFIX_PATH=/home/is3l/dev_ws/install/xarm_sdk:/home/is3l/dev_ws/install/xarm_msgs:/home/is3l/dev_ws/install/xarm_description:/home/is3l/dev_ws/install/xarm_planner:/home/is3l/dev_ws/install/xarm_moveit_servo:/home/is3l/dev_ws/install/xarm_moveit_config:/home/is3l/dev_ws/install/xarm_gazebo:/home/is3l/dev_ws/install/xarm_controller:/home/is3l/dev_ws/install/d435i_xarm_setup:/home/is3l/dev_ws/install/xarm_api:/home/is3l/dev_ws/install/realsense_gazebo_plugin:/home/is3l/dev_ws/install/mbot_demo:/home/is3l/dev_ws/install/uf_ros_lib:/home/is3l/dev_ws/install/test2:/home/is3l/dev_ws/install/motion_package:/home/is3l/dev_ws/install/img_package:/home/is3l/dev_ws/install/game_package:/home/is3l/dev_ws/install/camera_package:/opt/ros/humble LD_LIBRARY_PATH=/home/is3l/dev_ws/install/xarm_sdk/lib:/home/is3l/dev_ws/install/xarm_msgs/lib:/home/is3l/dev_ws/install/xarm_planner/lib:/home/is3l/dev_ws/install/xarm_moveit_servo/lib:/home/is3l/dev_ws/install/xarm_gazebo/lib:/home/is3l/dev_ws/install/xarm_controller/lib:/home/is3l/dev_ws/install/xarm_api/lib:/home/is3l/dev_ws/install/realsense_gazebo_plugin/lib:/usr/lib/x86_64-linux-gnu/gazebo-11/plugins:/opt/ros/humble/opt/rviz_ogre_vendor/lib:/opt/ros/humble/lib/x86_64-linux-gnu:/opt/ros/humble/lib /usr/bin/cmake --build /home/is3l/dev_ws/build/xarm_api -- -j22 -l22
[1.010s] [ 23%] [32mBuilding CXX object CMakeFiles/xarm_ros_client.dir/src/xarm_ros_client.cpp.o[0m
[1.010s] [ 23%] [32mBuilding CXX object CMakeFiles/xarm_ros_driver.dir/src/xarm_driver.cpp.o[0m
[1.010s] [ 23%] [32mBuilding CXX object CMakeFiles/xarm_ros_driver.dir/src/xarm_driver_service.cpp.o[0m
[1.010s] [ 30%] [32mBuilding CXX object CMakeFiles/test_robot_states.dir/test/test_robot_states.cpp.o[0m
[10.792s] [ 38%] [32m[1mLinking CXX executable test_robot_states[0m
[11.239s] [ 38%] Built target test_robot_states
[16.423s] [ 46%] [32m[1mLinking CXX shared library libxarm_ros_client.so[0m
[17.405s] [ 46%] Built target xarm_ros_client
[17.424s] [ 53%] [32mBuilding CXX object CMakeFiles/test_xarm_velo_move.dir/test/test_xarm_velo_move.cpp.o[0m
[17.426s] [ 61%] [32mBuilding CXX object CMakeFiles/test_xarm_ros_client.dir/test/test_xarm_ros_client.cpp.o[0m
[20.900s] [ 69%] [32m[1mLinking CXX executable test_xarm_velo_move[0m
[21.232s] [ 69%] Built target test_xarm_velo_move
[21.409s] [ 76%] [32m[1mLinking CXX executable test_xarm_ros_client[0m
[21.759s] [ 76%] Built target test_xarm_ros_client
[23.985s] [ 84%] [32m[1mLinking CXX shared library libxarm_ros_driver.so[0m
[25.741s] [ 84%] Built target xarm_ros_driver
[25.759s] [ 92%] [32mBuilding CXX object CMakeFiles/xarm_driver_node.dir/src/xarm_driver_node.cpp.o[0m
[28.663s] [100%] [32m[1mLinking CXX executable xarm_driver_node[0m
[29.198s] [100%] Built target xarm_driver_node
[29.205s] Invoked command in '/home/is3l/dev_ws/build/xarm_api' returned '0': CMAKE_PREFIX_PATH=/home/is3l/dev_ws/install/xarm_sdk:/home/is3l/dev_ws/install/xarm_msgs:/home/is3l/dev_ws/install/xarm_description:/home/is3l/dev_ws/install/xarm_planner:/home/is3l/dev_ws/install/xarm_moveit_servo:/home/is3l/dev_ws/install/xarm_moveit_config:/home/is3l/dev_ws/install/xarm_gazebo:/home/is3l/dev_ws/install/xarm_controller:/home/is3l/dev_ws/install/d435i_xarm_setup:/home/is3l/dev_ws/install/xarm_api:/home/is3l/dev_ws/install/realsense_gazebo_plugin:/home/is3l/dev_ws/install/mbot_demo:/home/is3l/dev_ws/install/uf_ros_lib:/home/is3l/dev_ws/install/test2:/home/is3l/dev_ws/install/motion_package:/home/is3l/dev_ws/install/img_package:/home/is3l/dev_ws/install/game_package:/home/is3l/dev_ws/install/camera_package:/opt/ros/humble LD_LIBRARY_PATH=/home/is3l/dev_ws/install/xarm_sdk/lib:/home/is3l/dev_ws/install/xarm_msgs/lib:/home/is3l/dev_ws/install/xarm_planner/lib:/home/is3l/dev_ws/install/xarm_moveit_servo/lib:/home/is3l/dev_ws/install/xarm_gazebo/lib:/home/is3l/dev_ws/install/xarm_controller/lib:/home/is3l/dev_ws/install/xarm_api/lib:/home/is3l/dev_ws/install/realsense_gazebo_plugin/lib:/usr/lib/x86_64-linux-gnu/gazebo-11/plugins:/opt/ros/humble/opt/rviz_ogre_vendor/lib:/opt/ros/humble/lib/x86_64-linux-gnu:/opt/ros/humble/lib /usr/bin/cmake --build /home/is3l/dev_ws/build/xarm_api -- -j22 -l22
[29.206s] Invoking command in '/home/is3l/dev_ws/build/xarm_api': CMAKE_PREFIX_PATH=/home/is3l/dev_ws/install/xarm_sdk:/home/is3l/dev_ws/install/xarm_msgs:/home/is3l/dev_ws/install/xarm_description:/home/is3l/dev_ws/install/xarm_planner:/home/is3l/dev_ws/install/xarm_moveit_servo:/home/is3l/dev_ws/install/xarm_moveit_config:/home/is3l/dev_ws/install/xarm_gazebo:/home/is3l/dev_ws/install/xarm_controller:/home/is3l/dev_ws/install/d435i_xarm_setup:/home/is3l/dev_ws/install/xarm_api:/home/is3l/dev_ws/install/realsense_gazebo_plugin:/home/is3l/dev_ws/install/mbot_demo:/home/is3l/dev_ws/install/uf_ros_lib:/home/is3l/dev_ws/install/test2:/home/is3l/dev_ws/install/motion_package:/home/is3l/dev_ws/install/img_package:/home/is3l/dev_ws/install/game_package:/home/is3l/dev_ws/install/camera_package:/opt/ros/humble LD_LIBRARY_PATH=/home/is3l/dev_ws/install/xarm_sdk/lib:/home/is3l/dev_ws/install/xarm_msgs/lib:/home/is3l/dev_ws/install/xarm_planner/lib:/home/is3l/dev_ws/install/xarm_moveit_servo/lib:/home/is3l/dev_ws/install/xarm_gazebo/lib:/home/is3l/dev_ws/install/xarm_controller/lib:/home/is3l/dev_ws/install/xarm_api/lib:/home/is3l/dev_ws/install/realsense_gazebo_plugin/lib:/usr/lib/x86_64-linux-gnu/gazebo-11/plugins:/opt/ros/humble/opt/rviz_ogre_vendor/lib:/opt/ros/humble/lib/x86_64-linux-gnu:/opt/ros/humble/lib /usr/bin/cmake --install /home/is3l/dev_ws/build/xarm_api
[29.213s] -- Install configuration: ""
[29.213s] -- Execute custom install script
[29.213s] -- Symlinking: /home/is3l/dev_ws/install/xarm_api/share/xarm_api/environment/library_path.sh
[29.219s] -- Symlinking: /home/is3l/dev_ws/install/xarm_api/share/xarm_api/environment/library_path.dsv
[29.225s] -- Symlinking: /home/is3l/dev_ws/install/xarm_api/include/xarm_api/visibility_control.h
[29.231s] -- Symlinking: /home/is3l/dev_ws/install/xarm_api/include/xarm_api/xarm_driver.h
[29.235s] -- Symlinking: /home/is3l/dev_ws/install/xarm_api/include/xarm_api/xarm_msgs.h
[29.241s] -- Symlinking: /home/is3l/dev_ws/install/xarm_api/include/xarm_api/xarm_ros_client.h
[29.247s] -- Symlinking: /home/is3l/dev_ws/install/xarm_api/lib/libxarm_ros_driver.so
[29.253s] -- Symlinking: /home/is3l/dev_ws/install/xarm_api/lib/libxarm_ros_client.so
[29.257s] -- Symlinking: /home/is3l/dev_ws/install/xarm_api/lib/xarm_api/xarm_driver_node
[29.263s] -- Symlinking: /home/is3l/dev_ws/install/xarm_api/lib/xarm_api/test_xarm_ros_client
[29.268s] -- Symlinking: /home/is3l/dev_ws/install/xarm_api/lib/xarm_api/test_xarm_velo_move
[29.273s] -- Symlinking: /home/is3l/dev_ws/install/xarm_api/lib/xarm_api/test_robot_states
[29.280s] -- Symlinking: /home/is3l/dev_ws/install/xarm_api/share/xarm_api//launch/_robot_driver.launch.py
[29.285s] -- Symlinking: /home/is3l/dev_ws/install/xarm_api/share/xarm_api//launch/lib/robot_api_lib.py
[29.289s] -- Symlinking: /home/is3l/dev_ws/install/xarm_api/share/xarm_api//launch/lite6_driver.launch.py
[29.294s] -- Symlinking: /home/is3l/dev_ws/install/xarm_api/share/xarm_api//launch/uf850_driver.launch.py
[29.298s] -- Symlinking: /home/is3l/dev_ws/install/xarm_api/share/xarm_api//launch/xarm5_driver.launch.py
[29.302s] -- Symlinking: /home/is3l/dev_ws/install/xarm_api/share/xarm_api//launch/xarm6_driver.launch.py
[29.308s] -- Symlinking: /home/is3l/dev_ws/install/xarm_api/share/xarm_api//launch/xarm7_driver.launch.py
[29.314s] -- Symlinking: /home/is3l/dev_ws/install/xarm_api/share/xarm_api//config/xarm_params.yaml
[29.320s] -- Symlinking: /home/is3l/dev_ws/install/xarm_api/share/ament_index/resource_index/package_run_dependencies/xarm_api
[29.327s] -- Symlinking: /home/is3l/dev_ws/install/xarm_api/share/ament_index/resource_index/parent_prefix_path/xarm_api
[29.332s] -- Symlinking: /home/is3l/dev_ws/install/xarm_api/share/xarm_api/environment/ament_prefix_path.sh
[29.336s] -- Symlinking: /home/is3l/dev_ws/install/xarm_api/share/xarm_api/environment/ament_prefix_path.dsv
[29.342s] -- Symlinking: /home/is3l/dev_ws/install/xarm_api/share/xarm_api/environment/path.sh
[29.349s] -- Symlinking: /home/is3l/dev_ws/install/xarm_api/share/xarm_api/environment/path.dsv
[29.354s] -- Symlinking: /home/is3l/dev_ws/install/xarm_api/share/xarm_api/local_setup.bash
[29.361s] -- Symlinking: /home/is3l/dev_ws/install/xarm_api/share/xarm_api/local_setup.sh
[29.366s] -- Symlinking: /home/is3l/dev_ws/install/xarm_api/share/xarm_api/local_setup.zsh
[29.373s] -- Symlinking: /home/is3l/dev_ws/install/xarm_api/share/xarm_api/local_setup.dsv
[29.379s] -- Symlinking: /home/is3l/dev_ws/install/xarm_api/share/xarm_api/package.dsv
[29.384s] -- Symlinking: /home/is3l/dev_ws/install/xarm_api/share/ament_index/resource_index/packages/xarm_api
[29.390s] -- Symlinking: /home/is3l/dev_ws/install/xarm_api/share/xarm_api/cmake/ament_cmake_export_libraries-extras.cmake
[29.395s] -- Symlinking: /home/is3l/dev_ws/install/xarm_api/share/xarm_api/cmake/ament_cmake_export_include_directories-extras.cmake
[29.400s] -- Symlinking: /home/is3l/dev_ws/install/xarm_api/share/xarm_api/cmake/xarm_apiConfig.cmake
[29.406s] -- Symlinking: /home/is3l/dev_ws/install/xarm_api/share/xarm_api/cmake/xarm_apiConfig-version.cmake
[29.410s] -- Symlinking: /home/is3l/dev_ws/install/xarm_api/share/xarm_api/package.xml
[29.417s] Invoked command in '/home/is3l/dev_ws/build/xarm_api' returned '0': CMAKE_PREFIX_PATH=/home/is3l/dev_ws/install/xarm_sdk:/home/is3l/dev_ws/install/xarm_msgs:/home/is3l/dev_ws/install/xarm_description:/home/is3l/dev_ws/install/xarm_planner:/home/is3l/dev_ws/install/xarm_moveit_servo:/home/is3l/dev_ws/install/xarm_moveit_config:/home/is3l/dev_ws/install/xarm_gazebo:/home/is3l/dev_ws/install/xarm_controller:/home/is3l/dev_ws/install/d435i_xarm_setup:/home/is3l/dev_ws/install/xarm_api:/home/is3l/dev_ws/install/realsense_gazebo_plugin:/home/is3l/dev_ws/install/mbot_demo:/home/is3l/dev_ws/install/uf_ros_lib:/home/is3l/dev_ws/install/test2:/home/is3l/dev_ws/install/motion_package:/home/is3l/dev_ws/install/img_package:/home/is3l/dev_ws/install/game_package:/home/is3l/dev_ws/install/camera_package:/opt/ros/humble LD_LIBRARY_PATH=/home/is3l/dev_ws/install/xarm_sdk/lib:/home/is3l/dev_ws/install/xarm_msgs/lib:/home/is3l/dev_ws/install/xarm_planner/lib:/home/is3l/dev_ws/install/xarm_moveit_servo/lib:/home/is3l/dev_ws/install/xarm_gazebo/lib:/home/is3l/dev_ws/install/xarm_controller/lib:/home/is3l/dev_ws/install/xarm_api/lib:/home/is3l/dev_ws/install/realsense_gazebo_plugin/lib:/usr/lib/x86_64-linux-gnu/gazebo-11/plugins:/opt/ros/humble/opt/rviz_ogre_vendor/lib:/opt/ros/humble/lib/x86_64-linux-gnu:/opt/ros/humble/lib /usr/bin/cmake --install /home/is3l/dev_ws/build/xarm_api
