[0.019s] Invoking command in '/home/is3l/dev_ws/build/xarm_moveit_servo': AMENT_PREFIX_PATH=/home/is3l/dev_ws/install/uf_ros_lib:/home/is3l/dev_ws/install/xarm_planner:/home/is3l/dev_ws/install/xarm_moveit_servo:/home/is3l/dev_ws/install/xarm_moveit_config:/home/is3l/dev_ws/install/xarm_gazebo:/home/is3l/dev_ws/install/xarm_controller:/home/is3l/dev_ws/install/d435i_xarm_setup:/home/is3l/dev_ws/install/xarm_api:/home/is3l/dev_ws/install/xarm_sdk:/home/is3l/dev_ws/install/xarm_msgs:/home/is3l/dev_ws/install/xarm_description:/home/is3l/dev_ws/install/test2:/home/is3l/dev_ws/install/realsense_gazebo_plugin:/home/is3l/dev_ws/install/motion_package:/home/is3l/dev_ws/install/mbot_demo:/home/is3l/dev_ws/install/img_package:/home/is3l/dev_ws/install/game_package:/home/is3l/dev_ws/install/camera_package:/opt/ros/humble CMAKE_PREFIX_PATH=/home/is3l/dev_ws/install/xarm_moveit_config:/home/is3l/dev_ws/install/xarm_gazebo:/home/is3l/dev_ws/install/xarm_controller:/home/is3l/dev_ws/install/xarm_api:/home/is3l/dev_ws/install/xarm_sdk:/home/is3l/dev_ws/install/xarm_msgs:/home/is3l/dev_ws/install/xarm_description:/home/is3l/dev_ws/install/xarm_planner:/home/is3l/dev_ws/install/xarm_moveit_servo:/home/is3l/dev_ws/install/d435i_xarm_setup:/home/is3l/dev_ws/install/realsense_gazebo_plugin:/home/is3l/dev_ws/install/mbot_demo:/home/is3l/dev_ws/install/uf_ros_lib:/home/is3l/dev_ws/install/test2:/home/is3l/dev_ws/install/motion_package:/home/is3l/dev_ws/install/img_package:/home/is3l/dev_ws/install/game_package:/home/is3l/dev_ws/install/camera_package:/opt/ros/humble LD_LIBRARY_PATH=/home/is3l/dev_ws/install/xarm_gazebo/lib:/home/is3l/dev_ws/install/xarm_controller/lib:/home/is3l/dev_ws/install/xarm_api/lib:/home/is3l/dev_ws/install/xarm_sdk/lib:/home/is3l/dev_ws/install/xarm_msgs/lib:/home/is3l/dev_ws/install/xarm_planner/lib:/home/is3l/dev_ws/install/xarm_moveit_servo/lib:/home/is3l/dev_ws/install/realsense_gazebo_plugin/lib:/usr/lib/x86_64-linux-gnu/gazebo-11/plugins:/opt/ros/humble/opt/rviz_ogre_vendor/lib:/opt/ros/humble/lib/x86_64-linux-gnu:/opt/ros/humble/lib PYTHONPATH=/home/is3l/dev_ws/build/uf_ros_lib:/home/is3l/dev_ws/install/uf_ros_lib/lib/python3.10/site-packages:/home/is3l/dev_ws/install/xarm_msgs/local/lib/python3.10/dist-packages:/home/is3l/dev_ws/build/test2:/home/is3l/dev_ws/install/test2/lib/python3.10/site-packages:/home/is3l/dev_ws/build/motion_package:/home/is3l/dev_ws/install/motion_package/lib/python3.10/site-packages:/home/is3l/dev_ws/build/img_package:/home/is3l/dev_ws/install/img_package/lib/python3.10/site-packages:/home/is3l/dev_ws/build/game_package:/home/is3l/dev_ws/install/game_package/lib/python3.10/site-packages:/home/is3l/dev_ws/build/camera_package:/home/is3l/dev_ws/install/camera_package/lib/python3.10/site-packages:/opt/ros/humble/lib/python3.10/site-packages:/opt/ros/humble/local/lib/python3.10/dist-packages /usr/bin/cmake /home/is3l/dev_ws/src/xarm_ros2/xarm_moveit_servo -DAMENT_CMAKE_SYMLINK_INSTALL=1 -DCMAKE_INSTALL_PREFIX=/home/is3l/dev_ws/install/xarm_moveit_servo
[0.067s] -- The C compiler identification is GNU 11.4.0
[0.105s] -- The CXX compiler identification is GNU 11.4.0
[0.110s] -- Detecting C compiler ABI info
[0.158s] -- Detecting C compiler ABI info - done
[0.163s] -- Check for working C compiler: /usr/bin/cc - skipped
[0.163s] -- Detecting C compile features
[0.164s] -- Detecting C compile features - done
[0.165s] -- Detecting CXX compiler ABI info
[0.218s] -- Detecting CXX compiler ABI info - done
[0.222s] -- Check for working CXX compiler: /usr/bin/c++ - skipped
[0.222s] -- Detecting CXX compile features
[0.222s] -- Detecting CXX compile features - done
[0.224s] -- Found ament_cmake: 1.3.14 (/opt/ros/humble/share/ament_cmake/cmake)
[0.337s] -- Found Python3: /usr/bin/python3 (found version "3.10.12") found components: Interpreter 
[0.379s] -- Override CMake install command with custom implementation using symlinks instead of copying resources
[0.403s] -- Found rclcpp: 16.0.19 (/opt/ros/humble/share/rclcpp/cmake)
[0.431s] -- Found rosidl_generator_c: 3.1.8 (/opt/ros/humble/share/rosidl_generator_c/cmake)
[0.435s] -- Found rosidl_adapter: 3.1.8 (/opt/ros/humble/share/rosidl_adapter/cmake)
[0.441s] -- Found rosidl_generator_cpp: 3.1.8 (/opt/ros/humble/share/rosidl_generator_cpp/cmake)
[0.450s] -- Using all available rosidl_typesupport_c: rosidl_typesupport_fastrtps_c;rosidl_typesupport_introspection_c
[0.461s] -- Using all available rosidl_typesupport_cpp: rosidl_typesupport_fastrtps_cpp;rosidl_typesupport_introspection_cpp
[0.493s] -- Found rmw_implementation_cmake: 6.1.2 (/opt/ros/humble/share/rmw_implementation_cmake/cmake)
[0.495s] -- Found rmw_fastrtps_cpp: 6.2.10 (/opt/ros/humble/share/rmw_fastrtps_cpp/cmake)
[0.566s] -- Found OpenSSL: /usr/lib/x86_64-linux-gnu/libcrypto.so (found version "3.0.2")  
[0.585s] -- Found FastRTPS: /opt/ros/humble/include  
[0.618s] -- Using RMW implementation 'rmw_fastrtps_cpp' as default
[0.624s] -- Looking for pthread.h
[0.675s] -- Looking for pthread.h - found
[0.675s] -- Performing Test CMAKE_HAVE_LIBC_PTHREAD
[0.733s] -- Performing Test CMAKE_HAVE_LIBC_PTHREAD - Success
[0.734s] -- Found Threads: TRUE  
[0.766s] -- Found rclcpp_components: 16.0.19 (/opt/ros/humble/share/rclcpp_components/cmake)
[0.784s] -- Found std_srvs: 4.9.1 (/opt/ros/humble/share/std_srvs/cmake)
[0.790s] -- Found sensor_msgs: 4.9.1 (/opt/ros/humble/share/sensor_msgs/cmake)
[0.810s] -- Found control_msgs: 4.8.0 (/opt/ros/humble/share/control_msgs/cmake)
[0.853s] -- Found moveit_msgs: 2.2.1 (/opt/ros/humble/share/moveit_msgs/cmake)
[0.904s] -- Found moveit_ros_planning: 2.5.9 (/opt/ros/humble/share/moveit_ros_planning/cmake)
[0.927s] -- Found Boost: /usr/lib/x86_64-linux-gnu/cmake/Boost-1.74.0/BoostConfig.cmake (found version "1.74.0") found components: system filesystem date_time program_options thread chrono 
[1.003s] -- Found Boost: /usr/lib/x86_64-linux-gnu/cmake/Boost-1.74.0/BoostConfig.cmake (found version "1.74.0") found components: chrono date_time filesystem iostreams program_options regex serialization system thread 
[1.030s] -- Found parameter_traits: 0.7.1 (/opt/ros/humble/share/parameter_traits/cmake)
[1.041s] -- Found rclcpp_lifecycle: 16.0.19 (/opt/ros/humble/share/rclcpp_lifecycle/cmake)
[1.057s] -- Found Boost: /usr/lib/x86_64-linux-gnu/cmake/Boost-1.74.0/BoostConfig.cmake (found version "1.74.0") found components: filesystem 
[1.130s] -- library: /usr/lib/x86_64-linux-gnu/libcurl.so
[1.151s] -- Found Eigen3: TRUE (found version "3.4.0") 
[1.151s] -- Ensuring Eigen3 include directory is part of orocos-kdl CMake target
[1.183s] -- Found ament_lint_auto: 0.12.15 (/opt/ros/humble/share/ament_lint_auto/cmake)
[1.249s] -- Added test 'copyright' to check source files copyright and LICENSE
[1.250s] -- Added test 'cppcheck' to perform static code analysis on C / C++ code
[1.250s] -- Configured cppcheck include dirs: /home/is3l/dev_ws/src/xarm_ros2/xarm_moveit_servo/include
[1.250s] -- Configured cppcheck exclude dirs and/or files: 
[1.251s] -- Added test 'cpplint' to check C / C++ code against the Google style
[1.251s] -- Configured cpplint exclude dirs and/or files: 
[1.251s] -- Added test 'flake8' to check Python code syntax and style conventions
[1.252s] -- Added test 'lint_cmake' to check CMake code style
[1.252s] -- Added test 'pep257' to check Python code against some of the docstring style conventions in PEP 257
[1.253s] -- Added test 'uncrustify' to check C / C++ code style
[1.253s] -- Configured uncrustify additional arguments: 
[1.253s] -- Added test 'xmllint' to check XML markup files
[1.254s] -- Configuring done
[1.273s] -- Generating done
[1.280s] -- Build files have been written to: /home/is3l/dev_ws/build/xarm_moveit_servo
[1.289s] Invoked command in '/home/is3l/dev_ws/build/xarm_moveit_servo' returned '0': AMENT_PREFIX_PATH=/home/is3l/dev_ws/install/uf_ros_lib:/home/is3l/dev_ws/install/xarm_planner:/home/is3l/dev_ws/install/xarm_moveit_servo:/home/is3l/dev_ws/install/xarm_moveit_config:/home/is3l/dev_ws/install/xarm_gazebo:/home/is3l/dev_ws/install/xarm_controller:/home/is3l/dev_ws/install/d435i_xarm_setup:/home/is3l/dev_ws/install/xarm_api:/home/is3l/dev_ws/install/xarm_sdk:/home/is3l/dev_ws/install/xarm_msgs:/home/is3l/dev_ws/install/xarm_description:/home/is3l/dev_ws/install/test2:/home/is3l/dev_ws/install/realsense_gazebo_plugin:/home/is3l/dev_ws/install/motion_package:/home/is3l/dev_ws/install/mbot_demo:/home/is3l/dev_ws/install/img_package:/home/is3l/dev_ws/install/game_package:/home/is3l/dev_ws/install/camera_package:/opt/ros/humble CMAKE_PREFIX_PATH=/home/is3l/dev_ws/install/xarm_moveit_config:/home/is3l/dev_ws/install/xarm_gazebo:/home/is3l/dev_ws/install/xarm_controller:/home/is3l/dev_ws/install/xarm_api:/home/is3l/dev_ws/install/xarm_sdk:/home/is3l/dev_ws/install/xarm_msgs:/home/is3l/dev_ws/install/xarm_description:/home/is3l/dev_ws/install/xarm_planner:/home/is3l/dev_ws/install/xarm_moveit_servo:/home/is3l/dev_ws/install/d435i_xarm_setup:/home/is3l/dev_ws/install/realsense_gazebo_plugin:/home/is3l/dev_ws/install/mbot_demo:/home/is3l/dev_ws/install/uf_ros_lib:/home/is3l/dev_ws/install/test2:/home/is3l/dev_ws/install/motion_package:/home/is3l/dev_ws/install/img_package:/home/is3l/dev_ws/install/game_package:/home/is3l/dev_ws/install/camera_package:/opt/ros/humble LD_LIBRARY_PATH=/home/is3l/dev_ws/install/xarm_gazebo/lib:/home/is3l/dev_ws/install/xarm_controller/lib:/home/is3l/dev_ws/install/xarm_api/lib:/home/is3l/dev_ws/install/xarm_sdk/lib:/home/is3l/dev_ws/install/xarm_msgs/lib:/home/is3l/dev_ws/install/xarm_planner/lib:/home/is3l/dev_ws/install/xarm_moveit_servo/lib:/home/is3l/dev_ws/install/realsense_gazebo_plugin/lib:/usr/lib/x86_64-linux-gnu/gazebo-11/plugins:/opt/ros/humble/opt/rviz_ogre_vendor/lib:/opt/ros/humble/lib/x86_64-linux-gnu:/opt/ros/humble/lib PYTHONPATH=/home/is3l/dev_ws/build/uf_ros_lib:/home/is3l/dev_ws/install/uf_ros_lib/lib/python3.10/site-packages:/home/is3l/dev_ws/install/xarm_msgs/local/lib/python3.10/dist-packages:/home/is3l/dev_ws/build/test2:/home/is3l/dev_ws/install/test2/lib/python3.10/site-packages:/home/is3l/dev_ws/build/motion_package:/home/is3l/dev_ws/install/motion_package/lib/python3.10/site-packages:/home/is3l/dev_ws/build/img_package:/home/is3l/dev_ws/install/img_package/lib/python3.10/site-packages:/home/is3l/dev_ws/build/game_package:/home/is3l/dev_ws/install/game_package/lib/python3.10/site-packages:/home/is3l/dev_ws/build/camera_package:/home/is3l/dev_ws/install/camera_package/lib/python3.10/site-packages:/opt/ros/humble/lib/python3.10/site-packages:/opt/ros/humble/local/lib/python3.10/dist-packages /usr/bin/cmake /home/is3l/dev_ws/src/xarm_ros2/xarm_moveit_servo -DAMENT_CMAKE_SYMLINK_INSTALL=1 -DCMAKE_INSTALL_PREFIX=/home/is3l/dev_ws/install/xarm_moveit_servo
[1.292s] Invoking command in '/home/is3l/dev_ws/build/xarm_moveit_servo': AMENT_PREFIX_PATH=/home/is3l/dev_ws/install/uf_ros_lib:/home/is3l/dev_ws/install/xarm_planner:/home/is3l/dev_ws/install/xarm_moveit_servo:/home/is3l/dev_ws/install/xarm_moveit_config:/home/is3l/dev_ws/install/xarm_gazebo:/home/is3l/dev_ws/install/xarm_controller:/home/is3l/dev_ws/install/d435i_xarm_setup:/home/is3l/dev_ws/install/xarm_api:/home/is3l/dev_ws/install/xarm_sdk:/home/is3l/dev_ws/install/xarm_msgs:/home/is3l/dev_ws/install/xarm_description:/home/is3l/dev_ws/install/test2:/home/is3l/dev_ws/install/realsense_gazebo_plugin:/home/is3l/dev_ws/install/motion_package:/home/is3l/dev_ws/install/mbot_demo:/home/is3l/dev_ws/install/img_package:/home/is3l/dev_ws/install/game_package:/home/is3l/dev_ws/install/camera_package:/opt/ros/humble CMAKE_PREFIX_PATH=/home/is3l/dev_ws/install/xarm_moveit_config:/home/is3l/dev_ws/install/xarm_gazebo:/home/is3l/dev_ws/install/xarm_controller:/home/is3l/dev_ws/install/xarm_api:/home/is3l/dev_ws/install/xarm_sdk:/home/is3l/dev_ws/install/xarm_msgs:/home/is3l/dev_ws/install/xarm_description:/home/is3l/dev_ws/install/xarm_planner:/home/is3l/dev_ws/install/xarm_moveit_servo:/home/is3l/dev_ws/install/d435i_xarm_setup:/home/is3l/dev_ws/install/realsense_gazebo_plugin:/home/is3l/dev_ws/install/mbot_demo:/home/is3l/dev_ws/install/uf_ros_lib:/home/is3l/dev_ws/install/test2:/home/is3l/dev_ws/install/motion_package:/home/is3l/dev_ws/install/img_package:/home/is3l/dev_ws/install/game_package:/home/is3l/dev_ws/install/camera_package:/opt/ros/humble LD_LIBRARY_PATH=/home/is3l/dev_ws/install/xarm_gazebo/lib:/home/is3l/dev_ws/install/xarm_controller/lib:/home/is3l/dev_ws/install/xarm_api/lib:/home/is3l/dev_ws/install/xarm_sdk/lib:/home/is3l/dev_ws/install/xarm_msgs/lib:/home/is3l/dev_ws/install/xarm_planner/lib:/home/is3l/dev_ws/install/xarm_moveit_servo/lib:/home/is3l/dev_ws/install/realsense_gazebo_plugin/lib:/usr/lib/x86_64-linux-gnu/gazebo-11/plugins:/opt/ros/humble/opt/rviz_ogre_vendor/lib:/opt/ros/humble/lib/x86_64-linux-gnu:/opt/ros/humble/lib PYTHONPATH=/home/is3l/dev_ws/build/uf_ros_lib:/home/is3l/dev_ws/install/uf_ros_lib/lib/python3.10/site-packages:/home/is3l/dev_ws/install/xarm_msgs/local/lib/python3.10/dist-packages:/home/is3l/dev_ws/build/test2:/home/is3l/dev_ws/install/test2/lib/python3.10/site-packages:/home/is3l/dev_ws/build/motion_package:/home/is3l/dev_ws/install/motion_package/lib/python3.10/site-packages:/home/is3l/dev_ws/build/img_package:/home/is3l/dev_ws/install/img_package/lib/python3.10/site-packages:/home/is3l/dev_ws/build/game_package:/home/is3l/dev_ws/install/game_package/lib/python3.10/site-packages:/home/is3l/dev_ws/build/camera_package:/home/is3l/dev_ws/install/camera_package/lib/python3.10/site-packages:/opt/ros/humble/lib/python3.10/site-packages:/opt/ros/humble/local/lib/python3.10/dist-packages /usr/bin/cmake --build /home/is3l/dev_ws/build/xarm_moveit_servo -- -j22 -l22
[1.337s] [ 25%] [32mBuilding CXX object CMakeFiles/xarm_joystick_input.dir/src/xarm_joystick_input.cpp.o[0m
[1.337s] [ 50%] [32mBuilding CXX object CMakeFiles/xarm_keyboard_input.dir/src/xarm_keyboard_input.cpp.o[0m
[5.359s] [ 75%] [32m[1mLinking CXX executable xarm_keyboard_input[0m
[5.620s] [ 75%] Built target xarm_keyboard_input
[7.941s] [100%] [32m[1mLinking CXX shared library libxarm_joystick_input.so[0m
[8.574s] [100%] Built target xarm_joystick_input
[8.587s] Invoked command in '/home/is3l/dev_ws/build/xarm_moveit_servo' returned '0': AMENT_PREFIX_PATH=/home/is3l/dev_ws/install/uf_ros_lib:/home/is3l/dev_ws/install/xarm_planner:/home/is3l/dev_ws/install/xarm_moveit_servo:/home/is3l/dev_ws/install/xarm_moveit_config:/home/is3l/dev_ws/install/xarm_gazebo:/home/is3l/dev_ws/install/xarm_controller:/home/is3l/dev_ws/install/d435i_xarm_setup:/home/is3l/dev_ws/install/xarm_api:/home/is3l/dev_ws/install/xarm_sdk:/home/is3l/dev_ws/install/xarm_msgs:/home/is3l/dev_ws/install/xarm_description:/home/is3l/dev_ws/install/test2:/home/is3l/dev_ws/install/realsense_gazebo_plugin:/home/is3l/dev_ws/install/motion_package:/home/is3l/dev_ws/install/mbot_demo:/home/is3l/dev_ws/install/img_package:/home/is3l/dev_ws/install/game_package:/home/is3l/dev_ws/install/camera_package:/opt/ros/humble CMAKE_PREFIX_PATH=/home/is3l/dev_ws/install/xarm_moveit_config:/home/is3l/dev_ws/install/xarm_gazebo:/home/is3l/dev_ws/install/xarm_controller:/home/is3l/dev_ws/install/xarm_api:/home/is3l/dev_ws/install/xarm_sdk:/home/is3l/dev_ws/install/xarm_msgs:/home/is3l/dev_ws/install/xarm_description:/home/is3l/dev_ws/install/xarm_planner:/home/is3l/dev_ws/install/xarm_moveit_servo:/home/is3l/dev_ws/install/d435i_xarm_setup:/home/is3l/dev_ws/install/realsense_gazebo_plugin:/home/is3l/dev_ws/install/mbot_demo:/home/is3l/dev_ws/install/uf_ros_lib:/home/is3l/dev_ws/install/test2:/home/is3l/dev_ws/install/motion_package:/home/is3l/dev_ws/install/img_package:/home/is3l/dev_ws/install/game_package:/home/is3l/dev_ws/install/camera_package:/opt/ros/humble LD_LIBRARY_PATH=/home/is3l/dev_ws/install/xarm_gazebo/lib:/home/is3l/dev_ws/install/xarm_controller/lib:/home/is3l/dev_ws/install/xarm_api/lib:/home/is3l/dev_ws/install/xarm_sdk/lib:/home/is3l/dev_ws/install/xarm_msgs/lib:/home/is3l/dev_ws/install/xarm_planner/lib:/home/is3l/dev_ws/install/xarm_moveit_servo/lib:/home/is3l/dev_ws/install/realsense_gazebo_plugin/lib:/usr/lib/x86_64-linux-gnu/gazebo-11/plugins:/opt/ros/humble/opt/rviz_ogre_vendor/lib:/opt/ros/humble/lib/x86_64-linux-gnu:/opt/ros/humble/lib PYTHONPATH=/home/is3l/dev_ws/build/uf_ros_lib:/home/is3l/dev_ws/install/uf_ros_lib/lib/python3.10/site-packages:/home/is3l/dev_ws/install/xarm_msgs/local/lib/python3.10/dist-packages:/home/is3l/dev_ws/build/test2:/home/is3l/dev_ws/install/test2/lib/python3.10/site-packages:/home/is3l/dev_ws/build/motion_package:/home/is3l/dev_ws/install/motion_package/lib/python3.10/site-packages:/home/is3l/dev_ws/build/img_package:/home/is3l/dev_ws/install/img_package/lib/python3.10/site-packages:/home/is3l/dev_ws/build/game_package:/home/is3l/dev_ws/install/game_package/lib/python3.10/site-packages:/home/is3l/dev_ws/build/camera_package:/home/is3l/dev_ws/install/camera_package/lib/python3.10/site-packages:/opt/ros/humble/lib/python3.10/site-packages:/opt/ros/humble/local/lib/python3.10/dist-packages /usr/bin/cmake --build /home/is3l/dev_ws/build/xarm_moveit_servo -- -j22 -l22
[8.591s] Invoking command in '/home/is3l/dev_ws/build/xarm_moveit_servo': AMENT_PREFIX_PATH=/home/is3l/dev_ws/install/uf_ros_lib:/home/is3l/dev_ws/install/xarm_planner:/home/is3l/dev_ws/install/xarm_moveit_servo:/home/is3l/dev_ws/install/xarm_moveit_config:/home/is3l/dev_ws/install/xarm_gazebo:/home/is3l/dev_ws/install/xarm_controller:/home/is3l/dev_ws/install/d435i_xarm_setup:/home/is3l/dev_ws/install/xarm_api:/home/is3l/dev_ws/install/xarm_sdk:/home/is3l/dev_ws/install/xarm_msgs:/home/is3l/dev_ws/install/xarm_description:/home/is3l/dev_ws/install/test2:/home/is3l/dev_ws/install/realsense_gazebo_plugin:/home/is3l/dev_ws/install/motion_package:/home/is3l/dev_ws/install/mbot_demo:/home/is3l/dev_ws/install/img_package:/home/is3l/dev_ws/install/game_package:/home/is3l/dev_ws/install/camera_package:/opt/ros/humble CMAKE_PREFIX_PATH=/home/is3l/dev_ws/install/xarm_moveit_config:/home/is3l/dev_ws/install/xarm_gazebo:/home/is3l/dev_ws/install/xarm_controller:/home/is3l/dev_ws/install/xarm_api:/home/is3l/dev_ws/install/xarm_sdk:/home/is3l/dev_ws/install/xarm_msgs:/home/is3l/dev_ws/install/xarm_description:/home/is3l/dev_ws/install/xarm_planner:/home/is3l/dev_ws/install/xarm_moveit_servo:/home/is3l/dev_ws/install/d435i_xarm_setup:/home/is3l/dev_ws/install/realsense_gazebo_plugin:/home/is3l/dev_ws/install/mbot_demo:/home/is3l/dev_ws/install/uf_ros_lib:/home/is3l/dev_ws/install/test2:/home/is3l/dev_ws/install/motion_package:/home/is3l/dev_ws/install/img_package:/home/is3l/dev_ws/install/game_package:/home/is3l/dev_ws/install/camera_package:/opt/ros/humble LD_LIBRARY_PATH=/home/is3l/dev_ws/install/xarm_gazebo/lib:/home/is3l/dev_ws/install/xarm_controller/lib:/home/is3l/dev_ws/install/xarm_api/lib:/home/is3l/dev_ws/install/xarm_sdk/lib:/home/is3l/dev_ws/install/xarm_msgs/lib:/home/is3l/dev_ws/install/xarm_planner/lib:/home/is3l/dev_ws/install/xarm_moveit_servo/lib:/home/is3l/dev_ws/install/realsense_gazebo_plugin/lib:/usr/lib/x86_64-linux-gnu/gazebo-11/plugins:/opt/ros/humble/opt/rviz_ogre_vendor/lib:/opt/ros/humble/lib/x86_64-linux-gnu:/opt/ros/humble/lib PYTHONPATH=/home/is3l/dev_ws/build/uf_ros_lib:/home/is3l/dev_ws/install/uf_ros_lib/lib/python3.10/site-packages:/home/is3l/dev_ws/install/xarm_msgs/local/lib/python3.10/dist-packages:/home/is3l/dev_ws/build/test2:/home/is3l/dev_ws/install/test2/lib/python3.10/site-packages:/home/is3l/dev_ws/build/motion_package:/home/is3l/dev_ws/install/motion_package/lib/python3.10/site-packages:/home/is3l/dev_ws/build/img_package:/home/is3l/dev_ws/install/img_package/lib/python3.10/site-packages:/home/is3l/dev_ws/build/game_package:/home/is3l/dev_ws/install/game_package/lib/python3.10/site-packages:/home/is3l/dev_ws/build/camera_package:/home/is3l/dev_ws/install/camera_package/lib/python3.10/site-packages:/opt/ros/humble/lib/python3.10/site-packages:/opt/ros/humble/local/lib/python3.10/dist-packages /usr/bin/cmake --install /home/is3l/dev_ws/build/xarm_moveit_servo
[8.600s] -- Install configuration: ""
[8.600s] -- Execute custom install script
[8.601s] -- Symlinking: /home/is3l/dev_ws/install/xarm_moveit_servo/share/xarm_moveit_servo//config/xarm_moveit_servo_config.yaml
[8.611s] -- Symlinking: /home/is3l/dev_ws/install/xarm_moveit_servo/share/xarm_moveit_servo//launch/_robot_moveit_servo.launch.py
[8.620s] -- Symlinking: /home/is3l/dev_ws/install/xarm_moveit_servo/share/xarm_moveit_servo//launch/_robot_moveit_servo_fake.launch.py
[8.629s] -- Symlinking: /home/is3l/dev_ws/install/xarm_moveit_servo/share/xarm_moveit_servo//launch/_robot_moveit_servo_realmove.launch.py
[8.637s] -- Symlinking: /home/is3l/dev_ws/install/xarm_moveit_servo/share/xarm_moveit_servo//launch/lite6_moveit_servo_fake.launch.py
[8.643s] -- Symlinking: /home/is3l/dev_ws/install/xarm_moveit_servo/share/xarm_moveit_servo//launch/lite6_moveit_servo_realmove.launch.py
[8.651s] -- Symlinking: /home/is3l/dev_ws/install/xarm_moveit_servo/share/xarm_moveit_servo//launch/uf850_moveit_servo_fake.launch.py
[8.660s] -- Symlinking: /home/is3l/dev_ws/install/xarm_moveit_servo/share/xarm_moveit_servo//launch/uf850_moveit_servo_realmove.launch.py
[8.669s] -- Symlinking: /home/is3l/dev_ws/install/xarm_moveit_servo/share/xarm_moveit_servo//launch/xarm_moveit_servo_fake.launch.py
[8.678s] -- Symlinking: /home/is3l/dev_ws/install/xarm_moveit_servo/share/xarm_moveit_servo//launch/xarm_moveit_servo_realmove.launch.py
[8.686s] -- Symlinking: /home/is3l/dev_ws/install/xarm_moveit_servo/share/xarm_moveit_servo//rviz/servo.rviz
[8.695s] -- Symlinking: /home/is3l/dev_ws/install/xarm_moveit_servo/share/ament_index/resource_index/package_run_dependencies/xarm_moveit_servo
[8.702s] -- Symlinking: /home/is3l/dev_ws/install/xarm_moveit_servo/share/ament_index/resource_index/parent_prefix_path/xarm_moveit_servo
[8.712s] -- Symlinking: /home/is3l/dev_ws/install/xarm_moveit_servo/share/xarm_moveit_servo/environment/ament_prefix_path.sh
[8.720s] -- Symlinking: /home/is3l/dev_ws/install/xarm_moveit_servo/share/xarm_moveit_servo/environment/ament_prefix_path.dsv
[8.730s] -- Symlinking: /home/is3l/dev_ws/install/xarm_moveit_servo/share/xarm_moveit_servo/environment/path.sh
[8.737s] -- Symlinking: /home/is3l/dev_ws/install/xarm_moveit_servo/share/xarm_moveit_servo/environment/path.dsv
[8.747s] -- Symlinking: /home/is3l/dev_ws/install/xarm_moveit_servo/share/xarm_moveit_servo/local_setup.bash
[8.758s] -- Symlinking: /home/is3l/dev_ws/install/xarm_moveit_servo/share/xarm_moveit_servo/local_setup.sh
[8.768s] -- Symlinking: /home/is3l/dev_ws/install/xarm_moveit_servo/share/xarm_moveit_servo/local_setup.zsh
[8.777s] -- Symlinking: /home/is3l/dev_ws/install/xarm_moveit_servo/share/xarm_moveit_servo/local_setup.dsv
[8.788s] -- Symlinking: /home/is3l/dev_ws/install/xarm_moveit_servo/share/xarm_moveit_servo/package.dsv
[8.797s] -- Symlinking: /home/is3l/dev_ws/install/xarm_moveit_servo/share/ament_index/resource_index/packages/xarm_moveit_servo
[8.806s] -- Symlinking: /home/is3l/dev_ws/install/xarm_moveit_servo/share/ament_index/resource_index/rclcpp_components/xarm_moveit_servo
[8.816s] -- Symlinking: /home/is3l/dev_ws/install/xarm_moveit_servo/share/xarm_moveit_servo/cmake/xarm_moveit_servoConfig.cmake
[8.826s] -- Symlinking: /home/is3l/dev_ws/install/xarm_moveit_servo/share/xarm_moveit_servo/cmake/xarm_moveit_servoConfig-version.cmake
[8.835s] -- Symlinking: /home/is3l/dev_ws/install/xarm_moveit_servo/share/xarm_moveit_servo/package.xml
[8.845s] -- Installing: /home/is3l/dev_ws/install/xarm_moveit_servo/lib/libxarm_joystick_input.so
[8.850s] -- Set runtime path of "/home/is3l/dev_ws/install/xarm_moveit_servo/lib/libxarm_joystick_input.so" to ""
[8.850s] -- Installing: /home/is3l/dev_ws/install/xarm_moveit_servo/lib/xarm_moveit_servo/xarm_keyboard_input
[8.852s] -- Set runtime path of "/home/is3l/dev_ws/install/xarm_moveit_servo/lib/xarm_moveit_servo/xarm_keyboard_input" to ""
[8.855s] Invoked command in '/home/is3l/dev_ws/build/xarm_moveit_servo' returned '0': AMENT_PREFIX_PATH=/home/is3l/dev_ws/install/uf_ros_lib:/home/is3l/dev_ws/install/xarm_planner:/home/is3l/dev_ws/install/xarm_moveit_servo:/home/is3l/dev_ws/install/xarm_moveit_config:/home/is3l/dev_ws/install/xarm_gazebo:/home/is3l/dev_ws/install/xarm_controller:/home/is3l/dev_ws/install/d435i_xarm_setup:/home/is3l/dev_ws/install/xarm_api:/home/is3l/dev_ws/install/xarm_sdk:/home/is3l/dev_ws/install/xarm_msgs:/home/is3l/dev_ws/install/xarm_description:/home/is3l/dev_ws/install/test2:/home/is3l/dev_ws/install/realsense_gazebo_plugin:/home/is3l/dev_ws/install/motion_package:/home/is3l/dev_ws/install/mbot_demo:/home/is3l/dev_ws/install/img_package:/home/is3l/dev_ws/install/game_package:/home/is3l/dev_ws/install/camera_package:/opt/ros/humble CMAKE_PREFIX_PATH=/home/is3l/dev_ws/install/xarm_moveit_config:/home/is3l/dev_ws/install/xarm_gazebo:/home/is3l/dev_ws/install/xarm_controller:/home/is3l/dev_ws/install/xarm_api:/home/is3l/dev_ws/install/xarm_sdk:/home/is3l/dev_ws/install/xarm_msgs:/home/is3l/dev_ws/install/xarm_description:/home/is3l/dev_ws/install/xarm_planner:/home/is3l/dev_ws/install/xarm_moveit_servo:/home/is3l/dev_ws/install/d435i_xarm_setup:/home/is3l/dev_ws/install/realsense_gazebo_plugin:/home/is3l/dev_ws/install/mbot_demo:/home/is3l/dev_ws/install/uf_ros_lib:/home/is3l/dev_ws/install/test2:/home/is3l/dev_ws/install/motion_package:/home/is3l/dev_ws/install/img_package:/home/is3l/dev_ws/install/game_package:/home/is3l/dev_ws/install/camera_package:/opt/ros/humble LD_LIBRARY_PATH=/home/is3l/dev_ws/install/xarm_gazebo/lib:/home/is3l/dev_ws/install/xarm_controller/lib:/home/is3l/dev_ws/install/xarm_api/lib:/home/is3l/dev_ws/install/xarm_sdk/lib:/home/is3l/dev_ws/install/xarm_msgs/lib:/home/is3l/dev_ws/install/xarm_planner/lib:/home/is3l/dev_ws/install/xarm_moveit_servo/lib:/home/is3l/dev_ws/install/realsense_gazebo_plugin/lib:/usr/lib/x86_64-linux-gnu/gazebo-11/plugins:/opt/ros/humble/opt/rviz_ogre_vendor/lib:/opt/ros/humble/lib/x86_64-linux-gnu:/opt/ros/humble/lib PYTHONPATH=/home/is3l/dev_ws/build/uf_ros_lib:/home/is3l/dev_ws/install/uf_ros_lib/lib/python3.10/site-packages:/home/is3l/dev_ws/install/xarm_msgs/local/lib/python3.10/dist-packages:/home/is3l/dev_ws/build/test2:/home/is3l/dev_ws/install/test2/lib/python3.10/site-packages:/home/is3l/dev_ws/build/motion_package:/home/is3l/dev_ws/install/motion_package/lib/python3.10/site-packages:/home/is3l/dev_ws/build/img_package:/home/is3l/dev_ws/install/img_package/lib/python3.10/site-packages:/home/is3l/dev_ws/build/game_package:/home/is3l/dev_ws/install/game_package/lib/python3.10/site-packages:/home/is3l/dev_ws/build/camera_package:/home/is3l/dev_ws/install/camera_package/lib/python3.10/site-packages:/opt/ros/humble/lib/python3.10/site-packages:/opt/ros/humble/local/lib/python3.10/dist-packages /usr/bin/cmake --install /home/is3l/dev_ws/build/xarm_moveit_servo
