[0.780s] Invoking command in '/home/is3l/dev_ws/build/realsense_gazebo_plugin': CMAKE_PREFIX_PATH=${CMAKE_PREFIX_PATH}:/home/is3l/dev_ws/install/uf_ros_lib:/home/is3l/dev_ws/install/test2:/home/is3l/dev_ws/install/motion_package:/home/is3l/dev_ws/install/img_package:/home/is3l/dev_ws/install/game_package:/home/is3l/dev_ws/install/camera_package:/opt/ros/humble /usr/bin/cmake /home/is3l/dev_ws/src/xarm_ros2/thirdparty/realsense_gazebo_plugin -DAMENT_CMAKE_SYMLINK_INSTALL=1 -DCMAKE_INSTALL_PREFIX=/home/is3l/dev_ws/install/realsense_gazebo_plugin
[0.821s] -- The C compiler identification is GNU 11.4.0
[0.861s] -- The CXX compiler identification is GNU 11.4.0
[0.873s] -- Detecting C compiler ABI info
[0.936s] -- Detecting C compiler ABI info - done
[0.942s] -- Check for working C compiler: /usr/bin/cc - skipped
[0.942s] -- Detecting C compile features
[0.942s] -- Detecting C compile features - done
[0.942s] -- Detecting CXX compiler ABI info
[1.029s] -- Detecting CXX compiler ABI info - done
[1.046s] -- Check for working CXX compiler: /usr/bin/c++ - skipped
[1.046s] -- Detecting CXX compile features
[1.047s] -- Detecting CXX compile features - done
[1.053s] -- Found ament_cmake: 1.3.14 (/opt/ros/humble/share/ament_cmake/cmake)
[1.470s] -- Found Python3: /usr/bin/python3 (found version "3.10.12") found components: Interpreter 
[1.672s] -- Override CMake install command with custom implementation using symlinks instead of copying resources
[1.749s] -- Found rclcpp: 16.0.19 (/opt/ros/humble/share/rclcpp/cmake)
[1.836s] -- Found rosidl_generator_c: 3.1.8 (/opt/ros/humble/share/rosidl_generator_c/cmake)
[1.845s] -- Found rosidl_adapter: 3.1.8 (/opt/ros/humble/share/rosidl_adapter/cmake)
[1.856s] -- Found rosidl_generator_cpp: 3.1.8 (/opt/ros/humble/share/rosidl_generator_cpp/cmake)
[1.888s] -- Using all available rosidl_typesupport_c: rosidl_typesupport_fastrtps_c;rosidl_typesupport_introspection_c
[1.909s] -- Using all available rosidl_typesupport_cpp: rosidl_typesupport_fastrtps_cpp;rosidl_typesupport_introspection_cpp
[1.967s] -- Found rmw_implementation_cmake: 6.1.2 (/opt/ros/humble/share/rmw_implementation_cmake/cmake)
[1.971s] -- Found rmw_fastrtps_cpp: 6.2.10 (/opt/ros/humble/share/rmw_fastrtps_cpp/cmake)
[2.114s] -- Found OpenSSL: /usr/lib/x86_64-linux-gnu/libcrypto.so (found version "3.0.2")  
[2.150s] -- Found FastRTPS: /opt/ros/foxy/include  
[2.215s] -- Using RMW implementation 'rmw_fastrtps_cpp' as default
[2.228s] -- Looking for pthread.h
[2.291s] -- Looking for pthread.h - found
[2.292s] -- Performing Test CMAKE_HAVE_LIBC_PTHREAD
[2.346s] -- Performing Test CMAKE_HAVE_LIBC_PTHREAD - Success
[2.347s] -- Found Threads: TRUE  
[2.382s] -- Found gazebo_ros: 3.9.0 (/opt/ros/humble/share/gazebo_ros/cmake)
[2.391s] -- Found PkgConfig: /usr/bin/pkg-config (found version "0.29.2") 
[2.392s] -- Checking for module 'bullet>=2.82'
[2.405s] --   Found bullet, version 3.05
[2.500s] -- Found fcl: /usr/include (found suitable version "0.7.0", minimum required is "0.5.0") 
[2.545s] -- Found assimp: /usr/include (found version "5.2.0") 
[2.557s] -- Found DART: /usr/include (Required is at least version "6.6") found components: dart 
[2.578s] -- Found Boost: /usr/lib/x86_64-linux-gnu/cmake/Boost-1.74.0/BoostConfig.cmake (found suitable version "1.74.0", minimum required is "1.40.0") found components: thread system filesystem program_options regex iostreams date_time 
[2.589s] -- Found Protobuf: /usr/lib/x86_64-linux-gnu/libprotobuf.so (found version "3.12.4") 
[2.592s] -- Looking for ignition-math6 -- found version 6.15.1
[2.596s] -- Searching for dependencies of ignition-math6
[2.596s] -- Looking for OGRE...
[2.597s] -- OGRE_PREFIX_WATCH changed.
[2.602s] -- Checking for module 'OGRE'
[2.616s] --   Found OGRE, version 1.9.0
[2.653s] -- Found Ogre Ghadamon (1.9.0)
[2.662s] -- Found OGRE: optimized;/usr/lib/x86_64-linux-gnu/libOgreMain.so;debug;/usr/lib/x86_64-linux-gnu/libOgreMain.so
[2.671s] -- Looking for OGRE_Paging...
[2.678s] -- Found OGRE_Paging: optimized;/usr/lib/x86_64-linux-gnu/libOgrePaging.so;debug;/usr/lib/x86_64-linux-gnu/libOgrePaging.so
[2.678s] -- Looking for OGRE_Terrain...
[2.685s] -- Found OGRE_Terrain: optimized;/usr/lib/x86_64-linux-gnu/libOgreTerrain.so;debug;/usr/lib/x86_64-linux-gnu/libOgreTerrain.so
[2.685s] -- Looking for OGRE_Property...
[2.692s] -- Found OGRE_Property: optimized;/usr/lib/x86_64-linux-gnu/libOgreProperty.so;debug;/usr/lib/x86_64-linux-gnu/libOgreProperty.so
[2.692s] -- Looking for OGRE_RTShaderSystem...
[2.698s] -- Found OGRE_RTShaderSystem: optimized;/usr/lib/x86_64-linux-gnu/libOgreRTShaderSystem.so;debug;/usr/lib/x86_64-linux-gnu/libOgreRTShaderSystem.so
[2.698s] -- Looking for OGRE_Volume...
[2.702s] -- Found OGRE_Volume: optimized;/usr/lib/x86_64-linux-gnu/libOgreVolume.so;debug;/usr/lib/x86_64-linux-gnu/libOgreVolume.so
[2.702s] -- Looking for OGRE_Overlay...
[2.706s] -- Found OGRE_Overlay: optimized;/usr/lib/x86_64-linux-gnu/libOgreOverlay.so;debug;/usr/lib/x86_64-linux-gnu/libOgreOverlay.so
[2.791s] -- Looking for ignition-math6 -- found version 6.15.1
[2.793s] -- Looking for ignition-transport8 -- found version 8.2.1
[2.793s] -- Searching for dependencies of ignition-transport8
[2.805s] -- Found Protobuf: /usr/lib/x86_64-linux-gnu/libprotobuf.so (found suitable version "3.12.4", minimum required is "3") 
[2.816s] -- Config-file not installed for ZeroMQ -- checking for pkg-config
[2.822s] -- Checking for module 'libzmq >= 4'
[2.837s] --   Found libzmq , version 4.3.4
[2.873s] -- Found ZeroMQ: TRUE (Required is at least version "4") 
[2.879s] -- Checking for module 'uuid'
[2.892s] --   Found uuid, version 2.37.2
[2.924s] -- Found UUID: TRUE  
[2.927s] -- Looking for ignition-msgs5 -- found version 5.8.1
[2.928s] -- Searching for dependencies of ignition-msgs5
[2.943s] -- Looking for ignition-math6 -- found version 6.15.1
[2.949s] -- Checking for module 'tinyxml2'
[2.960s] --   Found tinyxml2, version 9.0.0
[2.993s] -- Looking for ignition-msgs5 -- found version 5.8.1
[2.996s] -- Looking for ignition-common3 -- found version 3.14.0
[2.996s] -- Searching for dependencies of ignition-common3
[2.996s] -- Looking for dlfcn.h - found
[2.998s] -- Looking for libdl - found
[3.000s] -- Found DL: TRUE  
[3.012s] -- Found tinyobjloader: /usr/lib/x86_64-linux-gnu/cmake/tinyobjloader/tinyobjloader-config.cmake (found version "2.0.0") 
[3.013s] -- Searching for <ignition-common3> component [graphics]
[3.015s] -- Looking for ignition-common3-graphics -- found version 3.14.0
[3.016s] -- Searching for dependencies of ignition-common3-graphics
[3.017s] -- Looking for ignition-math6 -- found version 6.15.1
[3.020s] -- Looking for ignition-fuel_tools4 -- found version 4.4.0
[3.020s] -- Searching for dependencies of ignition-fuel_tools4
[3.103s] -- Found CURL: /usr/lib/x86_64-linux-gnu/libcurl.so (found version "7.81.0")  
[3.110s] -- Checking for module 'jsoncpp'
[3.122s] --   Found jsoncpp, version 1.9.5
[3.153s] -- Found JSONCPP: TRUE  
[3.158s] -- Checking for module 'libzip'
[3.171s] --   Found libzip, version 1.7.3
[3.200s] -- Found ZIP: TRUE  
[3.200s] -- Looking for ignition-common3 -- found version 3.14.0
[3.201s] -- Looking for ignition-math6 -- found version 6.15.1
[3.201s] -- Looking for ignition-msgs5 -- found version 5.8.1
[3.205s] -- Gazebo version: 11.10
[3.205s] -- Checking for module 'tbb'
[3.217s] --   Found tbb, version 2021.5.0
[3.247s] -- Found image_transport: 3.1.12 (/opt/ros/humble/share/image_transport/cmake)
[3.295s] -- Found camera_info_manager: 3.1.12 (/opt/ros/humble/share/camera_info_manager/cmake)
[3.310s] -- Found ament_lint_auto: 0.12.15 (/opt/ros/humble/share/ament_lint_auto/cmake)
[3.357s] -- Configuring done
[3.370s] -- Generating done
[3.373s] -- Build files have been written to: /home/is3l/dev_ws/build/realsense_gazebo_plugin
[3.385s] Invoked command in '/home/is3l/dev_ws/build/realsense_gazebo_plugin' returned '0': CMAKE_PREFIX_PATH=${CMAKE_PREFIX_PATH}:/home/is3l/dev_ws/install/uf_ros_lib:/home/is3l/dev_ws/install/test2:/home/is3l/dev_ws/install/motion_package:/home/is3l/dev_ws/install/img_package:/home/is3l/dev_ws/install/game_package:/home/is3l/dev_ws/install/camera_package:/opt/ros/humble /usr/bin/cmake /home/is3l/dev_ws/src/xarm_ros2/thirdparty/realsense_gazebo_plugin -DAMENT_CMAKE_SYMLINK_INSTALL=1 -DCMAKE_INSTALL_PREFIX=/home/is3l/dev_ws/install/realsense_gazebo_plugin
[3.386s] Invoking command in '/home/is3l/dev_ws/build/realsense_gazebo_plugin': CMAKE_PREFIX_PATH=${CMAKE_PREFIX_PATH}:/home/is3l/dev_ws/install/uf_ros_lib:/home/is3l/dev_ws/install/test2:/home/is3l/dev_ws/install/motion_package:/home/is3l/dev_ws/install/img_package:/home/is3l/dev_ws/install/game_package:/home/is3l/dev_ws/install/camera_package:/opt/ros/humble /usr/bin/cmake --build /home/is3l/dev_ws/build/realsense_gazebo_plugin -- -j22 -l22
[3.437s] [ 33%] [32mBuilding CXX object CMakeFiles/realsense_gazebo_plugin.dir/src/RealSensePlugin.cpp.o[0m
[3.438s] [ 66%] [32mBuilding CXX object CMakeFiles/realsense_gazebo_plugin.dir/src/gazebo_ros_realsense.cpp.o[0m
[21.528s] [100%] [32m[1mLinking CXX shared library librealsense_gazebo_plugin.so[0m
[22.007s] [100%] Built target realsense_gazebo_plugin
[22.019s] Invoked command in '/home/is3l/dev_ws/build/realsense_gazebo_plugin' returned '0': CMAKE_PREFIX_PATH=${CMAKE_PREFIX_PATH}:/home/is3l/dev_ws/install/uf_ros_lib:/home/is3l/dev_ws/install/test2:/home/is3l/dev_ws/install/motion_package:/home/is3l/dev_ws/install/img_package:/home/is3l/dev_ws/install/game_package:/home/is3l/dev_ws/install/camera_package:/opt/ros/humble /usr/bin/cmake --build /home/is3l/dev_ws/build/realsense_gazebo_plugin -- -j22 -l22
[22.020s] Invoking command in '/home/is3l/dev_ws/build/realsense_gazebo_plugin': CMAKE_PREFIX_PATH=${CMAKE_PREFIX_PATH}:/home/is3l/dev_ws/install/uf_ros_lib:/home/is3l/dev_ws/install/test2:/home/is3l/dev_ws/install/motion_package:/home/is3l/dev_ws/install/img_package:/home/is3l/dev_ws/install/game_package:/home/is3l/dev_ws/install/camera_package:/opt/ros/humble /usr/bin/cmake --install /home/is3l/dev_ws/build/realsense_gazebo_plugin
[22.027s] -- Install configuration: ""
[22.027s] -- Execute custom install script
[22.027s] -- Symlinking: /home/is3l/dev_ws/install/realsense_gazebo_plugin/lib/librealsense_gazebo_plugin.so
[22.035s] -- Symlinking: /home/is3l/dev_ws/install/realsense_gazebo_plugin/include//realsense_gazebo_plugin/RealSensePlugin.h
[22.040s] -- Symlinking: /home/is3l/dev_ws/install/realsense_gazebo_plugin/include//realsense_gazebo_plugin/gazebo_ros_realsense.h
[22.047s] -- Symlinking: /home/is3l/dev_ws/install/realsense_gazebo_plugin/share/realsense_gazebo_plugin/environment/library_path.sh
[22.054s] -- Symlinking: /home/is3l/dev_ws/install/realsense_gazebo_plugin/share/realsense_gazebo_plugin/environment/library_path.dsv
[22.060s] -- Symlinking: /home/is3l/dev_ws/install/realsense_gazebo_plugin/share/ament_index/resource_index/package_run_dependencies/realsense_gazebo_plugin
[22.067s] -- Symlinking: /home/is3l/dev_ws/install/realsense_gazebo_plugin/share/ament_index/resource_index/parent_prefix_path/realsense_gazebo_plugin
[22.073s] -- Symlinking: /home/is3l/dev_ws/install/realsense_gazebo_plugin/share/realsense_gazebo_plugin/environment/ament_prefix_path.sh
[22.080s] -- Symlinking: /home/is3l/dev_ws/install/realsense_gazebo_plugin/share/realsense_gazebo_plugin/environment/ament_prefix_path.dsv
[22.087s] -- Symlinking: /home/is3l/dev_ws/install/realsense_gazebo_plugin/share/realsense_gazebo_plugin/environment/path.sh
[22.092s] -- Symlinking: /home/is3l/dev_ws/install/realsense_gazebo_plugin/share/realsense_gazebo_plugin/environment/path.dsv
[22.099s] -- Symlinking: /home/is3l/dev_ws/install/realsense_gazebo_plugin/share/realsense_gazebo_plugin/local_setup.bash
[22.105s] -- Symlinking: /home/is3l/dev_ws/install/realsense_gazebo_plugin/share/realsense_gazebo_plugin/local_setup.sh
[22.112s] -- Symlinking: /home/is3l/dev_ws/install/realsense_gazebo_plugin/share/realsense_gazebo_plugin/local_setup.zsh
[22.119s] -- Symlinking: /home/is3l/dev_ws/install/realsense_gazebo_plugin/share/realsense_gazebo_plugin/local_setup.dsv
[22.125s] -- Symlinking: /home/is3l/dev_ws/install/realsense_gazebo_plugin/share/realsense_gazebo_plugin/package.dsv
[22.130s] -- Symlinking: /home/is3l/dev_ws/install/realsense_gazebo_plugin/share/ament_index/resource_index/packages/realsense_gazebo_plugin
[22.136s] -- Symlinking: /home/is3l/dev_ws/install/realsense_gazebo_plugin/share/realsense_gazebo_plugin/cmake/ament_cmake_export_include_directories-extras.cmake
[22.141s] -- Symlinking: /home/is3l/dev_ws/install/realsense_gazebo_plugin/share/realsense_gazebo_plugin/cmake/ament_cmake_export_libraries-extras.cmake
[22.149s] -- Symlinking: /home/is3l/dev_ws/install/realsense_gazebo_plugin/share/realsense_gazebo_plugin/cmake/realsense_gazebo_pluginConfig.cmake
[22.156s] -- Symlinking: /home/is3l/dev_ws/install/realsense_gazebo_plugin/share/realsense_gazebo_plugin/cmake/realsense_gazebo_pluginConfig-version.cmake
[22.161s] -- Symlinking: /home/is3l/dev_ws/install/realsense_gazebo_plugin/share/realsense_gazebo_plugin/package.xml
[22.170s] Invoked command in '/home/is3l/dev_ws/build/realsense_gazebo_plugin' returned '0': CMAKE_PREFIX_PATH=${CMAKE_PREFIX_PATH}:/home/is3l/dev_ws/install/uf_ros_lib:/home/is3l/dev_ws/install/test2:/home/is3l/dev_ws/install/motion_package:/home/is3l/dev_ws/install/img_package:/home/is3l/dev_ws/install/game_package:/home/is3l/dev_ws/install/camera_package:/opt/ros/humble /usr/bin/cmake --install /home/is3l/dev_ws/build/realsense_gazebo_plugin
