[0.630s] Invoking command in '/home/is3l/dev_ws/build/mbot_demo': CMAKE_PREFIX_PATH=${CMAKE_PREFIX_PATH}:/home/is3l/dev_ws/install/uf_ros_lib:/home/is3l/dev_ws/install/test2:/home/is3l/dev_ws/install/motion_package:/home/is3l/dev_ws/install/img_package:/home/is3l/dev_ws/install/game_package:/home/is3l/dev_ws/install/camera_package:/opt/ros/humble /usr/bin/cmake /home/is3l/dev_ws/src/xarm_ros2/demo/mbot_demo -DAMENT_CMAKE_SYMLINK_INSTALL=1 -DCMAKE_INSTALL_PREFIX=/home/is3l/dev_ws/install/mbot_demo
[0.788s] -- The C compiler identification is GNU 11.4.0
[0.788s] -- The CXX compiler identification is GNU 11.4.0
[0.788s] -- Detecting C compiler ABI info
[0.788s] -- Detecting C compiler ABI info - done
[0.788s] -- Check for working C compiler: /usr/bin/cc - skipped
[0.788s] -- Detecting C compile features
[0.788s] -- Detecting C compile features - done
[0.788s] -- Detecting CXX compiler ABI info
[0.830s] -- Detecting CXX compiler ABI info - done
[0.836s] -- Check for working CXX compiler: /usr/bin/c++ - skipped
[0.836s] -- Detecting CXX compile features
[0.836s] -- Detecting CXX compile features - done
[0.838s] -- Found ament_cmake: 1.3.14 (/opt/ros/humble/share/ament_cmake/cmake)
[0.961s] -- Found Python3: /usr/bin/python3 (found version "3.10.12") found components: Interpreter 
[1.051s] -- Override CMake install command with custom implementation using symlinks instead of copying resources
[1.135s] -- Found ament_lint_auto: 0.12.15 (/opt/ros/humble/share/ament_lint_auto/cmake)
[1.611s] -- Added test 'copyright' to check source files copyright and LICENSE
[1.611s] -- Added test 'flake8' to check Python code syntax and style conventions
[1.611s] -- Added test 'lint_cmake' to check CMake code style
[1.611s] -- Added test 'pep257' to check Python code against some of the docstring style conventions in PEP 257
[1.613s] -- Added test 'xmllint' to check XML markup files
[1.615s] -- Configuring done
[1.619s] -- Generating done
[1.621s] -- Build files have been written to: /home/is3l/dev_ws/build/mbot_demo
[1.635s] Invoked command in '/home/is3l/dev_ws/build/mbot_demo' returned '0': CMAKE_PREFIX_PATH=${CMAKE_PREFIX_PATH}:/home/is3l/dev_ws/install/uf_ros_lib:/home/is3l/dev_ws/install/test2:/home/is3l/dev_ws/install/motion_package:/home/is3l/dev_ws/install/img_package:/home/is3l/dev_ws/install/game_package:/home/is3l/dev_ws/install/camera_package:/opt/ros/humble /usr/bin/cmake /home/is3l/dev_ws/src/xarm_ros2/demo/mbot_demo -DAMENT_CMAKE_SYMLINK_INSTALL=1 -DCMAKE_INSTALL_PREFIX=/home/is3l/dev_ws/install/mbot_demo
[1.636s] Invoking command in '/home/is3l/dev_ws/build/mbot_demo': CMAKE_PREFIX_PATH=${CMAKE_PREFIX_PATH}:/home/is3l/dev_ws/install/uf_ros_lib:/home/is3l/dev_ws/install/test2:/home/is3l/dev_ws/install/motion_package:/home/is3l/dev_ws/install/img_package:/home/is3l/dev_ws/install/game_package:/home/is3l/dev_ws/install/camera_package:/opt/ros/humble /usr/bin/cmake --build /home/is3l/dev_ws/build/mbot_demo -- -j22 -l22
[1.735s] Invoked command in '/home/is3l/dev_ws/build/mbot_demo' returned '0': CMAKE_PREFIX_PATH=${CMAKE_PREFIX_PATH}:/home/is3l/dev_ws/install/uf_ros_lib:/home/is3l/dev_ws/install/test2:/home/is3l/dev_ws/install/motion_package:/home/is3l/dev_ws/install/img_package:/home/is3l/dev_ws/install/game_package:/home/is3l/dev_ws/install/camera_package:/opt/ros/humble /usr/bin/cmake --build /home/is3l/dev_ws/build/mbot_demo -- -j22 -l22
[1.742s] Invoking command in '/home/is3l/dev_ws/build/mbot_demo': CMAKE_PREFIX_PATH=${CMAKE_PREFIX_PATH}:/home/is3l/dev_ws/install/uf_ros_lib:/home/is3l/dev_ws/install/test2:/home/is3l/dev_ws/install/motion_package:/home/is3l/dev_ws/install/img_package:/home/is3l/dev_ws/install/game_package:/home/is3l/dev_ws/install/camera_package:/opt/ros/humble /usr/bin/cmake --install /home/is3l/dev_ws/build/mbot_demo
[1.799s] -- Install configuration: ""
[1.800s] -- Execute custom install script
[1.810s] -- Symlinking: /home/is3l/dev_ws/install/mbot_demo/share/mbot_demo//rviz/moveit.rviz
[1.831s] -- Symlinking: /home/is3l/dev_ws/install/mbot_demo/share/mbot_demo//urdf/mbot.gazebo.xacro
[1.854s] -- Symlinking: /home/is3l/dev_ws/install/mbot_demo/share/mbot_demo//urdf/mbot.ros2_control.xacro
[1.876s] -- Symlinking: /home/is3l/dev_ws/install/mbot_demo/share/mbot_demo//urdf/mbot.transmission.xacro
[1.891s] -- Symlinking: /home/is3l/dev_ws/install/mbot_demo/share/mbot_demo//urdf/mbot.urdf.xacro
[1.905s] -- Symlinking: /home/is3l/dev_ws/install/mbot_demo/share/mbot_demo//urdf/mbot_macro.xacro
[1.923s] -- Symlinking: /home/is3l/dev_ws/install/mbot_demo/share/mbot_demo//urdf/mbot_with_xarm.urdf.xacro
[1.939s] -- Symlinking: /home/is3l/dev_ws/install/mbot_demo/share/mbot_demo//srdf/mbot_macro.srdf.xacro
[1.954s] -- Symlinking: /home/is3l/dev_ws/install/mbot_demo/share/mbot_demo//srdf/mbot_with_xarm.srdf.xacro
[1.995s] -- Symlinking: /home/is3l/dev_ws/install/mbot_demo/share/mbot_demo//config/controllers.yaml
[2.040s] -- Symlinking: /home/is3l/dev_ws/install/mbot_demo/share/mbot_demo//config/joint_limits.yaml
[2.051s] -- Symlinking: /home/is3l/dev_ws/install/mbot_demo/share/mbot_demo//config/kinematics.yaml
[2.074s] -- Symlinking: /home/is3l/dev_ws/install/mbot_demo/share/mbot_demo//config/ompl_planning.yaml
[2.082s] -- Symlinking: /home/is3l/dev_ws/install/mbot_demo/share/mbot_demo//config/ros2_controllers.yaml
[2.090s] -- Symlinking: /home/is3l/dev_ws/install/mbot_demo/share/mbot_demo//worlds/empty.world
[2.099s] -- Symlinking: /home/is3l/dev_ws/install/mbot_demo/share/mbot_demo//launch/_robot_on_mbot_gazebo.launch.py
[2.108s] -- Symlinking: /home/is3l/dev_ws/install/mbot_demo/share/mbot_demo//launch/mbot_moveit_fake.launch.py
[2.115s] -- Symlinking: /home/is3l/dev_ws/install/mbot_demo/share/mbot_demo//launch/mbot_moveit_gazebo.launch.py
[2.124s] -- Symlinking: /home/is3l/dev_ws/install/mbot_demo/share/mbot_demo//launch/mbot_moveit_realmove.launch.py
[2.132s] -- Symlinking: /home/is3l/dev_ws/install/mbot_demo/share/ament_index/resource_index/package_run_dependencies/mbot_demo
[2.140s] -- Symlinking: /home/is3l/dev_ws/install/mbot_demo/share/ament_index/resource_index/parent_prefix_path/mbot_demo
[2.148s] -- Symlinking: /home/is3l/dev_ws/install/mbot_demo/share/mbot_demo/environment/ament_prefix_path.sh
[2.157s] -- Symlinking: /home/is3l/dev_ws/install/mbot_demo/share/mbot_demo/environment/ament_prefix_path.dsv
[2.165s] -- Symlinking: /home/is3l/dev_ws/install/mbot_demo/share/mbot_demo/environment/path.sh
[2.171s] -- Symlinking: /home/is3l/dev_ws/install/mbot_demo/share/mbot_demo/environment/path.dsv
[2.178s] -- Symlinking: /home/is3l/dev_ws/install/mbot_demo/share/mbot_demo/local_setup.bash
[2.184s] -- Symlinking: /home/is3l/dev_ws/install/mbot_demo/share/mbot_demo/local_setup.sh
[2.191s] -- Symlinking: /home/is3l/dev_ws/install/mbot_demo/share/mbot_demo/local_setup.zsh
[2.209s] -- Symlinking: /home/is3l/dev_ws/install/mbot_demo/share/mbot_demo/local_setup.dsv
[2.217s] -- Symlinking: /home/is3l/dev_ws/install/mbot_demo/share/mbot_demo/package.dsv
[2.228s] -- Symlinking: /home/is3l/dev_ws/install/mbot_demo/share/ament_index/resource_index/packages/mbot_demo
[2.236s] -- Symlinking: /home/is3l/dev_ws/install/mbot_demo/share/mbot_demo/cmake/mbot_demoConfig.cmake
[2.243s] -- Symlinking: /home/is3l/dev_ws/install/mbot_demo/share/mbot_demo/cmake/mbot_demoConfig-version.cmake
[2.254s] -- Symlinking: /home/is3l/dev_ws/install/mbot_demo/share/mbot_demo/package.xml
[2.267s] Invoked command in '/home/is3l/dev_ws/build/mbot_demo' returned '0': CMAKE_PREFIX_PATH=${CMAKE_PREFIX_PATH}:/home/is3l/dev_ws/install/uf_ros_lib:/home/is3l/dev_ws/install/test2:/home/is3l/dev_ws/install/motion_package:/home/is3l/dev_ws/install/img_package:/home/is3l/dev_ws/install/game_package:/home/is3l/dev_ws/install/camera_package:/opt/ros/humble /usr/bin/cmake --install /home/is3l/dev_ws/build/mbot_demo
