running develop
running egg_info
creating motion_package.egg-info
writing motion_package.egg-info/PKG-INFO
writing dependency_links to motion_package.egg-info/dependency_links.txt
writing entry points to motion_package.egg-info/entry_points.txt
writing requirements to motion_package.egg-info/requires.txt
writing top-level names to motion_package.egg-info/top_level.txt
writing manifest file 'motion_package.egg-info/SOURCES.txt'
reading manifest file 'motion_package.egg-info/SOURCES.txt'
writing manifest file 'motion_package.egg-info/SOURCES.txt'
running build_ext
Creating /home/is3l/dev_ws/install/motion_package/lib/python3.10/site-packages/motion-package.egg-link (link to .)
Installing grid_planner_node script to /home/is3l/dev_ws/install/motion_package/lib/motion_package

Installed /home/is3l/dev_ws/build/motion_package
running symlink_data
creating /home/is3l/dev_ws/install/motion_package/share/ament_index
creating /home/is3l/dev_ws/install/motion_package/share/ament_index/resource_index
creating /home/is3l/dev_ws/install/motion_package/share/ament_index/resource_index/packages
symbolically linking /home/is3l/dev_ws/build/motion_package/resource/motion_package -> /home/is3l/dev_ws/install/motion_package/share/ament_index/resource_index/packages
symbolically linking /home/is3l/dev_ws/build/motion_package/package.xml -> /home/is3l/dev_ws/install/motion_package/share/motion_package
